[0.132s] Invoking command in '/home/lhy/ws01_plumbing/build/cpp03_action': CMAKE_PREFIX_PATH=/home/lhy/ws01_plumbing/install/base_interfaces_demo:/home/lhy/ws01_plumbing/install/cpp02_service:/home/lhy/ws01_plumbing/install/cpp01_topic:/home/lhy/ws01_plumbing/install/py02_service:/home/lhy/ws01_plumbing/install/py01_topic:/opt/ros/humble /usr/bin/cmake --build /home/lhy/ws01_plumbing/build/cpp03_action -- -j8 -l8
[0.257s] [35m[1mConsolidate compiler generated dependencies of target demo02_action_client[0m
[0.297s] [ 50%] Built target demo01_action_server
[0.334s] [ 75%] [32mBuilding CXX object CMakeFiles/demo02_action_client.dir/src/demo02_action_client.cpp.o[0m
[7.332s] [01m[K/home/lhy/ws01_plumbing/src/cpp03_action/src/demo02_action_client.cpp:[m[K In member function ‘[01m[Kvoid ProgressActionClient::result_callback(const rclcpp_action::ClientGoalHandle<base_interfaces_demo::action::Progress>::WrappedResult&)[m[K’:
[7.332s] [01m[K/home/lhy/ws01_plumbing/src/cpp03_action/src/demo02_action_client.cpp:111:95:[m[K [01;35m[Kwarning: [m[Kunused parameter ‘[01m[Kresult[m[K’ [[01;35m[K]8;;https://gcc.gnu.org/onlinedocs/gcc/Warning-Options.html#index-Wunused-parameter-Wunused-parameter]8;;[m[K]
[7.332s]   111 |         void result_callback([01;35m[Kconst rclcpp_action::ClientGoalHandle<Progress>::WrappedResult & result[m[K){}
[7.332s]       |                              [01;35m[K~~~~~~~~~~~~~~~~~~~~~~~~~~~~~~~~~~~~~~~~~~~~~~~~~~~~~~~~~~~~~~~~~^~~~~~[m[K
[9.679s] [100%] [32m[1mLinking CXX executable demo02_action_client[0m
[10.083s] [100%] Built target demo02_action_client
[10.114s] Invoked command in '/home/lhy/ws01_plumbing/build/cpp03_action' returned '0': CMAKE_PREFIX_PATH=/home/lhy/ws01_plumbing/install/base_interfaces_demo:/home/lhy/ws01_plumbing/install/cpp02_service:/home/lhy/ws01_plumbing/install/cpp01_topic:/home/lhy/ws01_plumbing/install/py02_service:/home/lhy/ws01_plumbing/install/py01_topic:/opt/ros/humble /usr/bin/cmake --build /home/lhy/ws01_plumbing/build/cpp03_action -- -j8 -l8
[10.211s] Invoking command in '/home/lhy/ws01_plumbing/build/cpp03_action': CMAKE_PREFIX_PATH=/home/lhy/ws01_plumbing/install/base_interfaces_demo:/home/lhy/ws01_plumbing/install/cpp02_service:/home/lhy/ws01_plumbing/install/cpp01_topic:/home/lhy/ws01_plumbing/install/py02_service:/home/lhy/ws01_plumbing/install/py01_topic:/opt/ros/humble /usr/bin/cmake --install /home/lhy/ws01_plumbing/build/cpp03_action
[10.230s] -- Install configuration: ""
[10.230s] -- Up-to-date: /home/lhy/ws01_plumbing/install/cpp03_action/lib/cpp03_action/demo01_action_server
[10.231s] -- Installing: /home/lhy/ws01_plumbing/install/cpp03_action/lib/cpp03_action/demo02_action_client
[10.234s] -- Set runtime path of "/home/lhy/ws01_plumbing/install/cpp03_action/lib/cpp03_action/demo02_action_client" to ""
[10.234s] -- Up-to-date: /home/lhy/ws01_plumbing/install/cpp03_action/share/ament_index/resource_index/package_run_dependencies/cpp03_action
[10.234s] -- Up-to-date: /home/lhy/ws01_plumbing/install/cpp03_action/share/ament_index/resource_index/parent_prefix_path/cpp03_action
[10.234s] -- Up-to-date: /home/lhy/ws01_plumbing/install/cpp03_action/share/cpp03_action/environment/ament_prefix_path.sh
[10.235s] -- Up-to-date: /home/lhy/ws01_plumbing/install/cpp03_action/share/cpp03_action/environment/ament_prefix_path.dsv
[10.235s] -- Up-to-date: /home/lhy/ws01_plumbing/install/cpp03_action/share/cpp03_action/environment/path.sh
[10.235s] -- Up-to-date: /home/lhy/ws01_plumbing/install/cpp03_action/share/cpp03_action/environment/path.dsv
[10.235s] -- Up-to-date: /home/lhy/ws01_plumbing/install/cpp03_action/share/cpp03_action/local_setup.bash
[10.235s] -- Up-to-date: /home/lhy/ws01_plumbing/install/cpp03_action/share/cpp03_action/local_setup.sh
[10.235s] -- Up-to-date: /home/lhy/ws01_plumbing/install/cpp03_action/share/cpp03_action/local_setup.zsh
[10.236s] -- Up-to-date: /home/lhy/ws01_plumbing/install/cpp03_action/share/cpp03_action/local_setup.dsv
[10.236s] -- Installing: /home/lhy/ws01_plumbing/install/cpp03_action/share/cpp03_action/package.dsv
[10.236s] -- Up-to-date: /home/lhy/ws01_plumbing/install/cpp03_action/share/ament_index/resource_index/packages/cpp03_action
[10.236s] -- Up-to-date: /home/lhy/ws01_plumbing/install/cpp03_action/share/cpp03_action/cmake/cpp03_actionConfig.cmake
[10.236s] -- Up-to-date: /home/lhy/ws01_plumbing/install/cpp03_action/share/cpp03_action/cmake/cpp03_actionConfig-version.cmake
[10.236s] -- Up-to-date: /home/lhy/ws01_plumbing/install/cpp03_action/share/cpp03_action/package.xml
[10.238s] Invoked command in '/home/lhy/ws01_plumbing/build/cpp03_action' returned '0': CMAKE_PREFIX_PATH=/home/lhy/ws01_plumbing/install/base_interfaces_demo:/home/lhy/ws01_plumbing/install/cpp02_service:/home/lhy/ws01_plumbing/install/cpp01_topic:/home/lhy/ws01_plumbing/install/py02_service:/home/lhy/ws01_plumbing/install/py01_topic:/opt/ros/humble /usr/bin/cmake --install /home/lhy/ws01_plumbing/build/cpp03_action
