[0.068s] Invoking command in '/home/lhy/ws01_plumbing/build/cpp02_service': CMAKE_PREFIX_PATH=/home/lhy/ws01_plumbing/install/base_interfaces_demo:/home/lhy/ws01_plumbing/install/cpp02_service:/home/lhy/ws01_plumbing/install/cpp01_topic:/home/lhy/ws01_plumbing/install/py01_topic:/opt/ros/humble /usr/bin/cmake --build /home/lhy/ws01_plumbing/build/cpp02_service -- -j8 -l8
[0.105s] [35m[1mConsolidate compiler generated dependencies of target demo02_client[0m
[0.117s] [ 50%] Built target demo01_server
[0.122s] [ 75%] [32mBuilding CXX object CMakeFiles/demo02_client.dir/src/demo02_client.cpp.o[0m
[4.177s] [100%] [32m[1mLinking CXX executable demo02_client[0m
[4.350s] [100%] Built target demo02_client
[4.365s] Invoked command in '/home/lhy/ws01_plumbing/build/cpp02_service' returned '0': CMAKE_PREFIX_PATH=/home/lhy/ws01_plumbing/install/base_interfaces_demo:/home/lhy/ws01_plumbing/install/cpp02_service:/home/lhy/ws01_plumbing/install/cpp01_topic:/home/lhy/ws01_plumbing/install/py01_topic:/opt/ros/humble /usr/bin/cmake --build /home/lhy/ws01_plumbing/build/cpp02_service -- -j8 -l8
[4.406s] Invoking command in '/home/lhy/ws01_plumbing/build/cpp02_service': CMAKE_PREFIX_PATH=/home/lhy/ws01_plumbing/install/base_interfaces_demo:/home/lhy/ws01_plumbing/install/cpp02_service:/home/lhy/ws01_plumbing/install/cpp01_topic:/home/lhy/ws01_plumbing/install/py01_topic:/opt/ros/humble /usr/bin/cmake --install /home/lhy/ws01_plumbing/build/cpp02_service
[4.413s] -- Install configuration: ""
[4.414s] -- Up-to-date: /home/lhy/ws01_plumbing/install/cpp02_service/lib/cpp02_service/demo01_server
[4.414s] -- Installing: /home/lhy/ws01_plumbing/install/cpp02_service/lib/cpp02_service/demo02_client
[4.415s] -- Set runtime path of "/home/lhy/ws01_plumbing/install/cpp02_service/lib/cpp02_service/demo02_client" to ""
[4.415s] -- Up-to-date: /home/lhy/ws01_plumbing/install/cpp02_service/share/ament_index/resource_index/package_run_dependencies/cpp02_service
[4.415s] -- Up-to-date: /home/lhy/ws01_plumbing/install/cpp02_service/share/ament_index/resource_index/parent_prefix_path/cpp02_service
[4.415s] -- Up-to-date: /home/lhy/ws01_plumbing/install/cpp02_service/share/cpp02_service/environment/ament_prefix_path.sh
[4.415s] -- Up-to-date: /home/lhy/ws01_plumbing/install/cpp02_service/share/cpp02_service/environment/ament_prefix_path.dsv
[4.416s] -- Up-to-date: /home/lhy/ws01_plumbing/install/cpp02_service/share/cpp02_service/environment/path.sh
[4.416s] -- Up-to-date: /home/lhy/ws01_plumbing/install/cpp02_service/share/cpp02_service/environment/path.dsv
[4.416s] -- Up-to-date: /home/lhy/ws01_plumbing/install/cpp02_service/share/cpp02_service/local_setup.bash
[4.416s] -- Up-to-date: /home/lhy/ws01_plumbing/install/cpp02_service/share/cpp02_service/local_setup.sh
[4.416s] -- Up-to-date: /home/lhy/ws01_plumbing/install/cpp02_service/share/cpp02_service/local_setup.zsh
[4.416s] -- Up-to-date: /home/lhy/ws01_plumbing/install/cpp02_service/share/cpp02_service/local_setup.dsv
[4.416s] -- Installing: /home/lhy/ws01_plumbing/install/cpp02_service/share/cpp02_service/package.dsv
[4.416s] -- Up-to-date: /home/lhy/ws01_plumbing/install/cpp02_service/share/ament_index/resource_index/packages/cpp02_service
[4.416s] -- Up-to-date: /home/lhy/ws01_plumbing/install/cpp02_service/share/cpp02_service/cmake/cpp02_serviceConfig.cmake
[4.416s] -- Up-to-date: /home/lhy/ws01_plumbing/install/cpp02_service/share/cpp02_service/cmake/cpp02_serviceConfig-version.cmake
[4.416s] -- Up-to-date: /home/lhy/ws01_plumbing/install/cpp02_service/share/cpp02_service/package.xml
[4.418s] Invoked command in '/home/lhy/ws01_plumbing/build/cpp02_service' returned '0': CMAKE_PREFIX_PATH=/home/lhy/ws01_plumbing/install/base_interfaces_demo:/home/lhy/ws01_plumbing/install/cpp02_service:/home/lhy/ws01_plumbing/install/cpp01_topic:/home/lhy/ws01_plumbing/install/py01_topic:/opt/ros/humble /usr/bin/cmake --install /home/lhy/ws01_plumbing/build/cpp02_service
