[1.291s] DEBUG:colcon:Command line arguments: ['/usr/bin/colcon', 'build', '--packages-select', 'cpp03_action']
[1.291s] DEBUG:colcon:Parsed command line arguments: Namespace(log_base=None, log_level=None, verb_name='build', build_base='build', install_base='install', merge_install=False, symlink_install=False, test_result_base=None, continue_on_error=False, executor='parallel', parallel_workers=8, event_handlers=None, ignore_user_meta=False, metas=['./colcon.meta'], base_paths=['.'], packages_ignore=None, packages_ignore_regex=None, paths=None, packages_up_to=None, packages_up_to_regex=None, packages_above=None, packages_above_and_dependencies=None, packages_above_depth=None, packages_select_by_dep=None, packages_skip_by_dep=None, packages_skip_up_to=None, packages_select_build_failed=False, packages_skip_build_finished=False, packages_select_test_failures=False, packages_skip_test_passed=False, packages_select=['cpp03_action'], packages_skip=None, packages_select_regex=None, packages_skip_regex=None, packages_start=None, packages_end=None, allow_overriding=[], cmake_args=None, cmake_target=None, cmake_target_skip_unavailable=False, cmake_clean_cache=False, cmake_clean_first=False, cmake_force_configure=False, ament_cmake_args=None, catkin_cmake_args=None, catkin_skip_building_tests=False, verb_parser=<colcon_defaults.argument_parser.defaults.DefaultArgumentsDecorator object at 0x7fb1f9a99240>, verb_extension=<colcon_core.verb.build.BuildVerb object at 0x7fb1f9aa95d0>, main=<bound method BuildVerb.main of <colcon_core.verb.build.BuildVerb object at 0x7fb1f9aa95d0>>)
[1.359s] Level 1:colcon.colcon_core.package_discovery:discover_packages(colcon_meta) check parameters
[1.359s] Level 1:colcon.colcon_core.package_discovery:discover_packages(recursive) check parameters
[1.360s] Level 1:colcon.colcon_core.package_discovery:discover_packages(ignore) check parameters
[1.360s] Level 1:colcon.colcon_core.package_discovery:discover_packages(path) check parameters
[1.360s] Level 1:colcon.colcon_core.package_discovery:discover_packages(colcon_meta) discover
[1.360s] Level 1:colcon.colcon_core.package_discovery:discover_packages(recursive) discover
[1.360s] INFO:colcon.colcon_core.package_discovery:Crawling recursively for packages in '/home/lhy/ws01_plumbing'
[1.360s] Level 1:colcon.colcon_core.package_identification:_identify(.) by extensions ['ignore', 'ignore_ament_install']
[1.360s] Level 1:colcon.colcon_core.package_identification:_identify(.) by extension 'ignore'
[1.360s] Level 1:colcon.colcon_core.package_identification:_identify(.) by extension 'ignore_ament_install'
[1.360s] Level 1:colcon.colcon_core.package_identification:_identify(.) by extensions ['colcon_pkg']
[1.360s] Level 1:colcon.colcon_core.package_identification:_identify(.) by extension 'colcon_pkg'
[1.360s] Level 1:colcon.colcon_core.package_identification:_identify(.) by extensions ['colcon_meta']
[1.360s] Level 1:colcon.colcon_core.package_identification:_identify(.) by extension 'colcon_meta'
[1.360s] Level 1:colcon.colcon_core.package_identification:_identify(.) by extensions ['ros']
[1.360s] Level 1:colcon.colcon_core.package_identification:_identify(.) by extension 'ros'
[1.374s] Level 1:colcon.colcon_core.package_identification:_identify(.) by extensions ['cmake', 'python']
[1.374s] Level 1:colcon.colcon_core.package_identification:_identify(.) by extension 'cmake'
[1.374s] Level 1:colcon.colcon_core.package_identification:_identify(.) by extension 'python'
[1.374s] Level 1:colcon.colcon_core.package_identification:_identify(.) by extensions ['python_setup_py']
[1.374s] Level 1:colcon.colcon_core.package_identification:_identify(.) by extension 'python_setup_py'
[1.375s] Level 1:colcon.colcon_core.package_identification:_identify(build) by extensions ['ignore', 'ignore_ament_install']
[1.375s] Level 1:colcon.colcon_core.package_identification:_identify(build) by extension 'ignore'
[1.375s] Level 1:colcon.colcon_core.package_identification:_identify(build) ignored
[1.375s] Level 1:colcon.colcon_core.package_identification:_identify(install) by extensions ['ignore', 'ignore_ament_install']
[1.375s] Level 1:colcon.colcon_core.package_identification:_identify(install) by extension 'ignore'
[1.375s] Level 1:colcon.colcon_core.package_identification:_identify(install) ignored
[1.375s] Level 1:colcon.colcon_core.package_identification:_identify(log) by extensions ['ignore', 'ignore_ament_install']
[1.375s] Level 1:colcon.colcon_core.package_identification:_identify(log) by extension 'ignore'
[1.375s] Level 1:colcon.colcon_core.package_identification:_identify(log) ignored
[1.375s] Level 1:colcon.colcon_core.package_identification:_identify(src) by extensions ['ignore', 'ignore_ament_install']
[1.375s] Level 1:colcon.colcon_core.package_identification:_identify(src) by extension 'ignore'
[1.376s] Level 1:colcon.colcon_core.package_identification:_identify(src) by extension 'ignore_ament_install'
[1.376s] Level 1:colcon.colcon_core.package_identification:_identify(src) by extensions ['colcon_pkg']
[1.376s] Level 1:colcon.colcon_core.package_identification:_identify(src) by extension 'colcon_pkg'
[1.376s] Level 1:colcon.colcon_core.package_identification:_identify(src) by extensions ['colcon_meta']
[1.376s] Level 1:colcon.colcon_core.package_identification:_identify(src) by extension 'colcon_meta'
[1.376s] Level 1:colcon.colcon_core.package_identification:_identify(src) by extensions ['ros']
[1.376s] Level 1:colcon.colcon_core.package_identification:_identify(src) by extension 'ros'
[1.376s] Level 1:colcon.colcon_core.package_identification:_identify(src) by extensions ['cmake', 'python']
[1.376s] Level 1:colcon.colcon_core.package_identification:_identify(src) by extension 'cmake'
[1.376s] Level 1:colcon.colcon_core.package_identification:_identify(src) by extension 'python'
[1.376s] Level 1:colcon.colcon_core.package_identification:_identify(src) by extensions ['python_setup_py']
[1.376s] Level 1:colcon.colcon_core.package_identification:_identify(src) by extension 'python_setup_py'
[1.376s] Level 1:colcon.colcon_core.package_identification:_identify(src/base_interfaces_demo) by extensions ['ignore', 'ignore_ament_install']
[1.376s] Level 1:colcon.colcon_core.package_identification:_identify(src/base_interfaces_demo) by extension 'ignore'
[1.376s] Level 1:colcon.colcon_core.package_identification:_identify(src/base_interfaces_demo) by extension 'ignore_ament_install'
[1.376s] Level 1:colcon.colcon_core.package_identification:_identify(src/base_interfaces_demo) by extensions ['colcon_pkg']
[1.377s] Level 1:colcon.colcon_core.package_identification:_identify(src/base_interfaces_demo) by extension 'colcon_pkg'
[1.377s] Level 1:colcon.colcon_core.package_identification:_identify(src/base_interfaces_demo) by extensions ['colcon_meta']
[1.377s] Level 1:colcon.colcon_core.package_identification:_identify(src/base_interfaces_demo) by extension 'colcon_meta'
[1.377s] Level 1:colcon.colcon_core.package_identification:_identify(src/base_interfaces_demo) by extensions ['ros']
[1.377s] Level 1:colcon.colcon_core.package_identification:_identify(src/base_interfaces_demo) by extension 'ros'
[1.381s] DEBUG:colcon.colcon_core.package_identification:Package 'src/base_interfaces_demo' with type 'ros.ament_cmake' and name 'base_interfaces_demo'
[1.381s] Level 1:colcon.colcon_core.package_identification:_identify(src/cpp01_topic) by extensions ['ignore', 'ignore_ament_install']
[1.381s] Level 1:colcon.colcon_core.package_identification:_identify(src/cpp01_topic) by extension 'ignore'
[1.381s] Level 1:colcon.colcon_core.package_identification:_identify(src/cpp01_topic) by extension 'ignore_ament_install'
[1.381s] Level 1:colcon.colcon_core.package_identification:_identify(src/cpp01_topic) by extensions ['colcon_pkg']
[1.381s] Level 1:colcon.colcon_core.package_identification:_identify(src/cpp01_topic) by extension 'colcon_pkg'
[1.381s] Level 1:colcon.colcon_core.package_identification:_identify(src/cpp01_topic) by extensions ['colcon_meta']
[1.381s] Level 1:colcon.colcon_core.package_identification:_identify(src/cpp01_topic) by extension 'colcon_meta'
[1.381s] Level 1:colcon.colcon_core.package_identification:_identify(src/cpp01_topic) by extensions ['ros']
[1.382s] Level 1:colcon.colcon_core.package_identification:_identify(src/cpp01_topic) by extension 'ros'
[1.383s] DEBUG:colcon.colcon_core.package_identification:Package 'src/cpp01_topic' with type 'ros.ament_cmake' and name 'cpp01_topic'
[1.383s] Level 1:colcon.colcon_core.package_identification:_identify(src/cpp02_service) by extensions ['ignore', 'ignore_ament_install']
[1.383s] Level 1:colcon.colcon_core.package_identification:_identify(src/cpp02_service) by extension 'ignore'
[1.383s] Level 1:colcon.colcon_core.package_identification:_identify(src/cpp02_service) by extension 'ignore_ament_install'
[1.383s] Level 1:colcon.colcon_core.package_identification:_identify(src/cpp02_service) by extensions ['colcon_pkg']
[1.383s] Level 1:colcon.colcon_core.package_identification:_identify(src/cpp02_service) by extension 'colcon_pkg'
[1.383s] Level 1:colcon.colcon_core.package_identification:_identify(src/cpp02_service) by extensions ['colcon_meta']
[1.383s] Level 1:colcon.colcon_core.package_identification:_identify(src/cpp02_service) by extension 'colcon_meta'
[1.383s] Level 1:colcon.colcon_core.package_identification:_identify(src/cpp02_service) by extensions ['ros']
[1.383s] Level 1:colcon.colcon_core.package_identification:_identify(src/cpp02_service) by extension 'ros'
[1.384s] DEBUG:colcon.colcon_core.package_identification:Package 'src/cpp02_service' with type 'ros.ament_cmake' and name 'cpp02_service'
[1.384s] Level 1:colcon.colcon_core.package_identification:_identify(src/cpp03_action) by extensions ['ignore', 'ignore_ament_install']
[1.384s] Level 1:colcon.colcon_core.package_identification:_identify(src/cpp03_action) by extension 'ignore'
[1.385s] Level 1:colcon.colcon_core.package_identification:_identify(src/cpp03_action) by extension 'ignore_ament_install'
[1.385s] Level 1:colcon.colcon_core.package_identification:_identify(src/cpp03_action) by extensions ['colcon_pkg']
[1.385s] Level 1:colcon.colcon_core.package_identification:_identify(src/cpp03_action) by extension 'colcon_pkg'
[1.385s] Level 1:colcon.colcon_core.package_identification:_identify(src/cpp03_action) by extensions ['colcon_meta']
[1.385s] Level 1:colcon.colcon_core.package_identification:_identify(src/cpp03_action) by extension 'colcon_meta'
[1.385s] Level 1:colcon.colcon_core.package_identification:_identify(src/cpp03_action) by extensions ['ros']
[1.385s] Level 1:colcon.colcon_core.package_identification:_identify(src/cpp03_action) by extension 'ros'
[1.386s] DEBUG:colcon.colcon_core.package_identification:Package 'src/cpp03_action' with type 'ros.ament_cmake' and name 'cpp03_action'
[1.386s] Level 1:colcon.colcon_core.package_identification:_identify(src/py01_topic) by extensions ['ignore', 'ignore_ament_install']
[1.386s] Level 1:colcon.colcon_core.package_identification:_identify(src/py01_topic) by extension 'ignore'
[1.387s] Level 1:colcon.colcon_core.package_identification:_identify(src/py01_topic) by extension 'ignore_ament_install'
[1.387s] Level 1:colcon.colcon_core.package_identification:_identify(src/py01_topic) by extensions ['colcon_pkg']
[1.387s] Level 1:colcon.colcon_core.package_identification:_identify(src/py01_topic) by extension 'colcon_pkg'
[1.387s] Level 1:colcon.colcon_core.package_identification:_identify(src/py01_topic) by extensions ['colcon_meta']
[1.387s] Level 1:colcon.colcon_core.package_identification:_identify(src/py01_topic) by extension 'colcon_meta'
[1.387s] Level 1:colcon.colcon_core.package_identification:_identify(src/py01_topic) by extensions ['ros']
[1.387s] Level 1:colcon.colcon_core.package_identification:_identify(src/py01_topic) by extension 'ros'
[1.388s] DEBUG:colcon.colcon_core.package_identification:Package 'src/py01_topic' with type 'ros.ament_python' and name 'py01_topic'
[1.388s] Level 1:colcon.colcon_core.package_identification:_identify(src/py02_service) by extensions ['ignore', 'ignore_ament_install']
[1.388s] Level 1:colcon.colcon_core.package_identification:_identify(src/py02_service) by extension 'ignore'
[1.388s] Level 1:colcon.colcon_core.package_identification:_identify(src/py02_service) by extension 'ignore_ament_install'
[1.388s] Level 1:colcon.colcon_core.package_identification:_identify(src/py02_service) by extensions ['colcon_pkg']
[1.388s] Level 1:colcon.colcon_core.package_identification:_identify(src/py02_service) by extension 'colcon_pkg'
[1.388s] Level 1:colcon.colcon_core.package_identification:_identify(src/py02_service) by extensions ['colcon_meta']
[1.388s] Level 1:colcon.colcon_core.package_identification:_identify(src/py02_service) by extension 'colcon_meta'
[1.388s] Level 1:colcon.colcon_core.package_identification:_identify(src/py02_service) by extensions ['ros']
[1.388s] Level 1:colcon.colcon_core.package_identification:_identify(src/py02_service) by extension 'ros'
[1.389s] DEBUG:colcon.colcon_core.package_identification:Package 'src/py02_service' with type 'ros.ament_python' and name 'py02_service'
[1.390s] Level 1:colcon.colcon_core.package_identification:_identify(src/py03_action) by extensions ['ignore', 'ignore_ament_install']
[1.390s] Level 1:colcon.colcon_core.package_identification:_identify(src/py03_action) by extension 'ignore'
[1.390s] Level 1:colcon.colcon_core.package_identification:_identify(src/py03_action) by extension 'ignore_ament_install'
[1.390s] Level 1:colcon.colcon_core.package_identification:_identify(src/py03_action) by extensions ['colcon_pkg']
[1.390s] Level 1:colcon.colcon_core.package_identification:_identify(src/py03_action) by extension 'colcon_pkg'
[1.390s] Level 1:colcon.colcon_core.package_identification:_identify(src/py03_action) by extensions ['colcon_meta']
[1.390s] Level 1:colcon.colcon_core.package_identification:_identify(src/py03_action) by extension 'colcon_meta'
[1.390s] Level 1:colcon.colcon_core.package_identification:_identify(src/py03_action) by extensions ['ros']
[1.390s] Level 1:colcon.colcon_core.package_identification:_identify(src/py03_action) by extension 'ros'
[1.391s] DEBUG:colcon.colcon_core.package_identification:Package 'src/py03_action' with type 'ros.ament_python' and name 'py03_action'
[1.391s] Level 1:colcon.colcon_core.package_discovery:discover_packages(recursive) using defaults
[1.391s] Level 1:colcon.colcon_core.package_discovery:discover_packages(ignore) discover
[1.391s] Level 1:colcon.colcon_core.package_discovery:discover_packages(ignore) using defaults
[1.391s] Level 1:colcon.colcon_core.package_discovery:discover_packages(path) discover
[1.391s] Level 1:colcon.colcon_core.package_discovery:discover_packages(path) using defaults
[1.491s] INFO:colcon.colcon_core.package_selection:Skipping not selected package 'base_interfaces_demo' in 'src/base_interfaces_demo'
[1.491s] INFO:colcon.colcon_core.package_selection:Skipping not selected package 'cpp01_topic' in 'src/cpp01_topic'
[1.491s] INFO:colcon.colcon_core.package_selection:Skipping not selected package 'cpp02_service' in 'src/cpp02_service'
[1.491s] INFO:colcon.colcon_core.package_selection:Skipping not selected package 'py01_topic' in 'src/py01_topic'
[1.491s] INFO:colcon.colcon_core.package_selection:Skipping not selected package 'py02_service' in 'src/py02_service'
[1.491s] INFO:colcon.colcon_core.package_selection:Skipping not selected package 'py03_action' in 'src/py03_action'
[1.530s] Level 1:colcon.colcon_core.package_discovery:discover_packages(prefix_path) check parameters
[1.530s] Level 1:colcon.colcon_core.package_discovery:discover_packages(prefix_path) discover
[1.569s] DEBUG:colcon.colcon_installed_package_information.package_discovery:Found 6 installed packages in /home/lhy/ws01_plumbing/install
[1.591s] DEBUG:colcon.colcon_installed_package_information.package_discovery:Found 274 installed packages in /opt/ros/humble
[1.592s] Level 1:colcon.colcon_core.package_discovery:discover_packages(prefix_path) using defaults
[1.801s] Level 5:colcon.colcon_core.verb:set package 'cpp03_action' build argument 'cmake_args' from command line to 'None'
[1.802s] Level 5:colcon.colcon_core.verb:set package 'cpp03_action' build argument 'cmake_target' from command line to 'None'
[1.802s] Level 5:colcon.colcon_core.verb:set package 'cpp03_action' build argument 'cmake_target_skip_unavailable' from command line to 'False'
[1.802s] Level 5:colcon.colcon_core.verb:set package 'cpp03_action' build argument 'cmake_clean_cache' from command line to 'False'
[1.802s] Level 5:colcon.colcon_core.verb:set package 'cpp03_action' build argument 'cmake_clean_first' from command line to 'False'
[1.802s] Level 5:colcon.colcon_core.verb:set package 'cpp03_action' build argument 'cmake_force_configure' from command line to 'False'
[1.802s] Level 5:colcon.colcon_core.verb:set package 'cpp03_action' build argument 'ament_cmake_args' from command line to 'None'
[1.802s] Level 5:colcon.colcon_core.verb:set package 'cpp03_action' build argument 'catkin_cmake_args' from command line to 'None'
[1.802s] Level 5:colcon.colcon_core.verb:set package 'cpp03_action' build argument 'catkin_skip_building_tests' from command line to 'False'
[1.802s] DEBUG:colcon.colcon_core.verb:Building package 'cpp03_action' with the following arguments: {'ament_cmake_args': None, 'build_base': '/home/lhy/ws01_plumbing/build/cpp03_action', 'catkin_cmake_args': None, 'catkin_skip_building_tests': False, 'cmake_args': None, 'cmake_clean_cache': False, 'cmake_clean_first': False, 'cmake_force_configure': False, 'cmake_target': None, 'cmake_target_skip_unavailable': False, 'install_base': '/home/lhy/ws01_plumbing/install/cpp03_action', 'merge_install': False, 'path': '/home/lhy/ws01_plumbing/src/cpp03_action', 'symlink_install': False, 'test_result_base': None}
[1.837s] INFO:colcon.colcon_core.executor:Executing jobs using 'parallel' executor
[1.868s] DEBUG:colcon.colcon_parallel_executor.executor.parallel:run_until_complete
[1.868s] INFO:colcon.colcon_ros.task.ament_cmake.build:Building ROS package in '/home/lhy/ws01_plumbing/src/cpp03_action' with build type 'ament_cmake'
[1.869s] INFO:colcon.colcon_cmake.task.cmake.build:Building CMake package in '/home/lhy/ws01_plumbing/src/cpp03_action'
[1.920s] INFO:colcon.colcon_core.plugin_system:Skipping extension 'colcon_core.shell.bat': Not used on non-Windows systems
[1.921s] INFO:colcon.colcon_core.shell:Skip shell extension 'powershell' for command environment: Not usable outside of PowerShell
[1.921s] DEBUG:colcon.colcon_core.shell:Skip shell extension 'dsv' for command environment
[2.126s] DEBUG:colcon.colcon_core.event_handler.log_command:Invoking command in '/home/lhy/ws01_plumbing/build/cpp03_action': CMAKE_PREFIX_PATH=/home/lhy/ws01_plumbing/install/base_interfaces_demo:/home/lhy/ws01_plumbing/install/cpp02_service:/home/lhy/ws01_plumbing/install/cpp01_topic:/home/lhy/ws01_plumbing/install/py02_service:/home/lhy/ws01_plumbing/install/py01_topic:/opt/ros/humble /usr/bin/cmake --build /home/lhy/ws01_plumbing/build/cpp03_action -- -j8 -l8
[11.291s] DEBUG:colcon.colcon_core.event_handler.log_command:Invoked command in '/home/lhy/ws01_plumbing/build/cpp03_action' returned '0': CMAKE_PREFIX_PATH=/home/lhy/ws01_plumbing/install/base_interfaces_demo:/home/lhy/ws01_plumbing/install/cpp02_service:/home/lhy/ws01_plumbing/install/cpp01_topic:/home/lhy/ws01_plumbing/install/py02_service:/home/lhy/ws01_plumbing/install/py01_topic:/opt/ros/humble /usr/bin/cmake --build /home/lhy/ws01_plumbing/build/cpp03_action -- -j8 -l8
[11.362s] DEBUG:colcon.colcon_core.event_handler.log_command:Invoking command in '/home/lhy/ws01_plumbing/build/cpp03_action': CMAKE_PREFIX_PATH=/home/lhy/ws01_plumbing/install/base_interfaces_demo:/home/lhy/ws01_plumbing/install/cpp02_service:/home/lhy/ws01_plumbing/install/cpp01_topic:/home/lhy/ws01_plumbing/install/py02_service:/home/lhy/ws01_plumbing/install/py01_topic:/opt/ros/humble /usr/bin/cmake --install /home/lhy/ws01_plumbing/build/cpp03_action
[11.394s] Level 1:colcon.colcon_core.environment:create_environment_scripts_only(cpp03_action)
[11.396s] DEBUG:colcon.colcon_core.event_handler.log_command:Invoked command in '/home/lhy/ws01_plumbing/build/cpp03_action' returned '0': CMAKE_PREFIX_PATH=/home/lhy/ws01_plumbing/install/base_interfaces_demo:/home/lhy/ws01_plumbing/install/cpp02_service:/home/lhy/ws01_plumbing/install/cpp01_topic:/home/lhy/ws01_plumbing/install/py02_service:/home/lhy/ws01_plumbing/install/py01_topic:/opt/ros/humble /usr/bin/cmake --install /home/lhy/ws01_plumbing/build/cpp03_action
[11.465s] Level 1:colcon.colcon_core.environment:checking '/home/lhy/ws01_plumbing/install/cpp03_action' for CMake module files
[11.467s] Level 1:colcon.colcon_core.environment:checking '/home/lhy/ws01_plumbing/install/cpp03_action' for CMake config files
[11.468s] Level 1:colcon.colcon_core.shell:create_environment_hook('cpp03_action', 'cmake_prefix_path')
[11.508s] INFO:colcon.colcon_core.shell:Creating environment hook '/home/lhy/ws01_plumbing/install/cpp03_action/share/cpp03_action/hook/cmake_prefix_path.ps1'
[11.511s] INFO:colcon.colcon_core.shell:Creating environment descriptor '/home/lhy/ws01_plumbing/install/cpp03_action/share/cpp03_action/hook/cmake_prefix_path.dsv'
[11.512s] INFO:colcon.colcon_core.shell:Creating environment hook '/home/lhy/ws01_plumbing/install/cpp03_action/share/cpp03_action/hook/cmake_prefix_path.sh'
[11.515s] Level 1:colcon.colcon_core.environment:checking '/home/lhy/ws01_plumbing/install/cpp03_action/lib'
[11.515s] Level 1:colcon.colcon_core.environment:checking '/home/lhy/ws01_plumbing/install/cpp03_action/bin'
[11.515s] Level 1:colcon.colcon_core.environment:checking '/home/lhy/ws01_plumbing/install/cpp03_action/lib/pkgconfig/cpp03_action.pc'
[11.516s] Level 1:colcon.colcon_core.environment:checking '/home/lhy/ws01_plumbing/install/cpp03_action/lib/python3.10/site-packages'
[11.516s] Level 1:colcon.colcon_core.environment:checking '/home/lhy/ws01_plumbing/install/cpp03_action/bin'
[11.554s] INFO:colcon.colcon_core.shell:Creating package script '/home/lhy/ws01_plumbing/install/cpp03_action/share/cpp03_action/package.ps1'
[11.557s] INFO:colcon.colcon_core.shell:Creating package descriptor '/home/lhy/ws01_plumbing/install/cpp03_action/share/cpp03_action/package.dsv'
[11.559s] INFO:colcon.colcon_core.shell:Creating package script '/home/lhy/ws01_plumbing/install/cpp03_action/share/cpp03_action/package.sh'
[11.562s] INFO:colcon.colcon_core.shell:Creating package script '/home/lhy/ws01_plumbing/install/cpp03_action/share/cpp03_action/package.bash'
[11.564s] INFO:colcon.colcon_core.shell:Creating package script '/home/lhy/ws01_plumbing/install/cpp03_action/share/cpp03_action/package.zsh'
[11.566s] Level 1:colcon.colcon_core.environment:create_file_with_runtime_dependencies(/home/lhy/ws01_plumbing/install/cpp03_action/share/colcon-core/packages/cpp03_action)
[11.664s] Level 1:colcon.colcon_core.environment:create_environment_scripts_only(cpp03_action)
[11.696s] Level 1:colcon.colcon_core.environment:checking '/home/lhy/ws01_plumbing/install/cpp03_action' for CMake module files
[11.697s] Level 1:colcon.colcon_core.environment:checking '/home/lhy/ws01_plumbing/install/cpp03_action' for CMake config files
[11.697s] Level 1:colcon.colcon_core.shell:create_environment_hook('cpp03_action', 'cmake_prefix_path')
[11.730s] INFO:colcon.colcon_core.shell:Creating environment hook '/home/lhy/ws01_plumbing/install/cpp03_action/share/cpp03_action/hook/cmake_prefix_path.ps1'
[11.730s] INFO:colcon.colcon_core.shell:Creating environment descriptor '/home/lhy/ws01_plumbing/install/cpp03_action/share/cpp03_action/hook/cmake_prefix_path.dsv'
[11.731s] INFO:colcon.colcon_core.shell:Creating environment hook '/home/lhy/ws01_plumbing/install/cpp03_action/share/cpp03_action/hook/cmake_prefix_path.sh'
[11.731s] Level 1:colcon.colcon_core.environment:checking '/home/lhy/ws01_plumbing/install/cpp03_action/lib'
[11.731s] Level 1:colcon.colcon_core.environment:checking '/home/lhy/ws01_plumbing/install/cpp03_action/bin'
[11.732s] Level 1:colcon.colcon_core.environment:checking '/home/lhy/ws01_plumbing/install/cpp03_action/lib/pkgconfig/cpp03_action.pc'
[11.732s] Level 1:colcon.colcon_core.environment:checking '/home/lhy/ws01_plumbing/install/cpp03_action/lib/python3.10/site-packages'
[11.732s] Level 1:colcon.colcon_core.environment:checking '/home/lhy/ws01_plumbing/install/cpp03_action/bin'
[11.758s] INFO:colcon.colcon_core.shell:Creating package script '/home/lhy/ws01_plumbing/install/cpp03_action/share/cpp03_action/package.ps1'
[11.759s] INFO:colcon.colcon_core.shell:Creating package descriptor '/home/lhy/ws01_plumbing/install/cpp03_action/share/cpp03_action/package.dsv'
[11.760s] INFO:colcon.colcon_core.shell:Creating package script '/home/lhy/ws01_plumbing/install/cpp03_action/share/cpp03_action/package.sh'
[11.760s] INFO:colcon.colcon_core.shell:Creating package script '/home/lhy/ws01_plumbing/install/cpp03_action/share/cpp03_action/package.bash'
[11.761s] INFO:colcon.colcon_core.shell:Creating package script '/home/lhy/ws01_plumbing/install/cpp03_action/share/cpp03_action/package.zsh'
[11.762s] Level 1:colcon.colcon_core.environment:create_file_with_runtime_dependencies(/home/lhy/ws01_plumbing/install/cpp03_action/share/colcon-core/packages/cpp03_action)
[11.763s] DEBUG:colcon.colcon_parallel_executor.executor.parallel:closing loop
[11.763s] DEBUG:colcon.colcon_parallel_executor.executor.parallel:loop closed
[11.764s] DEBUG:colcon.colcon_parallel_executor.executor.parallel:run_until_complete finished with '0'
[11.764s] DEBUG:colcon.colcon_core.event_reactor:joining thread
[11.813s] INFO:colcon.colcon_core.plugin_system:Skipping extension 'colcon_notification.desktop_notification.terminal_notifier': Not used on non-Darwin systems
[11.813s] INFO:colcon.colcon_core.plugin_system:Skipping extension 'colcon_notification.desktop_notification.win32': Not used on non-Windows systems
[11.813s] INFO:colcon.colcon_notification.desktop_notification:Sending desktop notification using 'notify2'
[11.851s] DEBUG:colcon.colcon_core.event_reactor:joined thread
[11.888s] INFO:colcon.colcon_core.shell:Creating prefix script '/home/lhy/ws01_plumbing/install/local_setup.ps1'
[11.892s] INFO:colcon.colcon_core.shell:Creating prefix util module '/home/lhy/ws01_plumbing/install/_local_setup_util_ps1.py'
[11.895s] INFO:colcon.colcon_core.shell:Creating prefix chain script '/home/lhy/ws01_plumbing/install/setup.ps1'
[11.977s] INFO:colcon.colcon_core.shell:Creating prefix script '/home/lhy/ws01_plumbing/install/local_setup.sh'
[11.978s] INFO:colcon.colcon_core.shell:Creating prefix util module '/home/lhy/ws01_plumbing/install/_local_setup_util_sh.py'
[11.979s] INFO:colcon.colcon_core.shell:Creating prefix chain script '/home/lhy/ws01_plumbing/install/setup.sh'
[12.021s] INFO:colcon.colcon_core.shell:Creating prefix script '/home/lhy/ws01_plumbing/install/local_setup.bash'
[12.023s] INFO:colcon.colcon_core.shell:Creating prefix chain script '/home/lhy/ws01_plumbing/install/setup.bash'
[12.064s] INFO:colcon.colcon_core.shell:Creating prefix script '/home/lhy/ws01_plumbing/install/local_setup.zsh'
[12.065s] INFO:colcon.colcon_core.shell:Creating prefix chain script '/home/lhy/ws01_plumbing/install/setup.zsh'
