[1.511s] Invoking command in '/home/lhy/ws01_plumbing/src/py03_action': AMENT_PREFIX_PATH=/home/lhy/ws01_plumbing/install/base_interfaces_demo:${AMENT_PREFIX_PATH} CMAKE_PREFIX_PATH=/home/lhy/ws01_plumbing/install/base_interfaces_demo LD_LIBRARY_PATH=/home/lhy/ws01_plumbing/install/base_interfaces_demo/lib:${LD_LIBRARY_PATH} PYTHONPATH=/home/lhy/ws01_plumbing/build/py03_action/prefix_override:/home/lhy/ws01_plumbing/install/py03_action/lib/python3.10/site-packages:/home/lhy/ws01_plumbing/install/base_interfaces_demo/local/lib/python3.10/dist-packages:${PYTHONPATH} /usr/bin/python3 setup.py egg_info --egg-base ../../build/py03_action build --build-base /home/lhy/ws01_plumbing/build/py03_action/build install --record /home/lhy/ws01_plumbing/build/py03_action/install.log --single-version-externally-managed
[2.011s] running egg_info
[2.013s] writing ../../build/py03_action/py03_action.egg-info/PKG-INFO
[2.014s] writing dependency_links to ../../build/py03_action/py03_action.egg-info/dependency_links.txt
[2.014s] writing entry points to ../../build/py03_action/py03_action.egg-info/entry_points.txt
[2.014s] writing requirements to ../../build/py03_action/py03_action.egg-info/requires.txt
[2.015s] writing top-level names to ../../build/py03_action/py03_action.egg-info/top_level.txt
[2.018s] reading manifest file '../../build/py03_action/py03_action.egg-info/SOURCES.txt'
[2.020s] writing manifest file '../../build/py03_action/py03_action.egg-info/SOURCES.txt'
[2.021s] running build
[2.021s] running build_py
[2.021s] copying py03_action/demo02_action_client_py.py -> /home/lhy/ws01_plumbing/build/py03_action/build/lib/py03_action
[2.022s] running install
[2.023s] /usr/lib/python3/dist-packages/setuptools/command/install.py:34: SetuptoolsDeprecationWarning: setup.py install is deprecated. Use build and pip and other standards-based tools.
[2.023s]   warnings.warn(
[2.025s] running install_lib
[2.027s] copying /home/lhy/ws01_plumbing/build/py03_action/build/lib/py03_action/demo02_action_client_py.py -> /home/lhy/ws01_plumbing/install/py03_action/lib/python3.10/site-packages/py03_action
[2.029s] byte-compiling /home/lhy/ws01_plumbing/install/py03_action/lib/python3.10/site-packages/py03_action/demo02_action_client_py.py to demo02_action_client_py.cpython-310.pyc
[2.031s] running install_data
[2.033s] running install_egg_info
[2.037s] removing '/home/lhy/ws01_plumbing/install/py03_action/lib/python3.10/site-packages/py03_action-0.0.0-py3.10.egg-info' (and everything under it)
[2.038s] Copying ../../build/py03_action/py03_action.egg-info to /home/lhy/ws01_plumbing/install/py03_action/lib/python3.10/site-packages/py03_action-0.0.0-py3.10.egg-info
[2.041s] running install_scripts
[2.112s] Installing demo01_action_server_py script to /home/lhy/ws01_plumbing/install/py03_action/lib/py03_action
[2.112s] Installing demo02_action_client_py script to /home/lhy/ws01_plumbing/install/py03_action/lib/py03_action
[2.112s] writing list of installed files to '/home/lhy/ws01_plumbing/build/py03_action/install.log'
[2.204s] Invoked command in '/home/lhy/ws01_plumbing/src/py03_action' returned '0': AMENT_PREFIX_PATH=/home/lhy/ws01_plumbing/install/base_interfaces_demo:${AMENT_PREFIX_PATH} CMAKE_PREFIX_PATH=/home/lhy/ws01_plumbing/install/base_interfaces_demo LD_LIBRARY_PATH=/home/lhy/ws01_plumbing/install/base_interfaces_demo/lib:${LD_LIBRARY_PATH} PYTHONPATH=/home/lhy/ws01_plumbing/build/py03_action/prefix_override:/home/lhy/ws01_plumbing/install/py03_action/lib/python3.10/site-packages:/home/lhy/ws01_plumbing/install/base_interfaces_demo/local/lib/python3.10/dist-packages:${PYTHONPATH} /usr/bin/python3 setup.py egg_info --egg-base ../../build/py03_action build --build-base /home/lhy/ws01_plumbing/build/py03_action/build install --record /home/lhy/ws01_plumbing/build/py03_action/install.log --single-version-externally-managed
