[2.788s] Invoking command in '/home/lhy/ws01_plumbing/src/py03_action': CMAKE_PREFIX_PATH=/home/lhy/ws01_plumbing/install/base_interfaces_demo:/home/lhy/ws01_plumbing/install/cpp02_service:/home/lhy/ws01_plumbing/install/cpp01_topic PYTHONPATH=/home/lhy/ws01_plumbing/build/py03_action/prefix_override:/home/lhy/ws01_plumbing/install/py03_action/lib/python3.10/site-packages:${PYTHONPATH} /usr/bin/python3 setup.py egg_info --egg-base ../../build/py03_action build --build-base /home/lhy/ws01_plumbing/build/py03_action/build install --record /home/lhy/ws01_plumbing/build/py03_action/install.log --single-version-externally-managed
[3.371s] running egg_info
[3.373s] writing ../../build/py03_action/py03_action.egg-info/PKG-INFO
[3.373s] writing dependency_links to ../../build/py03_action/py03_action.egg-info/dependency_links.txt
[3.374s] writing entry points to ../../build/py03_action/py03_action.egg-info/entry_points.txt
[3.375s] writing requirements to ../../build/py03_action/py03_action.egg-info/requires.txt
[3.375s] writing top-level names to ../../build/py03_action/py03_action.egg-info/top_level.txt
[3.382s] reading manifest file '../../build/py03_action/py03_action.egg-info/SOURCES.txt'
[3.385s] writing manifest file '../../build/py03_action/py03_action.egg-info/SOURCES.txt'
[3.385s] running build
[3.385s] running build_py
[3.386s] copying py03_action/demo01_action_server_py.py -> /home/lhy/ws01_plumbing/build/py03_action/build/lib/py03_action
[3.387s] copying py03_action/demo02_action_client_py.py -> /home/lhy/ws01_plumbing/build/py03_action/build/lib/py03_action
[3.388s] running install
[3.389s] /usr/lib/python3/dist-packages/setuptools/command/install.py:34: SetuptoolsDeprecationWarning: setup.py install is deprecated. Use build and pip and other standards-based tools.
[3.389s]   warnings.warn(
[3.389s] running install_lib
[3.391s] copying /home/lhy/ws01_plumbing/build/py03_action/build/lib/py03_action/demo01_action_server_py.py -> /home/lhy/ws01_plumbing/install/py03_action/lib/python3.10/site-packages/py03_action
[3.392s] copying /home/lhy/ws01_plumbing/build/py03_action/build/lib/py03_action/demo02_action_client_py.py -> /home/lhy/ws01_plumbing/install/py03_action/lib/python3.10/site-packages/py03_action
[3.395s] byte-compiling /home/lhy/ws01_plumbing/install/py03_action/lib/python3.10/site-packages/py03_action/demo01_action_server_py.py to demo01_action_server_py.cpython-310.pyc
[3.398s] byte-compiling /home/lhy/ws01_plumbing/install/py03_action/lib/python3.10/site-packages/py03_action/demo02_action_client_py.py to demo02_action_client_py.cpython-310.pyc
[3.399s] running install_data
[3.401s] running install_egg_info
[3.405s] removing '/home/lhy/ws01_plumbing/install/py03_action/lib/python3.10/site-packages/py03_action-0.0.0-py3.10.egg-info' (and everything under it)
[3.406s] Copying ../../build/py03_action/py03_action.egg-info to /home/lhy/ws01_plumbing/install/py03_action/lib/python3.10/site-packages/py03_action-0.0.0-py3.10.egg-info
[3.408s] running install_scripts
[3.465s] Installing demo01_action_server_py script to /home/lhy/ws01_plumbing/install/py03_action/lib/py03_action
[3.472s] Installing demo02_action_client_py script to /home/lhy/ws01_plumbing/install/py03_action/lib/py03_action
[3.472s] writing list of installed files to '/home/lhy/ws01_plumbing/build/py03_action/install.log'
[3.557s] Invoked command in '/home/lhy/ws01_plumbing/src/py03_action' returned '0': CMAKE_PREFIX_PATH=/home/lhy/ws01_plumbing/install/base_interfaces_demo:/home/lhy/ws01_plumbing/install/cpp02_service:/home/lhy/ws01_plumbing/install/cpp01_topic PYTHONPATH=/home/lhy/ws01_plumbing/build/py03_action/prefix_override:/home/lhy/ws01_plumbing/install/py03_action/lib/python3.10/site-packages:${PYTHONPATH} /usr/bin/python3 setup.py egg_info --egg-base ../../build/py03_action build --build-base /home/lhy/ws01_plumbing/build/py03_action/build install --record /home/lhy/ws01_plumbing/build/py03_action/install.log --single-version-externally-managed
