[0.872s] Invoking command in '/home/lhy/ws01_plumbing/src/py04_param': PYTHONPATH=/home/lhy/ws01_plumbing/build/py04_param/prefix_override:/home/lhy/ws01_plumbing/install/py04_param/lib/python3.10/site-packages:${PYTHONPATH} /usr/bin/python3 setup.py egg_info --egg-base ../../build/py04_param build --build-base /home/lhy/ws01_plumbing/build/py04_param/build install --record /home/lhy/ws01_plumbing/build/py04_param/install.log --single-version-externally-managed
[1.143s] running egg_info
[1.143s] creating ../../build/py04_param/py04_param.egg-info
[1.144s] writing ../../build/py04_param/py04_param.egg-info/PKG-INFO
[1.144s] writing dependency_links to ../../build/py04_param/py04_param.egg-info/dependency_links.txt
[1.144s] writing entry points to ../../build/py04_param/py04_param.egg-info/entry_points.txt
[1.144s] writing requirements to ../../build/py04_param/py04_param.egg-info/requires.txt
[1.144s] writing top-level names to ../../build/py04_param/py04_param.egg-info/top_level.txt
[1.145s] writing manifest file '../../build/py04_param/py04_param.egg-info/SOURCES.txt'
[1.147s] reading manifest file '../../build/py04_param/py04_param.egg-info/SOURCES.txt'
[1.148s] writing manifest file '../../build/py04_param/py04_param.egg-info/SOURCES.txt'
[1.148s] running build
[1.148s] running build_py
[1.148s] creating /home/lhy/ws01_plumbing/build/py04_param/build
[1.148s] creating /home/lhy/ws01_plumbing/build/py04_param/build/lib
[1.149s] creating /home/lhy/ws01_plumbing/build/py04_param/build/lib/py04_param
[1.149s] copying py04_param/demo00_param_py.py -> /home/lhy/ws01_plumbing/build/py04_param/build/lib/py04_param
[1.149s] copying py04_param/__init__.py -> /home/lhy/ws01_plumbing/build/py04_param/build/lib/py04_param
[1.149s] running install
[1.158s] /usr/lib/python3/dist-packages/setuptools/command/install.py:34: SetuptoolsDeprecationWarning: setup.py install is deprecated. Use build and pip and other standards-based tools.
[1.158s]   warnings.warn(
[1.159s] running install_lib
[1.161s] creating /home/lhy/ws01_plumbing/install/py04_param/lib/python3.10/site-packages/py04_param
[1.162s] copying /home/lhy/ws01_plumbing/build/py04_param/build/lib/py04_param/demo00_param_py.py -> /home/lhy/ws01_plumbing/install/py04_param/lib/python3.10/site-packages/py04_param
[1.162s] copying /home/lhy/ws01_plumbing/build/py04_param/build/lib/py04_param/__init__.py -> /home/lhy/ws01_plumbing/install/py04_param/lib/python3.10/site-packages/py04_param
[1.163s] byte-compiling /home/lhy/ws01_plumbing/install/py04_param/lib/python3.10/site-packages/py04_param/demo00_param_py.py to demo00_param_py.cpython-310.pyc
[1.164s] byte-compiling /home/lhy/ws01_plumbing/install/py04_param/lib/python3.10/site-packages/py04_param/__init__.py to __init__.cpython-310.pyc
[1.164s] running install_data
[1.166s] creating /home/lhy/ws01_plumbing/install/py04_param/share/ament_index
[1.166s] creating /home/lhy/ws01_plumbing/install/py04_param/share/ament_index/resource_index
[1.166s] creating /home/lhy/ws01_plumbing/install/py04_param/share/ament_index/resource_index/packages
[1.166s] copying resource/py04_param -> /home/lhy/ws01_plumbing/install/py04_param/share/ament_index/resource_index/packages
[1.167s] copying package.xml -> /home/lhy/ws01_plumbing/install/py04_param/share/py04_param
[1.167s] running install_egg_info
[1.170s] Copying ../../build/py04_param/py04_param.egg-info to /home/lhy/ws01_plumbing/install/py04_param/lib/python3.10/site-packages/py04_param-0.0.0-py3.10.egg-info
[1.171s] running install_scripts
[1.194s] Installing demo00_param_py script to /home/lhy/ws01_plumbing/install/py04_param/lib/py04_param
[1.195s] writing list of installed files to '/home/lhy/ws01_plumbing/build/py04_param/install.log'
[1.229s] Invoked command in '/home/lhy/ws01_plumbing/src/py04_param' returned '0': PYTHONPATH=/home/lhy/ws01_plumbing/build/py04_param/prefix_override:/home/lhy/ws01_plumbing/install/py04_param/lib/python3.10/site-packages:${PYTHONPATH} /usr/bin/python3 setup.py egg_info --egg-base ../../build/py04_param build --build-base /home/lhy/ws01_plumbing/build/py04_param/build install --record /home/lhy/ws01_plumbing/build/py04_param/install.log --single-version-externally-managed
