[0.852s] Invoking command in '/home/lhy/ws01_plumbing/src/py04_param': PYTHONPATH=/home/lhy/ws01_plumbing/build/py04_param/prefix_override:/home/lhy/ws01_plumbing/install/py04_param/lib/python3.10/site-packages:${PYTHONPATH} /usr/bin/python3 setup.py egg_info --egg-base ../../build/py04_param build --build-base /home/lhy/ws01_plumbing/build/py04_param/build install --record /home/lhy/ws01_plumbing/build/py04_param/install.log --single-version-externally-managed
[1.120s] running egg_info
[1.121s] writing ../../build/py04_param/py04_param.egg-info/PKG-INFO
[1.121s] writing dependency_links to ../../build/py04_param/py04_param.egg-info/dependency_links.txt
[1.122s] writing entry points to ../../build/py04_param/py04_param.egg-info/entry_points.txt
[1.122s] writing requirements to ../../build/py04_param/py04_param.egg-info/requires.txt
[1.122s] writing top-level names to ../../build/py04_param/py04_param.egg-info/top_level.txt
[1.124s] reading manifest file '../../build/py04_param/py04_param.egg-info/SOURCES.txt'
[1.125s] writing manifest file '../../build/py04_param/py04_param.egg-info/SOURCES.txt'
[1.125s] running build
[1.125s] running build_py
[1.125s] copying py04_param/demo01_param_server_py.py -> /home/lhy/ws01_plumbing/build/py04_param/build/lib/py04_param
[1.126s] running install
[1.126s] /usr/lib/python3/dist-packages/setuptools/command/install.py:34: SetuptoolsDeprecationWarning: setup.py install is deprecated. Use build and pip and other standards-based tools.
[1.126s]   warnings.warn(
[1.126s] running install_lib
[1.128s] copying /home/lhy/ws01_plumbing/build/py04_param/build/lib/py04_param/demo01_param_server_py.py -> /home/lhy/ws01_plumbing/install/py04_param/lib/python3.10/site-packages/py04_param
[1.129s] byte-compiling /home/lhy/ws01_plumbing/install/py04_param/lib/python3.10/site-packages/py04_param/demo01_param_server_py.py to demo01_param_server_py.cpython-310.pyc
[1.130s] running install_data
[1.130s] running install_egg_info
[1.132s] removing '/home/lhy/ws01_plumbing/install/py04_param/lib/python3.10/site-packages/py04_param-0.0.0-py3.10.egg-info' (and everything under it)
[1.133s] Copying ../../build/py04_param/py04_param.egg-info to /home/lhy/ws01_plumbing/install/py04_param/lib/python3.10/site-packages/py04_param-0.0.0-py3.10.egg-info
[1.133s] running install_scripts
[1.154s] Installing demo00_param_py script to /home/lhy/ws01_plumbing/install/py04_param/lib/py04_param
[1.154s] Installing demo01_param_server_py script to /home/lhy/ws01_plumbing/install/py04_param/lib/py04_param
[1.155s] writing list of installed files to '/home/lhy/ws01_plumbing/build/py04_param/install.log'
[1.183s] Invoked command in '/home/lhy/ws01_plumbing/src/py04_param' returned '0': PYTHONPATH=/home/lhy/ws01_plumbing/build/py04_param/prefix_override:/home/lhy/ws01_plumbing/install/py04_param/lib/python3.10/site-packages:${PYTHONPATH} /usr/bin/python3 setup.py egg_info --egg-base ../../build/py04_param build --build-base /home/lhy/ws01_plumbing/build/py04_param/build install --record /home/lhy/ws01_plumbing/build/py04_param/install.log --single-version-externally-managed
