[0.082s] Invoking command in '/home/lhy/ws01_plumbing/build/cpp04_param': CMAKE_PREFIX_PATH=/opt/ros/humble /usr/bin/cmake --build /home/lhy/ws01_plumbing/build/cpp04_param -- -j8 -l8
[0.148s] [35m[1mConsolidate compiler generated dependencies of target demo02_param_client[0m
[0.168s] [ 66%] Built target demo01_param_server
[0.169s] [ 66%] Built target demo00_param
[0.180s] [ 83%] [32mBuilding CXX object CMakeFiles/demo02_param_client.dir/src/demo02_param_client.cpp.o[0m
[4.647s] [100%] [32m[1mLinking CXX executable demo02_param_client[0m
[4.809s] [100%] Built target demo02_param_client
[4.824s] Invoked command in '/home/lhy/ws01_plumbing/build/cpp04_param' returned '0': CMAKE_PREFIX_PATH=/opt/ros/humble /usr/bin/cmake --build /home/lhy/ws01_plumbing/build/cpp04_param -- -j8 -l8
[4.893s] Invoking command in '/home/lhy/ws01_plumbing/build/cpp04_param': CMAKE_PREFIX_PATH=/opt/ros/humble /usr/bin/cmake --install /home/lhy/ws01_plumbing/build/cpp04_param
[4.905s] -- Install configuration: ""
[4.906s] -- Up-to-date: /home/lhy/ws01_plumbing/install/cpp04_param/lib/cpp04_param/demo00_param
[4.906s] -- Up-to-date: /home/lhy/ws01_plumbing/install/cpp04_param/lib/cpp04_param/demo01_param_server
[4.906s] -- Installing: /home/lhy/ws01_plumbing/install/cpp04_param/lib/cpp04_param/demo02_param_client
[4.907s] -- Set runtime path of "/home/lhy/ws01_plumbing/install/cpp04_param/lib/cpp04_param/demo02_param_client" to ""
[4.908s] -- Up-to-date: /home/lhy/ws01_plumbing/install/cpp04_param/share/ament_index/resource_index/package_run_dependencies/cpp04_param
[4.908s] -- Up-to-date: /home/lhy/ws01_plumbing/install/cpp04_param/share/ament_index/resource_index/parent_prefix_path/cpp04_param
[4.908s] -- Up-to-date: /home/lhy/ws01_plumbing/install/cpp04_param/share/cpp04_param/environment/ament_prefix_path.sh
[4.908s] -- Up-to-date: /home/lhy/ws01_plumbing/install/cpp04_param/share/cpp04_param/environment/ament_prefix_path.dsv
[4.908s] -- Up-to-date: /home/lhy/ws01_plumbing/install/cpp04_param/share/cpp04_param/environment/path.sh
[4.908s] -- Up-to-date: /home/lhy/ws01_plumbing/install/cpp04_param/share/cpp04_param/environment/path.dsv
[4.909s] -- Up-to-date: /home/lhy/ws01_plumbing/install/cpp04_param/share/cpp04_param/local_setup.bash
[4.909s] -- Up-to-date: /home/lhy/ws01_plumbing/install/cpp04_param/share/cpp04_param/local_setup.sh
[4.909s] -- Up-to-date: /home/lhy/ws01_plumbing/install/cpp04_param/share/cpp04_param/local_setup.zsh
[4.909s] -- Up-to-date: /home/lhy/ws01_plumbing/install/cpp04_param/share/cpp04_param/local_setup.dsv
[4.909s] -- Installing: /home/lhy/ws01_plumbing/install/cpp04_param/share/cpp04_param/package.dsv
[4.909s] -- Up-to-date: /home/lhy/ws01_plumbing/install/cpp04_param/share/ament_index/resource_index/packages/cpp04_param
[4.910s] -- Up-to-date: /home/lhy/ws01_plumbing/install/cpp04_param/share/cpp04_param/cmake/cpp04_paramConfig.cmake
[4.910s] -- Up-to-date: /home/lhy/ws01_plumbing/install/cpp04_param/share/cpp04_param/cmake/cpp04_paramConfig-version.cmake
[4.910s] -- Up-to-date: /home/lhy/ws01_plumbing/install/cpp04_param/share/cpp04_param/package.xml
[4.913s] Invoked command in '/home/lhy/ws01_plumbing/build/cpp04_param' returned '0': CMAKE_PREFIX_PATH=/opt/ros/humble /usr/bin/cmake --install /home/lhy/ws01_plumbing/build/cpp04_param
