[0.216s] Invoking command in '/home/lhy/ws01_plumbing/build/cpp03_action': CMAKE_PREFIX_PATH=/home/lhy/ws01_plumbing/install/base_interfaces_demo:/home/lhy/ws01_plumbing/install/cpp02_service:/home/lhy/ws01_plumbing/install/cpp01_topic:/home/lhy/ws01_plumbing/install/py02_service:/home/lhy/ws01_plumbing/install/py01_topic:/opt/ros/humble /usr/bin/cmake --build /home/lhy/ws01_plumbing/build/cpp03_action -- -j8 -l8
[0.360s] [35m[1mConsolidate compiler generated dependencies of target demo02_action_client[0m
[0.395s] [ 50%] Built target demo01_action_server
[0.408s] [ 75%] [32mBuilding CXX object CMakeFiles/demo02_action_client.dir/src/demo02_action_client.cpp.o[0m
[6.959s] In file included from [01m[K/opt/ros/humble/include/rclcpp/rclcpp/logging.hpp:24[m[K,
[6.960s]                  from [01m[K/opt/ros/humble/include/rclcpp/rclcpp/client.hpp:40[m[K,
[6.960s]                  from [01m[K/opt/ros/humble/include/rclcpp/rclcpp/callback_group.hpp:24[m[K,
[6.960s]                  from [01m[K/opt/ros/humble/include/rclcpp/rclcpp/any_executable.hpp:20[m[K,
[6.960s]                  from [01m[K/opt/ros/humble/include/rclcpp/rclcpp/memory_strategy.hpp:25[m[K,
[6.960s]                  from [01m[K/opt/ros/humble/include/rclcpp/rclcpp/memory_strategies.hpp:18[m[K,
[6.960s]                  from [01m[K/opt/ros/humble/include/rclcpp/rclcpp/executor_options.hpp:20[m[K,
[6.960s]                  from [01m[K/opt/ros/humble/include/rclcpp/rclcpp/executor.hpp:37[m[K,
[6.960s]                  from [01m[K/opt/ros/humble/include/rclcpp/rclcpp/executors/multi_threaded_executor.hpp:25[m[K,
[6.960s]                  from [01m[K/opt/ros/humble/include/rclcpp/rclcpp/executors.hpp:21[m[K,
[6.960s]                  from [01m[K/opt/ros/humble/include/rclcpp/rclcpp/rclcpp.hpp:155[m[K,
[6.961s]                  from [01m[K/home/lhy/ws01_plumbing/src/cpp03_action/src/demo02_action_client.cpp:17[m[K:
[6.961s] [01m[K/home/lhy/ws01_plumbing/src/cpp03_action/src/demo02_action_client.cpp:[m[K In member function ‘[01m[Kvoid ProgressActionClient::feedback_callback(rclcpp_action::ClientGoalHandle<base_interfaces_demo::action::Progress>::SharedPtr, std::shared_ptr<const base_interfaces_demo::action::Progress_Feedback_<std::allocator<void> > >)[m[K’:
[6.961s] [01m[K/home/lhy/ws01_plumbing/src/cpp03_action/src/demo02_action_client.cpp:104:44:[m[K [01;35m[Kwarning: [m[Kunknown escape sequence: '\%'
[6.961s]   104 |             RCLCPP_INFO(this->get_logger(),[01;35m[K"当前进度: %d\%"[m[K,pro);
[6.961s]       |                                            [01;35m[K^~~~~~~~~~~~~~~~[m[K
[6.964s] [01m[K/home/lhy/ws01_plumbing/src/cpp03_action/src/demo02_action_client.cpp:104:44:[m[K [01;35m[Kwarning: [m[Kspurious trailing ‘[01m[K%[m[K’ in format [[01;35m[K]8;;https://gcc.gnu.org/onlinedocs/gcc/Warning-Options.html#index-Wformat=-Wformat=]8;;[m[K]
[6.965s] [01m[K/home/lhy/ws01_plumbing/src/cpp03_action/src/demo02_action_client.cpp:104:57:[m[K [01;36m[Knote: [m[Kformat string is defined here
[6.965s]   104 |             RCLCPP_INFO(this->get_logger(),"当前进度: %d[01;36m[K\%[m[K",pro);
[6.965s]       |                                                         [01;36m[K^~[m[K
[6.965s] [01m[K/home/lhy/ws01_plumbing/src/cpp03_action/src/demo02_action_client.cpp:[m[K In member function ‘[01m[Kvoid ProgressActionClient::result_callback(const rclcpp_action::ClientGoalHandle<base_interfaces_demo::action::Progress>::WrappedResult&)[m[K’:
[6.965s] [01m[K/home/lhy/ws01_plumbing/src/cpp03_action/src/demo02_action_client.cpp:111:95:[m[K [01;35m[Kwarning: [m[Kunused parameter ‘[01m[Kresult[m[K’ [[01;35m[K]8;;https://gcc.gnu.org/onlinedocs/gcc/Warning-Options.html#index-Wunused-parameter-Wunused-parameter]8;;[m[K]
[6.965s]   111 |         void result_callback([01;35m[Kconst rclcpp_action::ClientGoalHandle<Progress>::WrappedResult & result[m[K){}
[6.965s]       |                              [01;35m[K~~~~~~~~~~~~~~~~~~~~~~~~~~~~~~~~~~~~~~~~~~~~~~~~~~~~~~~~~~~~~~~~~^~~~~~[m[K
[9.527s] [100%] [32m[1mLinking CXX executable demo02_action_client[0m
[9.934s] [100%] Built target demo02_action_client
[9.957s] Invoked command in '/home/lhy/ws01_plumbing/build/cpp03_action' returned '0': CMAKE_PREFIX_PATH=/home/lhy/ws01_plumbing/install/base_interfaces_demo:/home/lhy/ws01_plumbing/install/cpp02_service:/home/lhy/ws01_plumbing/install/cpp01_topic:/home/lhy/ws01_plumbing/install/py02_service:/home/lhy/ws01_plumbing/install/py01_topic:/opt/ros/humble /usr/bin/cmake --build /home/lhy/ws01_plumbing/build/cpp03_action -- -j8 -l8
[10.048s] Invoking command in '/home/lhy/ws01_plumbing/build/cpp03_action': CMAKE_PREFIX_PATH=/home/lhy/ws01_plumbing/install/base_interfaces_demo:/home/lhy/ws01_plumbing/install/cpp02_service:/home/lhy/ws01_plumbing/install/cpp01_topic:/home/lhy/ws01_plumbing/install/py02_service:/home/lhy/ws01_plumbing/install/py01_topic:/opt/ros/humble /usr/bin/cmake --install /home/lhy/ws01_plumbing/build/cpp03_action
[10.064s] -- Install configuration: ""
[10.065s] -- Up-to-date: /home/lhy/ws01_plumbing/install/cpp03_action/lib/cpp03_action/demo01_action_server
[10.066s] -- Installing: /home/lhy/ws01_plumbing/install/cpp03_action/lib/cpp03_action/demo02_action_client
[10.070s] -- Set runtime path of "/home/lhy/ws01_plumbing/install/cpp03_action/lib/cpp03_action/demo02_action_client" to ""
[10.070s] -- Up-to-date: /home/lhy/ws01_plumbing/install/cpp03_action/share/ament_index/resource_index/package_run_dependencies/cpp03_action
[10.071s] -- Up-to-date: /home/lhy/ws01_plumbing/install/cpp03_action/share/ament_index/resource_index/parent_prefix_path/cpp03_action
[10.071s] -- Up-to-date: /home/lhy/ws01_plumbing/install/cpp03_action/share/cpp03_action/environment/ament_prefix_path.sh
[10.071s] -- Up-to-date: /home/lhy/ws01_plumbing/install/cpp03_action/share/cpp03_action/environment/ament_prefix_path.dsv
[10.072s] -- Up-to-date: /home/lhy/ws01_plumbing/install/cpp03_action/share/cpp03_action/environment/path.sh
[10.072s] -- Up-to-date: /home/lhy/ws01_plumbing/install/cpp03_action/share/cpp03_action/environment/path.dsv
[10.072s] -- Up-to-date: /home/lhy/ws01_plumbing/install/cpp03_action/share/cpp03_action/local_setup.bash
[10.072s] -- Up-to-date: /home/lhy/ws01_plumbing/install/cpp03_action/share/cpp03_action/local_setup.sh
[10.073s] -- Up-to-date: /home/lhy/ws01_plumbing/install/cpp03_action/share/cpp03_action/local_setup.zsh
[10.073s] -- Up-to-date: /home/lhy/ws01_plumbing/install/cpp03_action/share/cpp03_action/local_setup.dsv
[10.073s] -- Installing: /home/lhy/ws01_plumbing/install/cpp03_action/share/cpp03_action/package.dsv
[10.073s] -- Up-to-date: /home/lhy/ws01_plumbing/install/cpp03_action/share/ament_index/resource_index/packages/cpp03_action
[10.073s] -- Up-to-date: /home/lhy/ws01_plumbing/install/cpp03_action/share/cpp03_action/cmake/cpp03_actionConfig.cmake
[10.074s] -- Up-to-date: /home/lhy/ws01_plumbing/install/cpp03_action/share/cpp03_action/cmake/cpp03_actionConfig-version.cmake
[10.074s] -- Up-to-date: /home/lhy/ws01_plumbing/install/cpp03_action/share/cpp03_action/package.xml
[10.080s] Invoked command in '/home/lhy/ws01_plumbing/build/cpp03_action' returned '0': CMAKE_PREFIX_PATH=/home/lhy/ws01_plumbing/install/base_interfaces_demo:/home/lhy/ws01_plumbing/install/cpp02_service:/home/lhy/ws01_plumbing/install/cpp01_topic:/home/lhy/ws01_plumbing/install/py02_service:/home/lhy/ws01_plumbing/install/py01_topic:/opt/ros/humble /usr/bin/cmake --install /home/lhy/ws01_plumbing/build/cpp03_action
