[0.075s] Invoking command in '/home/lhy/ws01_plumbing/build/cpp01_topic': CMAKE_PREFIX_PATH=/home/lhy/ws01_plumbing/install/base_interfaces_demo:/home/lhy/ws01_plumbing/install/cpp01_topic:/home/lhy/ws01_plumbing/install/py01_topic:/opt/ros/humble /usr/bin/cmake --build /home/lhy/ws01_plumbing/build/cpp01_topic -- -j8 -l8
[0.097s] -- Found ament_cmake: 1.3.3 (/opt/ros/humble/share/ament_cmake/cmake)
[0.258s] -- Found rclcpp: 16.0.3 (/opt/ros/humble/share/rclcpp/cmake)
[0.287s] -- Found rosidl_generator_c: 3.1.4 (/opt/ros/humble/share/rosidl_generator_c/cmake)
[0.289s] -- Found rosidl_adapter: 3.1.4 (/opt/ros/humble/share/rosidl_adapter/cmake)
[0.297s] -- Found rosidl_generator_cpp: 3.1.4 (/opt/ros/humble/share/rosidl_generator_cpp/cmake)
[0.310s] -- Using all available rosidl_typesupport_c: rosidl_typesupport_fastrtps_c;rosidl_typesupport_introspection_c
[0.331s] -- Using all available rosidl_typesupport_cpp: rosidl_typesupport_fastrtps_cpp;rosidl_typesupport_introspection_cpp
[0.394s] -- Found rmw_implementation_cmake: 6.1.1 (/opt/ros/humble/share/rmw_implementation_cmake/cmake)
[0.395s] -- Found rmw_fastrtps_cpp: 6.2.2 (/opt/ros/humble/share/rmw_fastrtps_cpp/cmake)
[0.515s] -- Using RMW implementation 'rmw_fastrtps_cpp' as default
[0.675s] -- Found base_interfaces_demo: 0.0.0 (/home/lhy/ws01_plumbing/install/base_interfaces_demo/share/base_interfaces_demo/cmake)
[0.677s] -- Found ament_lint_auto: 0.12.5 (/opt/ros/humble/share/ament_lint_auto/cmake)
[0.744s] -- Added test 'cppcheck' to perform static code analysis on C / C++ code
[0.744s] -- Configured cppcheck include dirs: $<BUILD_INTERFACE:/home/lhy/ws01_plumbing/src/cpp01_topic/include>
[0.744s] -- Configured cppcheck exclude dirs and/or files: 
[0.744s] -- Added test 'lint_cmake' to check CMake code style
[0.745s] -- Added test 'uncrustify' to check C / C++ code style
[0.745s] -- Configured uncrustify additional arguments: 
[0.745s] -- Added test 'xmllint' to check XML markup files
[0.746s] -- Configuring done
[0.757s] -- Generating done
[0.758s] -- Build files have been written to: /home/lhy/ws01_plumbing/build/cpp01_topic
[0.786s] [35m[1mConsolidate compiler generated dependencies of target demo01_talker_str[0m
[0.796s] [ 25%] [32mBuilding CXX object CMakeFiles/demo02_listener_str.dir/src/demo02_listener_str.cpp.o[0m
[0.810s] [ 50%] [32mBuilding CXX object CMakeFiles/demo01_talker_str.dir/src/demo01_talker_str.cpp.o[0m
[4.094s] [ 75%] [32m[1mLinking CXX executable demo02_listener_str[0m
[4.228s] [ 75%] Built target demo02_listener_str
[5.581s] [100%] [32m[1mLinking CXX executable demo01_talker_str[0m
[5.819s] [100%] Built target demo01_talker_str
[5.833s] Invoked command in '/home/lhy/ws01_plumbing/build/cpp01_topic' returned '0': CMAKE_PREFIX_PATH=/home/lhy/ws01_plumbing/install/base_interfaces_demo:/home/lhy/ws01_plumbing/install/cpp01_topic:/home/lhy/ws01_plumbing/install/py01_topic:/opt/ros/humble /usr/bin/cmake --build /home/lhy/ws01_plumbing/build/cpp01_topic -- -j8 -l8
[5.878s] Invoking command in '/home/lhy/ws01_plumbing/build/cpp01_topic': CMAKE_PREFIX_PATH=/home/lhy/ws01_plumbing/install/base_interfaces_demo:/home/lhy/ws01_plumbing/install/cpp01_topic:/home/lhy/ws01_plumbing/install/py01_topic:/opt/ros/humble /usr/bin/cmake --install /home/lhy/ws01_plumbing/build/cpp01_topic
[5.886s] -- Install configuration: ""
[5.886s] -- Installing: /home/lhy/ws01_plumbing/install/cpp01_topic/lib/cpp01_topic/demo01_talker_str
[5.888s] -- Set runtime path of "/home/lhy/ws01_plumbing/install/cpp01_topic/lib/cpp01_topic/demo01_talker_str" to ""
[5.888s] -- Installing: /home/lhy/ws01_plumbing/install/cpp01_topic/lib/cpp01_topic/demo02_listener_str
[5.889s] -- Set runtime path of "/home/lhy/ws01_plumbing/install/cpp01_topic/lib/cpp01_topic/demo02_listener_str" to ""
[5.889s] -- Up-to-date: /home/lhy/ws01_plumbing/install/cpp01_topic/share/ament_index/resource_index/package_run_dependencies/cpp01_topic
[5.889s] -- Installing: /home/lhy/ws01_plumbing/install/cpp01_topic/share/ament_index/resource_index/parent_prefix_path/cpp01_topic
[5.889s] -- Up-to-date: /home/lhy/ws01_plumbing/install/cpp01_topic/share/cpp01_topic/environment/ament_prefix_path.sh
[5.889s] -- Installing: /home/lhy/ws01_plumbing/install/cpp01_topic/share/cpp01_topic/environment/ament_prefix_path.dsv
[5.889s] -- Up-to-date: /home/lhy/ws01_plumbing/install/cpp01_topic/share/cpp01_topic/environment/path.sh
[5.890s] -- Installing: /home/lhy/ws01_plumbing/install/cpp01_topic/share/cpp01_topic/environment/path.dsv
[5.890s] -- Up-to-date: /home/lhy/ws01_plumbing/install/cpp01_topic/share/cpp01_topic/local_setup.bash
[5.890s] -- Up-to-date: /home/lhy/ws01_plumbing/install/cpp01_topic/share/cpp01_topic/local_setup.sh
[5.890s] -- Up-to-date: /home/lhy/ws01_plumbing/install/cpp01_topic/share/cpp01_topic/local_setup.zsh
[5.890s] -- Installing: /home/lhy/ws01_plumbing/install/cpp01_topic/share/cpp01_topic/local_setup.dsv
[5.890s] -- Installing: /home/lhy/ws01_plumbing/install/cpp01_topic/share/cpp01_topic/package.dsv
[5.890s] -- Up-to-date: /home/lhy/ws01_plumbing/install/cpp01_topic/share/ament_index/resource_index/packages/cpp01_topic
[5.890s] -- Up-to-date: /home/lhy/ws01_plumbing/install/cpp01_topic/share/cpp01_topic/cmake/cpp01_topicConfig.cmake
[5.890s] -- Up-to-date: /home/lhy/ws01_plumbing/install/cpp01_topic/share/cpp01_topic/cmake/cpp01_topicConfig-version.cmake
[5.890s] -- Up-to-date: /home/lhy/ws01_plumbing/install/cpp01_topic/share/cpp01_topic/package.xml
[5.892s] Invoked command in '/home/lhy/ws01_plumbing/build/cpp01_topic' returned '0': CMAKE_PREFIX_PATH=/home/lhy/ws01_plumbing/install/base_interfaces_demo:/home/lhy/ws01_plumbing/install/cpp01_topic:/home/lhy/ws01_plumbing/install/py01_topic:/opt/ros/humble /usr/bin/cmake --install /home/lhy/ws01_plumbing/build/cpp01_topic
