[1.389s] Invoking command in '/home/lhy/ws01_plumbing/src/py03_action': CMAKE_PREFIX_PATH=/home/lhy/ws01_plumbing/install/base_interfaces_demo:/home/lhy/ws01_plumbing/install/cpp02_service:/home/lhy/ws01_plumbing/install/cpp01_topic PYTHONPATH=/home/lhy/ws01_plumbing/build/py03_action/prefix_override:/home/lhy/ws01_plumbing/install/py03_action/lib/python3.10/site-packages:${PYTHONPATH} /usr/bin/python3 setup.py egg_info --egg-base ../../build/py03_action build --build-base /home/lhy/ws01_plumbing/build/py03_action/build install --record /home/lhy/ws01_plumbing/build/py03_action/install.log --single-version-externally-managed
[1.853s] running egg_info
[1.855s] writing ../../build/py03_action/py03_action.egg-info/PKG-INFO
[1.855s] writing dependency_links to ../../build/py03_action/py03_action.egg-info/dependency_links.txt
[1.856s] writing entry points to ../../build/py03_action/py03_action.egg-info/entry_points.txt
[1.856s] writing requirements to ../../build/py03_action/py03_action.egg-info/requires.txt
[1.856s] writing top-level names to ../../build/py03_action/py03_action.egg-info/top_level.txt
[1.858s] reading manifest file '../../build/py03_action/py03_action.egg-info/SOURCES.txt'
[1.866s] writing manifest file '../../build/py03_action/py03_action.egg-info/SOURCES.txt'
[1.866s] running build
[1.866s] running build_py
[1.866s] copying py03_action/demo02_action_client_py.py -> /home/lhy/ws01_plumbing/build/py03_action/build/lib/py03_action
[1.867s] running install
[1.867s] /usr/lib/python3/dist-packages/setuptools/command/install.py:34: SetuptoolsDeprecationWarning: setup.py install is deprecated. Use build and pip and other standards-based tools.
[1.867s]   warnings.warn(
[1.868s] running install_lib
[1.870s] copying /home/lhy/ws01_plumbing/build/py03_action/build/lib/py03_action/demo02_action_client_py.py -> /home/lhy/ws01_plumbing/install/py03_action/lib/python3.10/site-packages/py03_action
[1.871s] byte-compiling /home/lhy/ws01_plumbing/install/py03_action/lib/python3.10/site-packages/py03_action/demo02_action_client_py.py to demo02_action_client_py.cpython-310.pyc
[1.872s] running install_data
[1.873s] running install_egg_info
[1.877s] removing '/home/lhy/ws01_plumbing/install/py03_action/lib/python3.10/site-packages/py03_action-0.0.0-py3.10.egg-info' (and everything under it)
[1.878s] Copying ../../build/py03_action/py03_action.egg-info to /home/lhy/ws01_plumbing/install/py03_action/lib/python3.10/site-packages/py03_action-0.0.0-py3.10.egg-info
[1.880s] running install_scripts
[1.913s] Installing demo01_action_server_py script to /home/lhy/ws01_plumbing/install/py03_action/lib/py03_action
[1.913s] Installing demo02_action_client_py script to /home/lhy/ws01_plumbing/install/py03_action/lib/py03_action
[1.914s] writing list of installed files to '/home/lhy/ws01_plumbing/build/py03_action/install.log'
[1.959s] Invoked command in '/home/lhy/ws01_plumbing/src/py03_action' returned '0': CMAKE_PREFIX_PATH=/home/lhy/ws01_plumbing/install/base_interfaces_demo:/home/lhy/ws01_plumbing/install/cpp02_service:/home/lhy/ws01_plumbing/install/cpp01_topic PYTHONPATH=/home/lhy/ws01_plumbing/build/py03_action/prefix_override:/home/lhy/ws01_plumbing/install/py03_action/lib/python3.10/site-packages:${PYTHONPATH} /usr/bin/python3 setup.py egg_info --egg-base ../../build/py03_action build --build-base /home/lhy/ws01_plumbing/build/py03_action/build install --record /home/lhy/ws01_plumbing/build/py03_action/install.log --single-version-externally-managed
