[0.087s] Invoking command in '/home/lhy/ws01_plumbing/build/cpp03_action': CMAKE_PREFIX_PATH=/home/lhy/ws01_plumbing/install/base_interfaces_demo:/home/lhy/ws01_plumbing/install/cpp02_service:/home/lhy/ws01_plumbing/install/cpp01_topic:/home/lhy/ws01_plumbing/install/py02_service:/home/lhy/ws01_plumbing/install/py01_topic:/opt/ros/humble /usr/bin/cmake /home/lhy/ws01_plumbing/src/cpp03_action -DCMAKE_INSTALL_PREFIX=/home/lhy/ws01_plumbing/install/cpp03_action
[0.159s] -- The C compiler identification is GNU 11.4.0
[0.224s] -- The CXX compiler identification is GNU 11.4.0
[0.232s] -- Detecting C compiler ABI info
[0.308s] -- Detecting C compiler ABI info - done
[0.318s] -- Check for working C compiler: /usr/bin/cc - skipped
[0.318s] -- Detecting C compile features
[0.319s] -- Detecting C compile features - done
[0.322s] -- Detecting CXX compiler ABI info
[0.450s] -- Detecting CXX compiler ABI info - done
[0.461s] -- Check for working CXX compiler: /usr/bin/c++ - skipped
[0.461s] -- Detecting CXX compile features
[0.462s] -- Detecting CXX compile features - done
[0.471s] -- Found ament_cmake: 1.3.3 (/opt/ros/humble/share/ament_cmake/cmake)
[0.665s] -- Found Python3: /usr/bin/python3.10 (found version "3.10.12") found components: Interpreter 
[0.783s] -- Found rclcpp: 16.0.3 (/opt/ros/humble/share/rclcpp/cmake)
[0.838s] -- Found rosidl_generator_c: 3.1.4 (/opt/ros/humble/share/rosidl_generator_c/cmake)
[0.844s] -- Found rosidl_adapter: 3.1.4 (/opt/ros/humble/share/rosidl_adapter/cmake)
[0.852s] -- Found rosidl_generator_cpp: 3.1.4 (/opt/ros/humble/share/rosidl_generator_cpp/cmake)
[0.866s] -- Using all available rosidl_typesupport_c: rosidl_typesupport_fastrtps_c;rosidl_typesupport_introspection_c
[0.890s] -- Using all available rosidl_typesupport_cpp: rosidl_typesupport_fastrtps_cpp;rosidl_typesupport_introspection_cpp
[0.979s] -- Found rmw_implementation_cmake: 6.1.1 (/opt/ros/humble/share/rmw_implementation_cmake/cmake)
[0.983s] -- Found rmw_fastrtps_cpp: 6.2.2 (/opt/ros/humble/share/rmw_fastrtps_cpp/cmake)
[1.131s] -- Found OpenSSL: /usr/lib/x86_64-linux-gnu/libcrypto.so (found version "3.0.2")  
[1.161s] -- Found FastRTPS: /opt/ros/humble/include  
[1.211s] -- Using RMW implementation 'rmw_fastrtps_cpp' as default
[1.228s] -- Looking for pthread.h
[1.322s] -- Looking for pthread.h - found
[1.323s] -- Performing Test CMAKE_HAVE_LIBC_PTHREAD
[1.425s] -- Performing Test CMAKE_HAVE_LIBC_PTHREAD - Success
[1.426s] -- Found Threads: TRUE  
[1.627s] -- Found rclcpp_action: 16.0.3 (/opt/ros/humble/share/rclcpp_action/cmake)
[1.749s] -- Found base_interfaces_demo: 0.0.0 (/home/lhy/ws01_plumbing/install/base_interfaces_demo/share/base_interfaces_demo/cmake)
[1.804s] -- Found ament_lint_auto: 0.12.5 (/opt/ros/humble/share/ament_lint_auto/cmake)
[1.894s] -- Added test 'cppcheck' to perform static code analysis on C / C++ code
[1.894s] -- Configured cppcheck include dirs: $<BUILD_INTERFACE:/home/lhy/ws01_plumbing/src/cpp03_action/include>
[1.894s] -- Configured cppcheck exclude dirs and/or files: 
[1.895s] -- Added test 'lint_cmake' to check CMake code style
[1.897s] -- Added test 'uncrustify' to check C / C++ code style
[1.897s] -- Configured uncrustify additional arguments: 
[1.897s] -- Added test 'xmllint' to check XML markup files
[1.899s] -- Configuring done
[1.917s] -- Generating done
[1.918s] -- Build files have been written to: /home/lhy/ws01_plumbing/build/cpp03_action
[1.933s] Invoked command in '/home/lhy/ws01_plumbing/build/cpp03_action' returned '0': CMAKE_PREFIX_PATH=/home/lhy/ws01_plumbing/install/base_interfaces_demo:/home/lhy/ws01_plumbing/install/cpp02_service:/home/lhy/ws01_plumbing/install/cpp01_topic:/home/lhy/ws01_plumbing/install/py02_service:/home/lhy/ws01_plumbing/install/py01_topic:/opt/ros/humble /usr/bin/cmake /home/lhy/ws01_plumbing/src/cpp03_action -DCMAKE_INSTALL_PREFIX=/home/lhy/ws01_plumbing/install/cpp03_action
[1.936s] Invoking command in '/home/lhy/ws01_plumbing/build/cpp03_action': CMAKE_PREFIX_PATH=/home/lhy/ws01_plumbing/install/base_interfaces_demo:/home/lhy/ws01_plumbing/install/cpp02_service:/home/lhy/ws01_plumbing/install/cpp01_topic:/home/lhy/ws01_plumbing/install/py02_service:/home/lhy/ws01_plumbing/install/py01_topic:/opt/ros/humble /usr/bin/cmake --build /home/lhy/ws01_plumbing/build/cpp03_action -- -j8 -l8
[1.998s] [ 50%] [32mBuilding CXX object CMakeFiles/demo01_action_server.dir/src/demo01_action_server.cpp.o[0m
[1.998s] [ 50%] [32mBuilding CXX object CMakeFiles/demo02_action_client.dir/src/demo02_action_client.cpp.o[0m
[5.684s] [ 75%] [32m[1mLinking CXX executable demo02_action_client[0m
[5.684s] [100%] [32m[1mLinking CXX executable demo01_action_server[0m
[5.878s] [100%] Built target demo02_action_client
[5.882s] [100%] Built target demo01_action_server
[5.899s] Invoked command in '/home/lhy/ws01_plumbing/build/cpp03_action' returned '0': CMAKE_PREFIX_PATH=/home/lhy/ws01_plumbing/install/base_interfaces_demo:/home/lhy/ws01_plumbing/install/cpp02_service:/home/lhy/ws01_plumbing/install/cpp01_topic:/home/lhy/ws01_plumbing/install/py02_service:/home/lhy/ws01_plumbing/install/py01_topic:/opt/ros/humble /usr/bin/cmake --build /home/lhy/ws01_plumbing/build/cpp03_action -- -j8 -l8
[5.948s] Invoking command in '/home/lhy/ws01_plumbing/build/cpp03_action': CMAKE_PREFIX_PATH=/home/lhy/ws01_plumbing/install/base_interfaces_demo:/home/lhy/ws01_plumbing/install/cpp02_service:/home/lhy/ws01_plumbing/install/cpp01_topic:/home/lhy/ws01_plumbing/install/py02_service:/home/lhy/ws01_plumbing/install/py01_topic:/opt/ros/humble /usr/bin/cmake --install /home/lhy/ws01_plumbing/build/cpp03_action
[5.958s] -- Install configuration: ""
[5.958s] -- Installing: /home/lhy/ws01_plumbing/install/cpp03_action/lib/cpp03_action/demo01_action_server
[5.959s] -- Set runtime path of "/home/lhy/ws01_plumbing/install/cpp03_action/lib/cpp03_action/demo01_action_server" to ""
[5.959s] -- Installing: /home/lhy/ws01_plumbing/install/cpp03_action/lib/cpp03_action/demo02_action_client
[5.960s] -- Set runtime path of "/home/lhy/ws01_plumbing/install/cpp03_action/lib/cpp03_action/demo02_action_client" to ""
[5.960s] -- Installing: /home/lhy/ws01_plumbing/install/cpp03_action/share/ament_index/resource_index/package_run_dependencies/cpp03_action
[5.960s] -- Installing: /home/lhy/ws01_plumbing/install/cpp03_action/share/ament_index/resource_index/parent_prefix_path/cpp03_action
[5.960s] -- Installing: /home/lhy/ws01_plumbing/install/cpp03_action/share/cpp03_action/environment/ament_prefix_path.sh
[5.961s] -- Installing: /home/lhy/ws01_plumbing/install/cpp03_action/share/cpp03_action/environment/ament_prefix_path.dsv
[5.961s] -- Installing: /home/lhy/ws01_plumbing/install/cpp03_action/share/cpp03_action/environment/path.sh
[5.961s] -- Installing: /home/lhy/ws01_plumbing/install/cpp03_action/share/cpp03_action/environment/path.dsv
[5.961s] -- Installing: /home/lhy/ws01_plumbing/install/cpp03_action/share/cpp03_action/local_setup.bash
[5.961s] -- Installing: /home/lhy/ws01_plumbing/install/cpp03_action/share/cpp03_action/local_setup.sh
[5.962s] -- Installing: /home/lhy/ws01_plumbing/install/cpp03_action/share/cpp03_action/local_setup.zsh
[5.962s] -- Installing: /home/lhy/ws01_plumbing/install/cpp03_action/share/cpp03_action/local_setup.dsv
[5.962s] -- Installing: /home/lhy/ws01_plumbing/install/cpp03_action/share/cpp03_action/package.dsv
[5.962s] -- Installing: /home/lhy/ws01_plumbing/install/cpp03_action/share/ament_index/resource_index/packages/cpp03_action
[5.963s] -- Installing: /home/lhy/ws01_plumbing/install/cpp03_action/share/cpp03_action/cmake/cpp03_actionConfig.cmake
[5.963s] -- Installing: /home/lhy/ws01_plumbing/install/cpp03_action/share/cpp03_action/cmake/cpp03_actionConfig-version.cmake
[5.963s] -- Installing: /home/lhy/ws01_plumbing/install/cpp03_action/share/cpp03_action/package.xml
[5.966s] Invoked command in '/home/lhy/ws01_plumbing/build/cpp03_action' returned '0': CMAKE_PREFIX_PATH=/home/lhy/ws01_plumbing/install/base_interfaces_demo:/home/lhy/ws01_plumbing/install/cpp02_service:/home/lhy/ws01_plumbing/install/cpp01_topic:/home/lhy/ws01_plumbing/install/py02_service:/home/lhy/ws01_plumbing/install/py01_topic:/opt/ros/humble /usr/bin/cmake --install /home/lhy/ws01_plumbing/build/cpp03_action
