[0.073s] Invoking command in '/home/lhy/ws01_plumbing/build/cpp01_topic': CMAKE_PREFIX_PATH=/home/lhy/ws01_plumbing/install/base_interfaces_demo:/home/lhy/ws01_plumbing/install/cpp01_topic:/home/lhy/ws01_plumbing/install/py01_topic:/opt/ros/humble /usr/bin/cmake --build /home/lhy/ws01_plumbing/build/cpp01_topic -- -j8 -l8
[0.114s] [35m[1mConsolidate compiler generated dependencies of target demo03_talker_stu[0m
[0.126s] [ 12%] [32mBuilding CXX object CMakeFiles/demo04_listener_stu.dir/src/demo04_listener_stu.cpp.o[0m
[0.127s] [ 37%] Built target demo02_listener_str
[0.128s] [ 62%] Built target demo01_talker_str
[0.131s] [ 87%] Built target demo03_talker_stu
[9.208s] [100%] [32m[1mLinking CXX executable demo04_listener_stu[0m
[9.683s] [100%] Built target demo04_listener_stu
[9.700s] Invoked command in '/home/lhy/ws01_plumbing/build/cpp01_topic' returned '0': CMAKE_PREFIX_PATH=/home/lhy/ws01_plumbing/install/base_interfaces_demo:/home/lhy/ws01_plumbing/install/cpp01_topic:/home/lhy/ws01_plumbing/install/py01_topic:/opt/ros/humble /usr/bin/cmake --build /home/lhy/ws01_plumbing/build/cpp01_topic -- -j8 -l8
[9.753s] Invoking command in '/home/lhy/ws01_plumbing/build/cpp01_topic': CMAKE_PREFIX_PATH=/home/lhy/ws01_plumbing/install/base_interfaces_demo:/home/lhy/ws01_plumbing/install/cpp01_topic:/home/lhy/ws01_plumbing/install/py01_topic:/opt/ros/humble /usr/bin/cmake --install /home/lhy/ws01_plumbing/build/cpp01_topic
[9.762s] -- Install configuration: ""
[9.762s] -- Up-to-date: /home/lhy/ws01_plumbing/install/cpp01_topic/lib/cpp01_topic/demo01_talker_str
[9.763s] -- Up-to-date: /home/lhy/ws01_plumbing/install/cpp01_topic/lib/cpp01_topic/demo02_listener_str
[9.763s] -- Up-to-date: /home/lhy/ws01_plumbing/install/cpp01_topic/lib/cpp01_topic/demo03_talker_stu
[9.764s] -- Installing: /home/lhy/ws01_plumbing/install/cpp01_topic/lib/cpp01_topic/demo04_listener_stu
[9.769s] -- Set runtime path of "/home/lhy/ws01_plumbing/install/cpp01_topic/lib/cpp01_topic/demo04_listener_stu" to ""
[9.769s] -- Up-to-date: /home/lhy/ws01_plumbing/install/cpp01_topic/share/ament_index/resource_index/package_run_dependencies/cpp01_topic
[9.769s] -- Up-to-date: /home/lhy/ws01_plumbing/install/cpp01_topic/share/ament_index/resource_index/parent_prefix_path/cpp01_topic
[9.769s] -- Up-to-date: /home/lhy/ws01_plumbing/install/cpp01_topic/share/cpp01_topic/environment/ament_prefix_path.sh
[9.769s] -- Up-to-date: /home/lhy/ws01_plumbing/install/cpp01_topic/share/cpp01_topic/environment/ament_prefix_path.dsv
[9.770s] -- Up-to-date: /home/lhy/ws01_plumbing/install/cpp01_topic/share/cpp01_topic/environment/path.sh
[9.770s] -- Up-to-date: /home/lhy/ws01_plumbing/install/cpp01_topic/share/cpp01_topic/environment/path.dsv
[9.770s] -- Up-to-date: /home/lhy/ws01_plumbing/install/cpp01_topic/share/cpp01_topic/local_setup.bash
[9.770s] -- Up-to-date: /home/lhy/ws01_plumbing/install/cpp01_topic/share/cpp01_topic/local_setup.sh
[9.770s] -- Up-to-date: /home/lhy/ws01_plumbing/install/cpp01_topic/share/cpp01_topic/local_setup.zsh
[9.770s] -- Up-to-date: /home/lhy/ws01_plumbing/install/cpp01_topic/share/cpp01_topic/local_setup.dsv
[9.770s] -- Installing: /home/lhy/ws01_plumbing/install/cpp01_topic/share/cpp01_topic/package.dsv
[9.770s] -- Up-to-date: /home/lhy/ws01_plumbing/install/cpp01_topic/share/ament_index/resource_index/packages/cpp01_topic
[9.770s] -- Up-to-date: /home/lhy/ws01_plumbing/install/cpp01_topic/share/cpp01_topic/cmake/cpp01_topicConfig.cmake
[9.770s] -- Up-to-date: /home/lhy/ws01_plumbing/install/cpp01_topic/share/cpp01_topic/cmake/cpp01_topicConfig-version.cmake
[9.771s] -- Up-to-date: /home/lhy/ws01_plumbing/install/cpp01_topic/share/cpp01_topic/package.xml
[9.772s] Invoked command in '/home/lhy/ws01_plumbing/build/cpp01_topic' returned '0': CMAKE_PREFIX_PATH=/home/lhy/ws01_plumbing/install/base_interfaces_demo:/home/lhy/ws01_plumbing/install/cpp01_topic:/home/lhy/ws01_plumbing/install/py01_topic:/opt/ros/humble /usr/bin/cmake --install /home/lhy/ws01_plumbing/build/cpp01_topic
