[0.902s] Invoking command in '/home/lhy/ws01_plumbing/src/py01_topic': AMENT_PREFIX_PATH=/home/lhy/ws01_plumbing/install/base_interfaces_demo:${AMENT_PREFIX_PATH} CMAKE_PREFIX_PATH=/home/lhy/ws01_plumbing/install/base_interfaces_demo PYTHONPATH=/home/lhy/ws01_plumbing/build/py01_topic/prefix_override:/home/lhy/ws01_plumbing/install/py01_topic/lib/python3.10/site-packages:${PYTHONPATH} /usr/bin/python3 setup.py egg_info --egg-base ../../build/py01_topic build --build-base /home/lhy/ws01_plumbing/build/py01_topic/build install --record /home/lhy/ws01_plumbing/build/py01_topic/install.log --single-version-externally-managed
[1.150s] running egg_info
[1.151s] creating ../../build/py01_topic/py01_topic.egg-info
[1.152s] writing ../../build/py01_topic/py01_topic.egg-info/PKG-INFO
[1.152s] writing dependency_links to ../../build/py01_topic/py01_topic.egg-info/dependency_links.txt
[1.152s] writing entry points to ../../build/py01_topic/py01_topic.egg-info/entry_points.txt
[1.152s] writing requirements to ../../build/py01_topic/py01_topic.egg-info/requires.txt
[1.152s] writing top-level names to ../../build/py01_topic/py01_topic.egg-info/top_level.txt
[1.152s] writing manifest file '../../build/py01_topic/py01_topic.egg-info/SOURCES.txt'
[1.155s] reading manifest file '../../build/py01_topic/py01_topic.egg-info/SOURCES.txt'
[1.155s] writing manifest file '../../build/py01_topic/py01_topic.egg-info/SOURCES.txt'
[1.155s] running build
[1.155s] running build_py
[1.156s] creating /home/lhy/ws01_plumbing/build/py01_topic/build
[1.156s] creating /home/lhy/ws01_plumbing/build/py01_topic/build/lib
[1.156s] creating /home/lhy/ws01_plumbing/build/py01_topic/build/lib/py01_topic
[1.156s] copying py01_topic/demo01_talker_str_py.py -> /home/lhy/ws01_plumbing/build/py01_topic/build/lib/py01_topic
[1.156s] copying py01_topic/__init__.py -> /home/lhy/ws01_plumbing/build/py01_topic/build/lib/py01_topic
[1.156s] running install
[1.156s] /usr/lib/python3/dist-packages/setuptools/command/install.py:34: SetuptoolsDeprecationWarning: setup.py install is deprecated. Use build and pip and other standards-based tools.
[1.157s]   warnings.warn(
[1.157s] running install_lib
[1.157s] creating /home/lhy/ws01_plumbing/install/py01_topic/lib/python3.10/site-packages/py01_topic
[1.157s] copying /home/lhy/ws01_plumbing/build/py01_topic/build/lib/py01_topic/demo01_talker_str_py.py -> /home/lhy/ws01_plumbing/install/py01_topic/lib/python3.10/site-packages/py01_topic
[1.157s] copying /home/lhy/ws01_plumbing/build/py01_topic/build/lib/py01_topic/__init__.py -> /home/lhy/ws01_plumbing/install/py01_topic/lib/python3.10/site-packages/py01_topic
[1.158s] byte-compiling /home/lhy/ws01_plumbing/install/py01_topic/lib/python3.10/site-packages/py01_topic/demo01_talker_str_py.py to demo01_talker_str_py.cpython-310.pyc
[1.158s] byte-compiling /home/lhy/ws01_plumbing/install/py01_topic/lib/python3.10/site-packages/py01_topic/__init__.py to __init__.cpython-310.pyc
[1.158s] running install_data
[1.159s] creating /home/lhy/ws01_plumbing/install/py01_topic/share/ament_index
[1.159s] creating /home/lhy/ws01_plumbing/install/py01_topic/share/ament_index/resource_index
[1.159s] creating /home/lhy/ws01_plumbing/install/py01_topic/share/ament_index/resource_index/packages
[1.159s] copying resource/py01_topic -> /home/lhy/ws01_plumbing/install/py01_topic/share/ament_index/resource_index/packages
[1.159s] copying package.xml -> /home/lhy/ws01_plumbing/install/py01_topic/share/py01_topic
[1.160s] running install_egg_info
[1.162s] Copying ../../build/py01_topic/py01_topic.egg-info to /home/lhy/ws01_plumbing/install/py01_topic/lib/python3.10/site-packages/py01_topic-0.0.0-py3.10.egg-info
[1.162s] running install_scripts
[1.185s] Installing demo01_talker_str_py script to /home/lhy/ws01_plumbing/install/py01_topic/lib/py01_topic
[1.186s] writing list of installed files to '/home/lhy/ws01_plumbing/build/py01_topic/install.log'
[1.215s] Invoked command in '/home/lhy/ws01_plumbing/src/py01_topic' returned '0': AMENT_PREFIX_PATH=/home/lhy/ws01_plumbing/install/base_interfaces_demo:${AMENT_PREFIX_PATH} CMAKE_PREFIX_PATH=/home/lhy/ws01_plumbing/install/base_interfaces_demo PYTHONPATH=/home/lhy/ws01_plumbing/build/py01_topic/prefix_override:/home/lhy/ws01_plumbing/install/py01_topic/lib/python3.10/site-packages:${PYTHONPATH} /usr/bin/python3 setup.py egg_info --egg-base ../../build/py01_topic build --build-base /home/lhy/ws01_plumbing/build/py01_topic/build install --record /home/lhy/ws01_plumbing/build/py01_topic/install.log --single-version-externally-managed
