[0.223s] Invoking command in '/home/lhy/ws01_plumbing/build/cpp03_action': CMAKE_PREFIX_PATH=/home/lhy/ws01_plumbing/install/base_interfaces_demo:/home/lhy/ws01_plumbing/install/cpp02_service:/home/lhy/ws01_plumbing/install/cpp01_topic:/home/lhy/ws01_plumbing/install/py02_service:/home/lhy/ws01_plumbing/install/py01_topic:/opt/ros/humble /usr/bin/cmake --build /home/lhy/ws01_plumbing/build/cpp03_action -- -j8 -l8
[0.464s] [35m[1mConsolidate compiler generated dependencies of target demo01_action_server[0m
[0.500s] [ 50%] Built target demo02_action_client
[0.508s] [ 75%] [32mBuilding CXX object CMakeFiles/demo01_action_server.dir/src/demo01_action_server.cpp.o[0m
[8.565s] [100%] [32m[1mLinking CXX executable demo01_action_server[0m
[8.934s] [100%] Built target demo01_action_server
[8.964s] Invoked command in '/home/lhy/ws01_plumbing/build/cpp03_action' returned '0': CMAKE_PREFIX_PATH=/home/lhy/ws01_plumbing/install/base_interfaces_demo:/home/lhy/ws01_plumbing/install/cpp02_service:/home/lhy/ws01_plumbing/install/cpp01_topic:/home/lhy/ws01_plumbing/install/py02_service:/home/lhy/ws01_plumbing/install/py01_topic:/opt/ros/humble /usr/bin/cmake --build /home/lhy/ws01_plumbing/build/cpp03_action -- -j8 -l8
[9.063s] Invoking command in '/home/lhy/ws01_plumbing/build/cpp03_action': CMAKE_PREFIX_PATH=/home/lhy/ws01_plumbing/install/base_interfaces_demo:/home/lhy/ws01_plumbing/install/cpp02_service:/home/lhy/ws01_plumbing/install/cpp01_topic:/home/lhy/ws01_plumbing/install/py02_service:/home/lhy/ws01_plumbing/install/py01_topic:/opt/ros/humble /usr/bin/cmake --install /home/lhy/ws01_plumbing/build/cpp03_action
[9.091s] -- Install configuration: ""
[9.093s] -- Installing: /home/lhy/ws01_plumbing/install/cpp03_action/lib/cpp03_action/demo01_action_server
[9.099s] -- Set runtime path of "/home/lhy/ws01_plumbing/install/cpp03_action/lib/cpp03_action/demo01_action_server" to ""
[9.100s] -- Up-to-date: /home/lhy/ws01_plumbing/install/cpp03_action/lib/cpp03_action/demo02_action_client
[9.101s] -- Up-to-date: /home/lhy/ws01_plumbing/install/cpp03_action/share/ament_index/resource_index/package_run_dependencies/cpp03_action
[9.101s] -- Up-to-date: /home/lhy/ws01_plumbing/install/cpp03_action/share/ament_index/resource_index/parent_prefix_path/cpp03_action
[9.102s] -- Up-to-date: /home/lhy/ws01_plumbing/install/cpp03_action/share/cpp03_action/environment/ament_prefix_path.sh
[9.102s] -- Up-to-date: /home/lhy/ws01_plumbing/install/cpp03_action/share/cpp03_action/environment/ament_prefix_path.dsv
[9.102s] -- Up-to-date: /home/lhy/ws01_plumbing/install/cpp03_action/share/cpp03_action/environment/path.sh
[9.103s] -- Up-to-date: /home/lhy/ws01_plumbing/install/cpp03_action/share/cpp03_action/environment/path.dsv
[9.103s] -- Up-to-date: /home/lhy/ws01_plumbing/install/cpp03_action/share/cpp03_action/local_setup.bash
[9.103s] -- Up-to-date: /home/lhy/ws01_plumbing/install/cpp03_action/share/cpp03_action/local_setup.sh
[9.104s] -- Up-to-date: /home/lhy/ws01_plumbing/install/cpp03_action/share/cpp03_action/local_setup.zsh
[9.104s] -- Up-to-date: /home/lhy/ws01_plumbing/install/cpp03_action/share/cpp03_action/local_setup.dsv
[9.104s] -- Installing: /home/lhy/ws01_plumbing/install/cpp03_action/share/cpp03_action/package.dsv
[9.105s] -- Up-to-date: /home/lhy/ws01_plumbing/install/cpp03_action/share/ament_index/resource_index/packages/cpp03_action
[9.105s] -- Up-to-date: /home/lhy/ws01_plumbing/install/cpp03_action/share/cpp03_action/cmake/cpp03_actionConfig.cmake
[9.105s] -- Up-to-date: /home/lhy/ws01_plumbing/install/cpp03_action/share/cpp03_action/cmake/cpp03_actionConfig-version.cmake
[9.105s] -- Up-to-date: /home/lhy/ws01_plumbing/install/cpp03_action/share/cpp03_action/package.xml
[9.112s] Invoked command in '/home/lhy/ws01_plumbing/build/cpp03_action' returned '0': CMAKE_PREFIX_PATH=/home/lhy/ws01_plumbing/install/base_interfaces_demo:/home/lhy/ws01_plumbing/install/cpp02_service:/home/lhy/ws01_plumbing/install/cpp01_topic:/home/lhy/ws01_plumbing/install/py02_service:/home/lhy/ws01_plumbing/install/py01_topic:/opt/ros/humble /usr/bin/cmake --install /home/lhy/ws01_plumbing/build/cpp03_action
