[0.926s] DEBUG:colcon:Command line arguments: ['/usr/bin/colcon', 'build', '--packages-select', 'cpp04_param']
[0.926s] DEBUG:colcon:Parsed command line arguments: Namespace(log_base=None, log_level=None, verb_name='build', build_base='build', install_base='install', merge_install=False, symlink_install=False, test_result_base=None, continue_on_error=False, executor='parallel', parallel_workers=8, event_handlers=None, ignore_user_meta=False, metas=['./colcon.meta'], base_paths=['.'], packages_ignore=None, packages_ignore_regex=None, paths=None, packages_up_to=None, packages_up_to_regex=None, packages_above=None, packages_above_and_dependencies=None, packages_above_depth=None, packages_select_by_dep=None, packages_skip_by_dep=None, packages_skip_up_to=None, packages_select_build_failed=False, packages_skip_build_finished=False, packages_select_test_failures=False, packages_skip_test_passed=False, packages_select=['cpp04_param'], packages_skip=None, packages_select_regex=None, packages_skip_regex=None, packages_start=None, packages_end=None, allow_overriding=[], cmake_args=None, cmake_target=None, cmake_target_skip_unavailable=False, cmake_clean_cache=False, cmake_clean_first=False, cmake_force_configure=False, ament_cmake_args=None, catkin_cmake_args=None, catkin_skip_building_tests=False, verb_parser=<colcon_defaults.argument_parser.defaults.DefaultArgumentsDecorator object at 0x7f4b26c5a890>, verb_extension=<colcon_core.verb.build.BuildVerb object at 0x7f4b26c3e0b0>, main=<bound method BuildVerb.main of <colcon_core.verb.build.BuildVerb object at 0x7f4b26c3e0b0>>)
[0.968s] Level 1:colcon.colcon_core.package_discovery:discover_packages(colcon_meta) check parameters
[0.969s] Level 1:colcon.colcon_core.package_discovery:discover_packages(recursive) check parameters
[0.969s] Level 1:colcon.colcon_core.package_discovery:discover_packages(ignore) check parameters
[0.969s] Level 1:colcon.colcon_core.package_discovery:discover_packages(path) check parameters
[0.969s] Level 1:colcon.colcon_core.package_discovery:discover_packages(colcon_meta) discover
[0.969s] Level 1:colcon.colcon_core.package_discovery:discover_packages(recursive) discover
[0.969s] INFO:colcon.colcon_core.package_discovery:Crawling recursively for packages in '/home/lhy/ws01_plumbing'
[0.969s] Level 1:colcon.colcon_core.package_identification:_identify(.) by extensions ['ignore', 'ignore_ament_install']
[0.969s] Level 1:colcon.colcon_core.package_identification:_identify(.) by extension 'ignore'
[0.969s] Level 1:colcon.colcon_core.package_identification:_identify(.) by extension 'ignore_ament_install'
[0.969s] Level 1:colcon.colcon_core.package_identification:_identify(.) by extensions ['colcon_pkg']
[0.969s] Level 1:colcon.colcon_core.package_identification:_identify(.) by extension 'colcon_pkg'
[0.969s] Level 1:colcon.colcon_core.package_identification:_identify(.) by extensions ['colcon_meta']
[0.969s] Level 1:colcon.colcon_core.package_identification:_identify(.) by extension 'colcon_meta'
[0.969s] Level 1:colcon.colcon_core.package_identification:_identify(.) by extensions ['ros']
[0.969s] Level 1:colcon.colcon_core.package_identification:_identify(.) by extension 'ros'
[0.980s] Level 1:colcon.colcon_core.package_identification:_identify(.) by extensions ['cmake', 'python']
[0.980s] Level 1:colcon.colcon_core.package_identification:_identify(.) by extension 'cmake'
[0.980s] Level 1:colcon.colcon_core.package_identification:_identify(.) by extension 'python'
[0.980s] Level 1:colcon.colcon_core.package_identification:_identify(.) by extensions ['python_setup_py']
[0.980s] Level 1:colcon.colcon_core.package_identification:_identify(.) by extension 'python_setup_py'
[0.980s] Level 1:colcon.colcon_core.package_identification:_identify(base_interfaces_demo) by extensions ['ignore', 'ignore_ament_install']
[0.980s] Level 1:colcon.colcon_core.package_identification:_identify(base_interfaces_demo) by extension 'ignore'
[0.980s] Level 1:colcon.colcon_core.package_identification:_identify(base_interfaces_demo) by extension 'ignore_ament_install'
[0.980s] Level 1:colcon.colcon_core.package_identification:_identify(base_interfaces_demo) by extensions ['colcon_pkg']
[0.980s] Level 1:colcon.colcon_core.package_identification:_identify(base_interfaces_demo) by extension 'colcon_pkg'
[0.980s] Level 1:colcon.colcon_core.package_identification:_identify(base_interfaces_demo) by extensions ['colcon_meta']
[0.980s] Level 1:colcon.colcon_core.package_identification:_identify(base_interfaces_demo) by extension 'colcon_meta'
[0.980s] Level 1:colcon.colcon_core.package_identification:_identify(base_interfaces_demo) by extensions ['ros']
[0.980s] Level 1:colcon.colcon_core.package_identification:_identify(base_interfaces_demo) by extension 'ros'
[0.982s] DEBUG:colcon.colcon_core.package_identification:Package 'base_interfaces_demo' with type 'ros.ament_cmake' and name 'base_interfaces_demo'
[0.982s] Level 1:colcon.colcon_core.package_identification:_identify(build) by extensions ['ignore', 'ignore_ament_install']
[0.982s] Level 1:colcon.colcon_core.package_identification:_identify(build) by extension 'ignore'
[0.982s] Level 1:colcon.colcon_core.package_identification:_identify(build) ignored
[0.982s] Level 1:colcon.colcon_core.package_identification:_identify(install) by extensions ['ignore', 'ignore_ament_install']
[0.982s] Level 1:colcon.colcon_core.package_identification:_identify(install) by extension 'ignore'
[0.983s] Level 1:colcon.colcon_core.package_identification:_identify(install) ignored
[0.983s] Level 1:colcon.colcon_core.package_identification:_identify(log) by extensions ['ignore', 'ignore_ament_install']
[0.983s] Level 1:colcon.colcon_core.package_identification:_identify(log) by extension 'ignore'
[0.983s] Level 1:colcon.colcon_core.package_identification:_identify(log) ignored
[0.983s] Level 1:colcon.colcon_core.package_identification:_identify(src) by extensions ['ignore', 'ignore_ament_install']
[0.983s] Level 1:colcon.colcon_core.package_identification:_identify(src) by extension 'ignore'
[0.983s] Level 1:colcon.colcon_core.package_identification:_identify(src) by extension 'ignore_ament_install'
[0.983s] Level 1:colcon.colcon_core.package_identification:_identify(src) by extensions ['colcon_pkg']
[0.983s] Level 1:colcon.colcon_core.package_identification:_identify(src) by extension 'colcon_pkg'
[0.983s] Level 1:colcon.colcon_core.package_identification:_identify(src) by extensions ['colcon_meta']
[0.983s] Level 1:colcon.colcon_core.package_identification:_identify(src) by extension 'colcon_meta'
[0.983s] Level 1:colcon.colcon_core.package_identification:_identify(src) by extensions ['ros']
[0.983s] Level 1:colcon.colcon_core.package_identification:_identify(src) by extension 'ros'
[0.983s] Level 1:colcon.colcon_core.package_identification:_identify(src) by extensions ['cmake', 'python']
[0.983s] Level 1:colcon.colcon_core.package_identification:_identify(src) by extension 'cmake'
[0.983s] Level 1:colcon.colcon_core.package_identification:_identify(src) by extension 'python'
[0.983s] Level 1:colcon.colcon_core.package_identification:_identify(src) by extensions ['python_setup_py']
[0.983s] Level 1:colcon.colcon_core.package_identification:_identify(src) by extension 'python_setup_py'
[0.984s] Level 1:colcon.colcon_core.package_identification:_identify(src/base_interfaces_demo) by extensions ['ignore', 'ignore_ament_install']
[0.984s] Level 1:colcon.colcon_core.package_identification:_identify(src/base_interfaces_demo) by extension 'ignore'
[0.984s] Level 1:colcon.colcon_core.package_identification:_identify(src/base_interfaces_demo) by extension 'ignore_ament_install'
[0.984s] Level 1:colcon.colcon_core.package_identification:_identify(src/base_interfaces_demo) by extensions ['colcon_pkg']
[0.984s] Level 1:colcon.colcon_core.package_identification:_identify(src/base_interfaces_demo) by extension 'colcon_pkg'
[0.984s] Level 1:colcon.colcon_core.package_identification:_identify(src/base_interfaces_demo) by extensions ['colcon_meta']
[0.984s] Level 1:colcon.colcon_core.package_identification:_identify(src/base_interfaces_demo) by extension 'colcon_meta'
[0.984s] Level 1:colcon.colcon_core.package_identification:_identify(src/base_interfaces_demo) by extensions ['ros']
[0.984s] Level 1:colcon.colcon_core.package_identification:_identify(src/base_interfaces_demo) by extension 'ros'
[0.984s] DEBUG:colcon.colcon_core.package_identification:Package 'src/base_interfaces_demo' with type 'ros.ament_cmake' and name 'base_interfaces_demo'
[0.984s] Level 1:colcon.colcon_core.package_identification:_identify(src/cpp01_topic) by extensions ['ignore', 'ignore_ament_install']
[0.985s] Level 1:colcon.colcon_core.package_identification:_identify(src/cpp01_topic) by extension 'ignore'
[0.985s] Level 1:colcon.colcon_core.package_identification:_identify(src/cpp01_topic) by extension 'ignore_ament_install'
[0.985s] Level 1:colcon.colcon_core.package_identification:_identify(src/cpp01_topic) by extensions ['colcon_pkg']
[0.985s] Level 1:colcon.colcon_core.package_identification:_identify(src/cpp01_topic) by extension 'colcon_pkg'
[0.985s] Level 1:colcon.colcon_core.package_identification:_identify(src/cpp01_topic) by extensions ['colcon_meta']
[0.985s] Level 1:colcon.colcon_core.package_identification:_identify(src/cpp01_topic) by extension 'colcon_meta'
[0.985s] Level 1:colcon.colcon_core.package_identification:_identify(src/cpp01_topic) by extensions ['ros']
[0.985s] Level 1:colcon.colcon_core.package_identification:_identify(src/cpp01_topic) by extension 'ros'
[0.985s] DEBUG:colcon.colcon_core.package_identification:Package 'src/cpp01_topic' with type 'ros.ament_cmake' and name 'cpp01_topic'
[0.985s] Level 1:colcon.colcon_core.package_identification:_identify(src/cpp02_service) by extensions ['ignore', 'ignore_ament_install']
[0.986s] Level 1:colcon.colcon_core.package_identification:_identify(src/cpp02_service) by extension 'ignore'
[0.986s] Level 1:colcon.colcon_core.package_identification:_identify(src/cpp02_service) by extension 'ignore_ament_install'
[0.986s] Level 1:colcon.colcon_core.package_identification:_identify(src/cpp02_service) by extensions ['colcon_pkg']
[0.986s] Level 1:colcon.colcon_core.package_identification:_identify(src/cpp02_service) by extension 'colcon_pkg'
[0.986s] Level 1:colcon.colcon_core.package_identification:_identify(src/cpp02_service) by extensions ['colcon_meta']
[0.986s] Level 1:colcon.colcon_core.package_identification:_identify(src/cpp02_service) by extension 'colcon_meta'
[0.986s] Level 1:colcon.colcon_core.package_identification:_identify(src/cpp02_service) by extensions ['ros']
[0.986s] Level 1:colcon.colcon_core.package_identification:_identify(src/cpp02_service) by extension 'ros'
[0.986s] DEBUG:colcon.colcon_core.package_identification:Package 'src/cpp02_service' with type 'ros.ament_cmake' and name 'cpp02_service'
[0.986s] Level 1:colcon.colcon_core.package_identification:_identify(src/cpp03_action) by extensions ['ignore', 'ignore_ament_install']
[0.986s] Level 1:colcon.colcon_core.package_identification:_identify(src/cpp03_action) by extension 'ignore'
[0.987s] Level 1:colcon.colcon_core.package_identification:_identify(src/cpp03_action) by extension 'ignore_ament_install'
[0.987s] Level 1:colcon.colcon_core.package_identification:_identify(src/cpp03_action) by extensions ['colcon_pkg']
[0.987s] Level 1:colcon.colcon_core.package_identification:_identify(src/cpp03_action) by extension 'colcon_pkg'
[0.987s] Level 1:colcon.colcon_core.package_identification:_identify(src/cpp03_action) by extensions ['colcon_meta']
[0.987s] Level 1:colcon.colcon_core.package_identification:_identify(src/cpp03_action) by extension 'colcon_meta'
[0.987s] Level 1:colcon.colcon_core.package_identification:_identify(src/cpp03_action) by extensions ['ros']
[0.987s] Level 1:colcon.colcon_core.package_identification:_identify(src/cpp03_action) by extension 'ros'
[0.987s] DEBUG:colcon.colcon_core.package_identification:Package 'src/cpp03_action' with type 'ros.ament_cmake' and name 'cpp03_action'
[0.988s] Level 1:colcon.colcon_core.package_identification:_identify(src/cpp04_param) by extensions ['ignore', 'ignore_ament_install']
[0.988s] Level 1:colcon.colcon_core.package_identification:_identify(src/cpp04_param) by extension 'ignore'
[0.988s] Level 1:colcon.colcon_core.package_identification:_identify(src/cpp04_param) by extension 'ignore_ament_install'
[0.988s] Level 1:colcon.colcon_core.package_identification:_identify(src/cpp04_param) by extensions ['colcon_pkg']
[0.988s] Level 1:colcon.colcon_core.package_identification:_identify(src/cpp04_param) by extension 'colcon_pkg'
[0.988s] Level 1:colcon.colcon_core.package_identification:_identify(src/cpp04_param) by extensions ['colcon_meta']
[0.988s] Level 1:colcon.colcon_core.package_identification:_identify(src/cpp04_param) by extension 'colcon_meta'
[0.988s] Level 1:colcon.colcon_core.package_identification:_identify(src/cpp04_param) by extensions ['ros']
[0.988s] Level 1:colcon.colcon_core.package_identification:_identify(src/cpp04_param) by extension 'ros'
[0.988s] DEBUG:colcon.colcon_core.package_identification:Package 'src/cpp04_param' with type 'ros.ament_cmake' and name 'cpp04_param'
[0.988s] Level 1:colcon.colcon_core.package_identification:_identify(src/py01_topic) by extensions ['ignore', 'ignore_ament_install']
[0.988s] Level 1:colcon.colcon_core.package_identification:_identify(src/py01_topic) by extension 'ignore'
[0.989s] Level 1:colcon.colcon_core.package_identification:_identify(src/py01_topic) by extension 'ignore_ament_install'
[0.989s] Level 1:colcon.colcon_core.package_identification:_identify(src/py01_topic) by extensions ['colcon_pkg']
[0.989s] Level 1:colcon.colcon_core.package_identification:_identify(src/py01_topic) by extension 'colcon_pkg'
[0.989s] Level 1:colcon.colcon_core.package_identification:_identify(src/py01_topic) by extensions ['colcon_meta']
[0.989s] Level 1:colcon.colcon_core.package_identification:_identify(src/py01_topic) by extension 'colcon_meta'
[0.989s] Level 1:colcon.colcon_core.package_identification:_identify(src/py01_topic) by extensions ['ros']
[0.989s] Level 1:colcon.colcon_core.package_identification:_identify(src/py01_topic) by extension 'ros'
[0.989s] DEBUG:colcon.colcon_core.package_identification:Package 'src/py01_topic' with type 'ros.ament_python' and name 'py01_topic'
[0.990s] Level 1:colcon.colcon_core.package_identification:_identify(src/py02_service) by extensions ['ignore', 'ignore_ament_install']
[0.990s] Level 1:colcon.colcon_core.package_identification:_identify(src/py02_service) by extension 'ignore'
[0.990s] Level 1:colcon.colcon_core.package_identification:_identify(src/py02_service) by extension 'ignore_ament_install'
[0.990s] Level 1:colcon.colcon_core.package_identification:_identify(src/py02_service) by extensions ['colcon_pkg']
[0.990s] Level 1:colcon.colcon_core.package_identification:_identify(src/py02_service) by extension 'colcon_pkg'
[0.990s] Level 1:colcon.colcon_core.package_identification:_identify(src/py02_service) by extensions ['colcon_meta']
[0.990s] Level 1:colcon.colcon_core.package_identification:_identify(src/py02_service) by extension 'colcon_meta'
[0.990s] Level 1:colcon.colcon_core.package_identification:_identify(src/py02_service) by extensions ['ros']
[0.990s] Level 1:colcon.colcon_core.package_identification:_identify(src/py02_service) by extension 'ros'
[0.991s] DEBUG:colcon.colcon_core.package_identification:Package 'src/py02_service' with type 'ros.ament_python' and name 'py02_service'
[0.991s] Level 1:colcon.colcon_core.package_identification:_identify(src/py03_action) by extensions ['ignore', 'ignore_ament_install']
[0.992s] Level 1:colcon.colcon_core.package_identification:_identify(src/py03_action) by extension 'ignore'
[0.992s] Level 1:colcon.colcon_core.package_identification:_identify(src/py03_action) by extension 'ignore_ament_install'
[0.992s] Level 1:colcon.colcon_core.package_identification:_identify(src/py03_action) by extensions ['colcon_pkg']
[0.992s] Level 1:colcon.colcon_core.package_identification:_identify(src/py03_action) by extension 'colcon_pkg'
[0.992s] Level 1:colcon.colcon_core.package_identification:_identify(src/py03_action) by extensions ['colcon_meta']
[0.992s] Level 1:colcon.colcon_core.package_identification:_identify(src/py03_action) by extension 'colcon_meta'
[0.992s] Level 1:colcon.colcon_core.package_identification:_identify(src/py03_action) by extensions ['ros']
[0.992s] Level 1:colcon.colcon_core.package_identification:_identify(src/py03_action) by extension 'ros'
[0.992s] DEBUG:colcon.colcon_core.package_identification:Package 'src/py03_action' with type 'ros.ament_python' and name 'py03_action'
[0.992s] Level 1:colcon.colcon_core.package_identification:_identify(src/py04_param) by extensions ['ignore', 'ignore_ament_install']
[0.993s] Level 1:colcon.colcon_core.package_identification:_identify(src/py04_param) by extension 'ignore'
[0.993s] Level 1:colcon.colcon_core.package_identification:_identify(src/py04_param) by extension 'ignore_ament_install'
[0.993s] Level 1:colcon.colcon_core.package_identification:_identify(src/py04_param) by extensions ['colcon_pkg']
[0.993s] Level 1:colcon.colcon_core.package_identification:_identify(src/py04_param) by extension 'colcon_pkg'
[0.993s] Level 1:colcon.colcon_core.package_identification:_identify(src/py04_param) by extensions ['colcon_meta']
[0.993s] Level 1:colcon.colcon_core.package_identification:_identify(src/py04_param) by extension 'colcon_meta'
[0.993s] Level 1:colcon.colcon_core.package_identification:_identify(src/py04_param) by extensions ['ros']
[0.993s] Level 1:colcon.colcon_core.package_identification:_identify(src/py04_param) by extension 'ros'
[0.993s] DEBUG:colcon.colcon_core.package_identification:Package 'src/py04_param' with type 'ros.ament_python' and name 'py04_param'
[0.993s] Level 1:colcon.colcon_core.package_discovery:discover_packages(recursive) using defaults
[0.993s] Level 1:colcon.colcon_core.package_discovery:discover_packages(ignore) discover
[0.993s] Level 1:colcon.colcon_core.package_discovery:discover_packages(ignore) using defaults
[0.993s] Level 1:colcon.colcon_core.package_discovery:discover_packages(path) discover
[0.993s] Level 1:colcon.colcon_core.package_discovery:discover_packages(path) using defaults
[1.070s] INFO:colcon.colcon_core.package_selection:Skipping not selected package 'base_interfaces_demo' in 'src/base_interfaces_demo'
[1.070s] INFO:colcon.colcon_core.package_selection:Skipping not selected package 'base_interfaces_demo' in 'base_interfaces_demo'
[1.070s] INFO:colcon.colcon_core.package_selection:Skipping not selected package 'py04_param' in 'src/py04_param'
[1.070s] INFO:colcon.colcon_core.package_selection:Skipping not selected package 'cpp01_topic' in 'src/cpp01_topic'
[1.070s] INFO:colcon.colcon_core.package_selection:Skipping not selected package 'cpp02_service' in 'src/cpp02_service'
[1.070s] INFO:colcon.colcon_core.package_selection:Skipping not selected package 'cpp03_action' in 'src/cpp03_action'
[1.070s] INFO:colcon.colcon_core.package_selection:Skipping not selected package 'py01_topic' in 'src/py01_topic'
[1.070s] INFO:colcon.colcon_core.package_selection:Skipping not selected package 'py02_service' in 'src/py02_service'
[1.070s] INFO:colcon.colcon_core.package_selection:Skipping not selected package 'py03_action' in 'src/py03_action'
[1.097s] Level 1:colcon.colcon_core.package_discovery:discover_packages(prefix_path) check parameters
[1.097s] Level 1:colcon.colcon_core.package_discovery:discover_packages(prefix_path) discover
[1.126s] DEBUG:colcon.colcon_installed_package_information.package_discovery:Found 9 installed packages in /home/lhy/ws01_plumbing/install
[1.143s] DEBUG:colcon.colcon_installed_package_information.package_discovery:Found 275 installed packages in /opt/ros/humble
[1.145s] Level 1:colcon.colcon_core.package_discovery:discover_packages(prefix_path) using defaults
[1.231s] Level 5:colcon.colcon_core.verb:set package 'cpp04_param' build argument 'cmake_args' from command line to 'None'
[1.231s] Level 5:colcon.colcon_core.verb:set package 'cpp04_param' build argument 'cmake_target' from command line to 'None'
[1.231s] Level 5:colcon.colcon_core.verb:set package 'cpp04_param' build argument 'cmake_target_skip_unavailable' from command line to 'False'
[1.231s] Level 5:colcon.colcon_core.verb:set package 'cpp04_param' build argument 'cmake_clean_cache' from command line to 'False'
[1.232s] Level 5:colcon.colcon_core.verb:set package 'cpp04_param' build argument 'cmake_clean_first' from command line to 'False'
[1.232s] Level 5:colcon.colcon_core.verb:set package 'cpp04_param' build argument 'cmake_force_configure' from command line to 'False'
[1.232s] Level 5:colcon.colcon_core.verb:set package 'cpp04_param' build argument 'ament_cmake_args' from command line to 'None'
[1.232s] Level 5:colcon.colcon_core.verb:set package 'cpp04_param' build argument 'catkin_cmake_args' from command line to 'None'
[1.232s] Level 5:colcon.colcon_core.verb:set package 'cpp04_param' build argument 'catkin_skip_building_tests' from command line to 'False'
[1.232s] DEBUG:colcon.colcon_core.verb:Building package 'cpp04_param' with the following arguments: {'ament_cmake_args': None, 'build_base': '/home/lhy/ws01_plumbing/build/cpp04_param', 'catkin_cmake_args': None, 'catkin_skip_building_tests': False, 'cmake_args': None, 'cmake_clean_cache': False, 'cmake_clean_first': False, 'cmake_force_configure': False, 'cmake_target': None, 'cmake_target_skip_unavailable': False, 'install_base': '/home/lhy/ws01_plumbing/install/cpp04_param', 'merge_install': False, 'path': '/home/lhy/ws01_plumbing/src/cpp04_param', 'symlink_install': False, 'test_result_base': None}
[1.245s] INFO:colcon.colcon_core.executor:Executing jobs using 'parallel' executor
[1.260s] DEBUG:colcon.colcon_parallel_executor.executor.parallel:run_until_complete
[1.260s] INFO:colcon.colcon_ros.task.ament_cmake.build:Building ROS package in '/home/lhy/ws01_plumbing/src/cpp04_param' with build type 'ament_cmake'
[1.260s] INFO:colcon.colcon_cmake.task.cmake.build:Building CMake package in '/home/lhy/ws01_plumbing/src/cpp04_param'
[1.276s] INFO:colcon.colcon_core.plugin_system:Skipping extension 'colcon_core.shell.bat': Not used on non-Windows systems
[1.276s] INFO:colcon.colcon_core.shell:Skip shell extension 'powershell' for command environment: Not usable outside of PowerShell
[1.276s] DEBUG:colcon.colcon_core.shell:Skip shell extension 'dsv' for command environment
[1.326s] DEBUG:colcon.colcon_core.event_handler.log_command:Invoking command in '/home/lhy/ws01_plumbing/build/cpp04_param': CMAKE_PREFIX_PATH=${CMAKE_PREFIX_PATH}:/home/lhy/ws01_plumbing/install/py04_param:/home/lhy/ws01_plumbing/install/py03_action:/home/lhy/ws01_plumbing/install/py02_service:/home/lhy/ws01_plumbing/install/py01_topic:/opt/ros/humble /usr/bin/cmake --build /home/lhy/ws01_plumbing/build/cpp04_param -- -j8 -l8
[5.090s] DEBUG:colcon.colcon_core.event_handler.log_command:Invoked command in '/home/lhy/ws01_plumbing/build/cpp04_param' returned '0': CMAKE_PREFIX_PATH=${CMAKE_PREFIX_PATH}:/home/lhy/ws01_plumbing/install/py04_param:/home/lhy/ws01_plumbing/install/py03_action:/home/lhy/ws01_plumbing/install/py02_service:/home/lhy/ws01_plumbing/install/py01_topic:/opt/ros/humble /usr/bin/cmake --build /home/lhy/ws01_plumbing/build/cpp04_param -- -j8 -l8
[5.140s] DEBUG:colcon.colcon_core.event_handler.log_command:Invoking command in '/home/lhy/ws01_plumbing/build/cpp04_param': CMAKE_PREFIX_PATH=${CMAKE_PREFIX_PATH}:/home/lhy/ws01_plumbing/install/py04_param:/home/lhy/ws01_plumbing/install/py03_action:/home/lhy/ws01_plumbing/install/py02_service:/home/lhy/ws01_plumbing/install/py01_topic:/opt/ros/humble /usr/bin/cmake --install /home/lhy/ws01_plumbing/build/cpp04_param
[5.156s] Level 1:colcon.colcon_core.environment:create_environment_scripts_only(cpp04_param)
[5.157s] DEBUG:colcon.colcon_core.event_handler.log_command:Invoked command in '/home/lhy/ws01_plumbing/build/cpp04_param' returned '0': CMAKE_PREFIX_PATH=${CMAKE_PREFIX_PATH}:/home/lhy/ws01_plumbing/install/py04_param:/home/lhy/ws01_plumbing/install/py03_action:/home/lhy/ws01_plumbing/install/py02_service:/home/lhy/ws01_plumbing/install/py01_topic:/opt/ros/humble /usr/bin/cmake --install /home/lhy/ws01_plumbing/build/cpp04_param
[5.179s] Level 1:colcon.colcon_core.environment:checking '/home/lhy/ws01_plumbing/install/cpp04_param' for CMake module files
[5.179s] Level 1:colcon.colcon_core.environment:checking '/home/lhy/ws01_plumbing/install/cpp04_param' for CMake config files
[5.180s] Level 1:colcon.colcon_core.shell:create_environment_hook('cpp04_param', 'cmake_prefix_path')
[5.194s] INFO:colcon.colcon_core.shell:Creating environment hook '/home/lhy/ws01_plumbing/install/cpp04_param/share/cpp04_param/hook/cmake_prefix_path.ps1'
[5.194s] INFO:colcon.colcon_core.shell:Creating environment descriptor '/home/lhy/ws01_plumbing/install/cpp04_param/share/cpp04_param/hook/cmake_prefix_path.dsv'
[5.194s] INFO:colcon.colcon_core.shell:Creating environment hook '/home/lhy/ws01_plumbing/install/cpp04_param/share/cpp04_param/hook/cmake_prefix_path.sh'
[5.195s] Level 1:colcon.colcon_core.environment:checking '/home/lhy/ws01_plumbing/install/cpp04_param/lib'
[5.195s] Level 1:colcon.colcon_core.environment:checking '/home/lhy/ws01_plumbing/install/cpp04_param/bin'
[5.195s] Level 1:colcon.colcon_core.environment:checking '/home/lhy/ws01_plumbing/install/cpp04_param/lib/pkgconfig/cpp04_param.pc'
[5.196s] Level 1:colcon.colcon_core.environment:checking '/home/lhy/ws01_plumbing/install/cpp04_param/lib/python3.10/site-packages'
[5.196s] Level 1:colcon.colcon_core.environment:checking '/home/lhy/ws01_plumbing/install/cpp04_param/bin'
[5.209s] INFO:colcon.colcon_core.shell:Creating package script '/home/lhy/ws01_plumbing/install/cpp04_param/share/cpp04_param/package.ps1'
[5.210s] INFO:colcon.colcon_core.shell:Creating package descriptor '/home/lhy/ws01_plumbing/install/cpp04_param/share/cpp04_param/package.dsv'
[5.210s] INFO:colcon.colcon_core.shell:Creating package script '/home/lhy/ws01_plumbing/install/cpp04_param/share/cpp04_param/package.sh'
[5.211s] INFO:colcon.colcon_core.shell:Creating package script '/home/lhy/ws01_plumbing/install/cpp04_param/share/cpp04_param/package.bash'
[5.212s] INFO:colcon.colcon_core.shell:Creating package script '/home/lhy/ws01_plumbing/install/cpp04_param/share/cpp04_param/package.zsh'
[5.212s] Level 1:colcon.colcon_core.environment:create_file_with_runtime_dependencies(/home/lhy/ws01_plumbing/install/cpp04_param/share/colcon-core/packages/cpp04_param)
[5.253s] Level 1:colcon.colcon_core.environment:create_environment_scripts_only(cpp04_param)
[5.267s] Level 1:colcon.colcon_core.environment:checking '/home/lhy/ws01_plumbing/install/cpp04_param' for CMake module files
[5.267s] Level 1:colcon.colcon_core.environment:checking '/home/lhy/ws01_plumbing/install/cpp04_param' for CMake config files
[5.267s] Level 1:colcon.colcon_core.shell:create_environment_hook('cpp04_param', 'cmake_prefix_path')
[5.282s] INFO:colcon.colcon_core.shell:Creating environment hook '/home/lhy/ws01_plumbing/install/cpp04_param/share/cpp04_param/hook/cmake_prefix_path.ps1'
[5.282s] INFO:colcon.colcon_core.shell:Creating environment descriptor '/home/lhy/ws01_plumbing/install/cpp04_param/share/cpp04_param/hook/cmake_prefix_path.dsv'
[5.282s] INFO:colcon.colcon_core.shell:Creating environment hook '/home/lhy/ws01_plumbing/install/cpp04_param/share/cpp04_param/hook/cmake_prefix_path.sh'
[5.283s] Level 1:colcon.colcon_core.environment:checking '/home/lhy/ws01_plumbing/install/cpp04_param/lib'
[5.283s] Level 1:colcon.colcon_core.environment:checking '/home/lhy/ws01_plumbing/install/cpp04_param/bin'
[5.283s] Level 1:colcon.colcon_core.environment:checking '/home/lhy/ws01_plumbing/install/cpp04_param/lib/pkgconfig/cpp04_param.pc'
[5.283s] Level 1:colcon.colcon_core.environment:checking '/home/lhy/ws01_plumbing/install/cpp04_param/lib/python3.10/site-packages'
[5.284s] Level 1:colcon.colcon_core.environment:checking '/home/lhy/ws01_plumbing/install/cpp04_param/bin'
[5.311s] INFO:colcon.colcon_core.shell:Creating package script '/home/lhy/ws01_plumbing/install/cpp04_param/share/cpp04_param/package.ps1'
[5.312s] INFO:colcon.colcon_core.shell:Creating package descriptor '/home/lhy/ws01_plumbing/install/cpp04_param/share/cpp04_param/package.dsv'
[5.312s] INFO:colcon.colcon_core.shell:Creating package script '/home/lhy/ws01_plumbing/install/cpp04_param/share/cpp04_param/package.sh'
[5.313s] INFO:colcon.colcon_core.shell:Creating package script '/home/lhy/ws01_plumbing/install/cpp04_param/share/cpp04_param/package.bash'
[5.313s] INFO:colcon.colcon_core.shell:Creating package script '/home/lhy/ws01_plumbing/install/cpp04_param/share/cpp04_param/package.zsh'
[5.314s] Level 1:colcon.colcon_core.environment:create_file_with_runtime_dependencies(/home/lhy/ws01_plumbing/install/cpp04_param/share/colcon-core/packages/cpp04_param)
[5.314s] DEBUG:colcon.colcon_parallel_executor.executor.parallel:closing loop
[5.315s] DEBUG:colcon.colcon_parallel_executor.executor.parallel:loop closed
[5.315s] DEBUG:colcon.colcon_parallel_executor.executor.parallel:run_until_complete finished with '0'
[5.315s] DEBUG:colcon.colcon_core.event_reactor:joining thread
[5.338s] INFO:colcon.colcon_core.plugin_system:Skipping extension 'colcon_notification.desktop_notification.terminal_notifier': Not used on non-Darwin systems
[5.338s] INFO:colcon.colcon_core.plugin_system:Skipping extension 'colcon_notification.desktop_notification.win32': Not used on non-Windows systems
[5.338s] INFO:colcon.colcon_notification.desktop_notification:Sending desktop notification using 'notify2'
[5.349s] DEBUG:colcon.colcon_core.event_reactor:joined thread
[5.364s] INFO:colcon.colcon_core.shell:Creating prefix script '/home/lhy/ws01_plumbing/install/local_setup.ps1'
[5.365s] INFO:colcon.colcon_core.shell:Creating prefix util module '/home/lhy/ws01_plumbing/install/_local_setup_util_ps1.py'
[5.367s] INFO:colcon.colcon_core.shell:Creating prefix chain script '/home/lhy/ws01_plumbing/install/setup.ps1'
[5.383s] INFO:colcon.colcon_core.shell:Creating prefix script '/home/lhy/ws01_plumbing/install/local_setup.sh'
[5.384s] INFO:colcon.colcon_core.shell:Creating prefix util module '/home/lhy/ws01_plumbing/install/_local_setup_util_sh.py'
[5.384s] INFO:colcon.colcon_core.shell:Creating prefix chain script '/home/lhy/ws01_plumbing/install/setup.sh'
[5.398s] INFO:colcon.colcon_core.shell:Creating prefix script '/home/lhy/ws01_plumbing/install/local_setup.bash'
[5.399s] INFO:colcon.colcon_core.shell:Creating prefix chain script '/home/lhy/ws01_plumbing/install/setup.bash'
[5.414s] INFO:colcon.colcon_core.shell:Creating prefix script '/home/lhy/ws01_plumbing/install/local_setup.zsh'
[5.414s] INFO:colcon.colcon_core.shell:Creating prefix chain script '/home/lhy/ws01_plumbing/install/setup.zsh'
