[1.518s] DEBUG:colcon:Command line arguments: ['/usr/bin/colcon', 'build', '--packages-select', 'py03_action']
[1.519s] DEBUG:colcon:Parsed command line arguments: Namespace(log_base=None, log_level=None, verb_name='build', build_base='build', install_base='install', merge_install=False, symlink_install=False, test_result_base=None, continue_on_error=False, executor='parallel', parallel_workers=8, event_handlers=None, ignore_user_meta=False, metas=['./colcon.meta'], base_paths=['.'], packages_ignore=None, packages_ignore_regex=None, paths=None, packages_up_to=None, packages_up_to_regex=None, packages_above=None, packages_above_and_dependencies=None, packages_above_depth=None, packages_select_by_dep=None, packages_skip_by_dep=None, packages_skip_up_to=None, packages_select_build_failed=False, packages_skip_build_finished=False, packages_select_test_failures=False, packages_skip_test_passed=False, packages_select=['py03_action'], packages_skip=None, packages_select_regex=None, packages_skip_regex=None, packages_start=None, packages_end=None, allow_overriding=[], cmake_args=None, cmake_target=None, cmake_target_skip_unavailable=False, cmake_clean_cache=False, cmake_clean_first=False, cmake_force_configure=False, ament_cmake_args=None, catkin_cmake_args=None, catkin_skip_building_tests=False, verb_parser=<colcon_defaults.argument_parser.defaults.DefaultArgumentsDecorator object at 0x7fd67d19e710>, verb_extension=<colcon_core.verb.build.BuildVerb object at 0x7fd67d190c10>, main=<bound method BuildVerb.main of <colcon_core.verb.build.BuildVerb object at 0x7fd67d190c10>>)
[1.586s] Level 1:colcon.colcon_core.package_discovery:discover_packages(colcon_meta) check parameters
[1.587s] Level 1:colcon.colcon_core.package_discovery:discover_packages(recursive) check parameters
[1.587s] Level 1:colcon.colcon_core.package_discovery:discover_packages(ignore) check parameters
[1.587s] Level 1:colcon.colcon_core.package_discovery:discover_packages(path) check parameters
[1.587s] Level 1:colcon.colcon_core.package_discovery:discover_packages(colcon_meta) discover
[1.587s] Level 1:colcon.colcon_core.package_discovery:discover_packages(recursive) discover
[1.587s] INFO:colcon.colcon_core.package_discovery:Crawling recursively for packages in '/home/lhy/ws01_plumbing'
[1.587s] Level 1:colcon.colcon_core.package_identification:_identify(.) by extensions ['ignore', 'ignore_ament_install']
[1.587s] Level 1:colcon.colcon_core.package_identification:_identify(.) by extension 'ignore'
[1.587s] Level 1:colcon.colcon_core.package_identification:_identify(.) by extension 'ignore_ament_install'
[1.587s] Level 1:colcon.colcon_core.package_identification:_identify(.) by extensions ['colcon_pkg']
[1.587s] Level 1:colcon.colcon_core.package_identification:_identify(.) by extension 'colcon_pkg'
[1.588s] Level 1:colcon.colcon_core.package_identification:_identify(.) by extensions ['colcon_meta']
[1.588s] Level 1:colcon.colcon_core.package_identification:_identify(.) by extension 'colcon_meta'
[1.588s] Level 1:colcon.colcon_core.package_identification:_identify(.) by extensions ['ros']
[1.588s] Level 1:colcon.colcon_core.package_identification:_identify(.) by extension 'ros'
[1.602s] Level 1:colcon.colcon_core.package_identification:_identify(.) by extensions ['cmake', 'python']
[1.603s] Level 1:colcon.colcon_core.package_identification:_identify(.) by extension 'cmake'
[1.603s] Level 1:colcon.colcon_core.package_identification:_identify(.) by extension 'python'
[1.603s] Level 1:colcon.colcon_core.package_identification:_identify(.) by extensions ['python_setup_py']
[1.603s] Level 1:colcon.colcon_core.package_identification:_identify(.) by extension 'python_setup_py'
[1.603s] Level 1:colcon.colcon_core.package_identification:_identify(base_interfaces_demo) by extensions ['ignore', 'ignore_ament_install']
[1.603s] Level 1:colcon.colcon_core.package_identification:_identify(base_interfaces_demo) by extension 'ignore'
[1.603s] Level 1:colcon.colcon_core.package_identification:_identify(base_interfaces_demo) by extension 'ignore_ament_install'
[1.604s] Level 1:colcon.colcon_core.package_identification:_identify(base_interfaces_demo) by extensions ['colcon_pkg']
[1.604s] Level 1:colcon.colcon_core.package_identification:_identify(base_interfaces_demo) by extension 'colcon_pkg'
[1.604s] Level 1:colcon.colcon_core.package_identification:_identify(base_interfaces_demo) by extensions ['colcon_meta']
[1.604s] Level 1:colcon.colcon_core.package_identification:_identify(base_interfaces_demo) by extension 'colcon_meta'
[1.604s] Level 1:colcon.colcon_core.package_identification:_identify(base_interfaces_demo) by extensions ['ros']
[1.604s] Level 1:colcon.colcon_core.package_identification:_identify(base_interfaces_demo) by extension 'ros'
[1.610s] DEBUG:colcon.colcon_core.package_identification:Package 'base_interfaces_demo' with type 'ros.ament_cmake' and name 'base_interfaces_demo'
[1.610s] Level 1:colcon.colcon_core.package_identification:_identify(build) by extensions ['ignore', 'ignore_ament_install']
[1.610s] Level 1:colcon.colcon_core.package_identification:_identify(build) by extension 'ignore'
[1.610s] Level 1:colcon.colcon_core.package_identification:_identify(build) ignored
[1.611s] Level 1:colcon.colcon_core.package_identification:_identify(install) by extensions ['ignore', 'ignore_ament_install']
[1.611s] Level 1:colcon.colcon_core.package_identification:_identify(install) by extension 'ignore'
[1.611s] Level 1:colcon.colcon_core.package_identification:_identify(install) ignored
[1.611s] Level 1:colcon.colcon_core.package_identification:_identify(log) by extensions ['ignore', 'ignore_ament_install']
[1.611s] Level 1:colcon.colcon_core.package_identification:_identify(log) by extension 'ignore'
[1.611s] Level 1:colcon.colcon_core.package_identification:_identify(log) ignored
[1.611s] Level 1:colcon.colcon_core.package_identification:_identify(src) by extensions ['ignore', 'ignore_ament_install']
[1.611s] Level 1:colcon.colcon_core.package_identification:_identify(src) by extension 'ignore'
[1.612s] Level 1:colcon.colcon_core.package_identification:_identify(src) by extension 'ignore_ament_install'
[1.612s] Level 1:colcon.colcon_core.package_identification:_identify(src) by extensions ['colcon_pkg']
[1.612s] Level 1:colcon.colcon_core.package_identification:_identify(src) by extension 'colcon_pkg'
[1.612s] Level 1:colcon.colcon_core.package_identification:_identify(src) by extensions ['colcon_meta']
[1.612s] Level 1:colcon.colcon_core.package_identification:_identify(src) by extension 'colcon_meta'
[1.612s] Level 1:colcon.colcon_core.package_identification:_identify(src) by extensions ['ros']
[1.612s] Level 1:colcon.colcon_core.package_identification:_identify(src) by extension 'ros'
[1.612s] Level 1:colcon.colcon_core.package_identification:_identify(src) by extensions ['cmake', 'python']
[1.612s] Level 1:colcon.colcon_core.package_identification:_identify(src) by extension 'cmake'
[1.612s] Level 1:colcon.colcon_core.package_identification:_identify(src) by extension 'python'
[1.612s] Level 1:colcon.colcon_core.package_identification:_identify(src) by extensions ['python_setup_py']
[1.612s] Level 1:colcon.colcon_core.package_identification:_identify(src) by extension 'python_setup_py'
[1.612s] Level 1:colcon.colcon_core.package_identification:_identify(src/base_interfaces_demo) by extensions ['ignore', 'ignore_ament_install']
[1.612s] Level 1:colcon.colcon_core.package_identification:_identify(src/base_interfaces_demo) by extension 'ignore'
[1.613s] Level 1:colcon.colcon_core.package_identification:_identify(src/base_interfaces_demo) by extension 'ignore_ament_install'
[1.613s] Level 1:colcon.colcon_core.package_identification:_identify(src/base_interfaces_demo) by extensions ['colcon_pkg']
[1.613s] Level 1:colcon.colcon_core.package_identification:_identify(src/base_interfaces_demo) by extension 'colcon_pkg'
[1.613s] Level 1:colcon.colcon_core.package_identification:_identify(src/base_interfaces_demo) by extensions ['colcon_meta']
[1.613s] Level 1:colcon.colcon_core.package_identification:_identify(src/base_interfaces_demo) by extension 'colcon_meta'
[1.613s] Level 1:colcon.colcon_core.package_identification:_identify(src/base_interfaces_demo) by extensions ['ros']
[1.613s] Level 1:colcon.colcon_core.package_identification:_identify(src/base_interfaces_demo) by extension 'ros'
[1.614s] DEBUG:colcon.colcon_core.package_identification:Package 'src/base_interfaces_demo' with type 'ros.ament_cmake' and name 'base_interfaces_demo'
[1.614s] Level 1:colcon.colcon_core.package_identification:_identify(src/cpp01_topic) by extensions ['ignore', 'ignore_ament_install']
[1.614s] Level 1:colcon.colcon_core.package_identification:_identify(src/cpp01_topic) by extension 'ignore'
[1.614s] Level 1:colcon.colcon_core.package_identification:_identify(src/cpp01_topic) by extension 'ignore_ament_install'
[1.614s] Level 1:colcon.colcon_core.package_identification:_identify(src/cpp01_topic) by extensions ['colcon_pkg']
[1.614s] Level 1:colcon.colcon_core.package_identification:_identify(src/cpp01_topic) by extension 'colcon_pkg'
[1.614s] Level 1:colcon.colcon_core.package_identification:_identify(src/cpp01_topic) by extensions ['colcon_meta']
[1.614s] Level 1:colcon.colcon_core.package_identification:_identify(src/cpp01_topic) by extension 'colcon_meta'
[1.614s] Level 1:colcon.colcon_core.package_identification:_identify(src/cpp01_topic) by extensions ['ros']
[1.614s] Level 1:colcon.colcon_core.package_identification:_identify(src/cpp01_topic) by extension 'ros'
[1.615s] DEBUG:colcon.colcon_core.package_identification:Package 'src/cpp01_topic' with type 'ros.ament_cmake' and name 'cpp01_topic'
[1.615s] Level 1:colcon.colcon_core.package_identification:_identify(src/cpp02_service) by extensions ['ignore', 'ignore_ament_install']
[1.616s] Level 1:colcon.colcon_core.package_identification:_identify(src/cpp02_service) by extension 'ignore'
[1.616s] Level 1:colcon.colcon_core.package_identification:_identify(src/cpp02_service) by extension 'ignore_ament_install'
[1.616s] Level 1:colcon.colcon_core.package_identification:_identify(src/cpp02_service) by extensions ['colcon_pkg']
[1.616s] Level 1:colcon.colcon_core.package_identification:_identify(src/cpp02_service) by extension 'colcon_pkg'
[1.616s] Level 1:colcon.colcon_core.package_identification:_identify(src/cpp02_service) by extensions ['colcon_meta']
[1.616s] Level 1:colcon.colcon_core.package_identification:_identify(src/cpp02_service) by extension 'colcon_meta'
[1.616s] Level 1:colcon.colcon_core.package_identification:_identify(src/cpp02_service) by extensions ['ros']
[1.616s] Level 1:colcon.colcon_core.package_identification:_identify(src/cpp02_service) by extension 'ros'
[1.617s] DEBUG:colcon.colcon_core.package_identification:Package 'src/cpp02_service' with type 'ros.ament_cmake' and name 'cpp02_service'
[1.617s] Level 1:colcon.colcon_core.package_identification:_identify(src/cpp03_action) by extensions ['ignore', 'ignore_ament_install']
[1.617s] Level 1:colcon.colcon_core.package_identification:_identify(src/cpp03_action) by extension 'ignore'
[1.617s] Level 1:colcon.colcon_core.package_identification:_identify(src/cpp03_action) by extension 'ignore_ament_install'
[1.617s] Level 1:colcon.colcon_core.package_identification:_identify(src/cpp03_action) by extensions ['colcon_pkg']
[1.617s] Level 1:colcon.colcon_core.package_identification:_identify(src/cpp03_action) by extension 'colcon_pkg'
[1.617s] Level 1:colcon.colcon_core.package_identification:_identify(src/cpp03_action) by extensions ['colcon_meta']
[1.617s] Level 1:colcon.colcon_core.package_identification:_identify(src/cpp03_action) by extension 'colcon_meta'
[1.617s] Level 1:colcon.colcon_core.package_identification:_identify(src/cpp03_action) by extensions ['ros']
[1.618s] Level 1:colcon.colcon_core.package_identification:_identify(src/cpp03_action) by extension 'ros'
[1.620s] DEBUG:colcon.colcon_core.package_identification:Package 'src/cpp03_action' with type 'ros.ament_cmake' and name 'cpp03_action'
[1.620s] Level 1:colcon.colcon_core.package_identification:_identify(src/py01_topic) by extensions ['ignore', 'ignore_ament_install']
[1.621s] Level 1:colcon.colcon_core.package_identification:_identify(src/py01_topic) by extension 'ignore'
[1.621s] Level 1:colcon.colcon_core.package_identification:_identify(src/py01_topic) by extension 'ignore_ament_install'
[1.621s] Level 1:colcon.colcon_core.package_identification:_identify(src/py01_topic) by extensions ['colcon_pkg']
[1.621s] Level 1:colcon.colcon_core.package_identification:_identify(src/py01_topic) by extension 'colcon_pkg'
[1.621s] Level 1:colcon.colcon_core.package_identification:_identify(src/py01_topic) by extensions ['colcon_meta']
[1.621s] Level 1:colcon.colcon_core.package_identification:_identify(src/py01_topic) by extension 'colcon_meta'
[1.621s] Level 1:colcon.colcon_core.package_identification:_identify(src/py01_topic) by extensions ['ros']
[1.621s] Level 1:colcon.colcon_core.package_identification:_identify(src/py01_topic) by extension 'ros'
[1.622s] DEBUG:colcon.colcon_core.package_identification:Package 'src/py01_topic' with type 'ros.ament_python' and name 'py01_topic'
[1.622s] Level 1:colcon.colcon_core.package_identification:_identify(src/py02_service) by extensions ['ignore', 'ignore_ament_install']
[1.623s] Level 1:colcon.colcon_core.package_identification:_identify(src/py02_service) by extension 'ignore'
[1.623s] Level 1:colcon.colcon_core.package_identification:_identify(src/py02_service) by extension 'ignore_ament_install'
[1.623s] Level 1:colcon.colcon_core.package_identification:_identify(src/py02_service) by extensions ['colcon_pkg']
[1.623s] Level 1:colcon.colcon_core.package_identification:_identify(src/py02_service) by extension 'colcon_pkg'
[1.623s] Level 1:colcon.colcon_core.package_identification:_identify(src/py02_service) by extensions ['colcon_meta']
[1.623s] Level 1:colcon.colcon_core.package_identification:_identify(src/py02_service) by extension 'colcon_meta'
[1.623s] Level 1:colcon.colcon_core.package_identification:_identify(src/py02_service) by extensions ['ros']
[1.623s] Level 1:colcon.colcon_core.package_identification:_identify(src/py02_service) by extension 'ros'
[1.624s] DEBUG:colcon.colcon_core.package_identification:Package 'src/py02_service' with type 'ros.ament_python' and name 'py02_service'
[1.624s] Level 1:colcon.colcon_core.package_identification:_identify(src/py03_action) by extensions ['ignore', 'ignore_ament_install']
[1.624s] Level 1:colcon.colcon_core.package_identification:_identify(src/py03_action) by extension 'ignore'
[1.624s] Level 1:colcon.colcon_core.package_identification:_identify(src/py03_action) by extension 'ignore_ament_install'
[1.624s] Level 1:colcon.colcon_core.package_identification:_identify(src/py03_action) by extensions ['colcon_pkg']
[1.624s] Level 1:colcon.colcon_core.package_identification:_identify(src/py03_action) by extension 'colcon_pkg'
[1.624s] Level 1:colcon.colcon_core.package_identification:_identify(src/py03_action) by extensions ['colcon_meta']
[1.624s] Level 1:colcon.colcon_core.package_identification:_identify(src/py03_action) by extension 'colcon_meta'
[1.624s] Level 1:colcon.colcon_core.package_identification:_identify(src/py03_action) by extensions ['ros']
[1.624s] Level 1:colcon.colcon_core.package_identification:_identify(src/py03_action) by extension 'ros'
[1.625s] DEBUG:colcon.colcon_core.package_identification:Package 'src/py03_action' with type 'ros.ament_python' and name 'py03_action'
[1.625s] Level 1:colcon.colcon_core.package_discovery:discover_packages(recursive) using defaults
[1.625s] Level 1:colcon.colcon_core.package_discovery:discover_packages(ignore) discover
[1.625s] Level 1:colcon.colcon_core.package_discovery:discover_packages(ignore) using defaults
[1.625s] Level 1:colcon.colcon_core.package_discovery:discover_packages(path) discover
[1.625s] Level 1:colcon.colcon_core.package_discovery:discover_packages(path) using defaults
[1.718s] INFO:colcon.colcon_core.package_selection:Skipping not selected package 'base_interfaces_demo' in 'src/base_interfaces_demo'
[1.718s] INFO:colcon.colcon_core.package_selection:Skipping not selected package 'base_interfaces_demo' in 'base_interfaces_demo'
[1.718s] INFO:colcon.colcon_core.package_selection:Skipping not selected package 'cpp01_topic' in 'src/cpp01_topic'
[1.718s] INFO:colcon.colcon_core.package_selection:Skipping not selected package 'cpp02_service' in 'src/cpp02_service'
[1.718s] INFO:colcon.colcon_core.package_selection:Skipping not selected package 'cpp03_action' in 'src/cpp03_action'
[1.718s] INFO:colcon.colcon_core.package_selection:Skipping not selected package 'py01_topic' in 'src/py01_topic'
[1.718s] INFO:colcon.colcon_core.package_selection:Skipping not selected package 'py02_service' in 'src/py02_service'
[1.757s] Level 1:colcon.colcon_core.package_discovery:discover_packages(prefix_path) check parameters
[1.758s] Level 1:colcon.colcon_core.package_discovery:discover_packages(prefix_path) discover
[1.802s] DEBUG:colcon.colcon_installed_package_information.package_discovery:Found 274 installed packages in /opt/ros/humble
[1.804s] Level 1:colcon.colcon_core.package_discovery:discover_packages(prefix_path) using defaults
[1.977s] Level 5:colcon.colcon_core.verb:set package 'py03_action' build argument 'cmake_args' from command line to 'None'
[1.977s] Level 5:colcon.colcon_core.verb:set package 'py03_action' build argument 'cmake_target' from command line to 'None'
[1.978s] Level 5:colcon.colcon_core.verb:set package 'py03_action' build argument 'cmake_target_skip_unavailable' from command line to 'False'
[1.978s] Level 5:colcon.colcon_core.verb:set package 'py03_action' build argument 'cmake_clean_cache' from command line to 'False'
[1.978s] Level 5:colcon.colcon_core.verb:set package 'py03_action' build argument 'cmake_clean_first' from command line to 'False'
[1.978s] Level 5:colcon.colcon_core.verb:set package 'py03_action' build argument 'cmake_force_configure' from command line to 'False'
[1.978s] Level 5:colcon.colcon_core.verb:set package 'py03_action' build argument 'ament_cmake_args' from command line to 'None'
[1.978s] Level 5:colcon.colcon_core.verb:set package 'py03_action' build argument 'catkin_cmake_args' from command line to 'None'
[1.978s] Level 5:colcon.colcon_core.verb:set package 'py03_action' build argument 'catkin_skip_building_tests' from command line to 'False'
[1.978s] DEBUG:colcon.colcon_core.verb:Building package 'py03_action' with the following arguments: {'ament_cmake_args': None, 'build_base': '/home/lhy/ws01_plumbing/build/py03_action', 'catkin_cmake_args': None, 'catkin_skip_building_tests': False, 'cmake_args': None, 'cmake_clean_cache': False, 'cmake_clean_first': False, 'cmake_force_configure': False, 'cmake_target': None, 'cmake_target_skip_unavailable': False, 'install_base': '/home/lhy/ws01_plumbing/install/py03_action', 'merge_install': False, 'path': '/home/lhy/ws01_plumbing/src/py03_action', 'symlink_install': False, 'test_result_base': None}
[2.018s] INFO:colcon.colcon_core.executor:Executing jobs using 'parallel' executor
[2.062s] DEBUG:colcon.colcon_parallel_executor.executor.parallel:run_until_complete
[2.063s] INFO:colcon.colcon_ros.task.ament_python.build:Building ROS package in '/home/lhy/ws01_plumbing/src/py03_action' with build type 'ament_python'
[2.064s] Level 1:colcon.colcon_core.shell:create_environment_hook('py03_action', 'ament_prefix_path')
[2.111s] INFO:colcon.colcon_core.plugin_system:Skipping extension 'colcon_core.shell.bat': Not used on non-Windows systems
[2.112s] INFO:colcon.colcon_core.shell:Creating environment hook '/home/lhy/ws01_plumbing/install/py03_action/share/py03_action/hook/ament_prefix_path.ps1'
[2.114s] INFO:colcon.colcon_core.shell:Creating environment descriptor '/home/lhy/ws01_plumbing/install/py03_action/share/py03_action/hook/ament_prefix_path.dsv'
[2.115s] INFO:colcon.colcon_core.shell:Creating environment hook '/home/lhy/ws01_plumbing/install/py03_action/share/py03_action/hook/ament_prefix_path.sh'
[2.169s] INFO:colcon.colcon_core.shell:Skip shell extension 'powershell' for command environment: Not usable outside of PowerShell
[2.169s] DEBUG:colcon.colcon_core.shell:Skip shell extension 'dsv' for command environment
[2.956s] INFO:colcon.colcon_core.task.python.build:Building Python package in '/home/lhy/ws01_plumbing/src/py03_action'
[3.006s] INFO:colcon.colcon_core.shell:Skip shell extension 'powershell' for command environment: Not usable outside of PowerShell
[3.006s] DEBUG:colcon.colcon_core.shell:Skip shell extension 'dsv' for command environment
[4.131s] DEBUG:colcon.colcon_core.event_handler.log_command:Invoking command in '/home/lhy/ws01_plumbing/src/py03_action': AMENT_PREFIX_PATH=/home/lhy/ws01_plumbing/install/base_interfaces_demo:${AMENT_PREFIX_PATH} CMAKE_PREFIX_PATH=/home/lhy/ws01_plumbing/install/base_interfaces_demo LD_LIBRARY_PATH=/home/lhy/ws01_plumbing/install/base_interfaces_demo/lib:${LD_LIBRARY_PATH} PYTHONPATH=/home/lhy/ws01_plumbing/build/py03_action/prefix_override:/home/lhy/ws01_plumbing/install/py03_action/lib/python3.10/site-packages:/home/lhy/ws01_plumbing/install/base_interfaces_demo/local/lib/python3.10/dist-packages:${PYTHONPATH} /usr/bin/python3 setup.py egg_info --egg-base ../../build/py03_action build --build-base /home/lhy/ws01_plumbing/build/py03_action/build install --record /home/lhy/ws01_plumbing/build/py03_action/install.log --single-version-externally-managed
[4.805s] DEBUG:colcon.colcon_core.event_handler.log_command:Invoked command in '/home/lhy/ws01_plumbing/src/py03_action' returned '0': AMENT_PREFIX_PATH=/home/lhy/ws01_plumbing/install/base_interfaces_demo:${AMENT_PREFIX_PATH} CMAKE_PREFIX_PATH=/home/lhy/ws01_plumbing/install/base_interfaces_demo LD_LIBRARY_PATH=/home/lhy/ws01_plumbing/install/base_interfaces_demo/lib:${LD_LIBRARY_PATH} PYTHONPATH=/home/lhy/ws01_plumbing/build/py03_action/prefix_override:/home/lhy/ws01_plumbing/install/py03_action/lib/python3.10/site-packages:/home/lhy/ws01_plumbing/install/base_interfaces_demo/local/lib/python3.10/dist-packages:${PYTHONPATH} /usr/bin/python3 setup.py egg_info --egg-base ../../build/py03_action build --build-base /home/lhy/ws01_plumbing/build/py03_action/build install --record /home/lhy/ws01_plumbing/build/py03_action/install.log --single-version-externally-managed
[4.863s] Level 1:colcon.colcon_core.environment:checking '/home/lhy/ws01_plumbing/install/py03_action' for CMake module files
[4.864s] Level 1:colcon.colcon_core.environment:checking '/home/lhy/ws01_plumbing/install/py03_action' for CMake config files
[4.866s] Level 1:colcon.colcon_core.environment:checking '/home/lhy/ws01_plumbing/install/py03_action/lib'
[4.866s] Level 1:colcon.colcon_core.environment:checking '/home/lhy/ws01_plumbing/install/py03_action/bin'
[4.866s] Level 1:colcon.colcon_core.environment:checking '/home/lhy/ws01_plumbing/install/py03_action/lib/pkgconfig/py03_action.pc'
[4.867s] Level 1:colcon.colcon_core.environment:checking '/home/lhy/ws01_plumbing/install/py03_action/lib/python3.10/site-packages'
[4.867s] Level 1:colcon.colcon_core.shell:create_environment_hook('py03_action', 'pythonpath')
[4.931s] INFO:colcon.colcon_core.shell:Creating environment hook '/home/lhy/ws01_plumbing/install/py03_action/share/py03_action/hook/pythonpath.ps1'
[4.932s] INFO:colcon.colcon_core.shell:Creating environment descriptor '/home/lhy/ws01_plumbing/install/py03_action/share/py03_action/hook/pythonpath.dsv'
[4.934s] INFO:colcon.colcon_core.shell:Creating environment hook '/home/lhy/ws01_plumbing/install/py03_action/share/py03_action/hook/pythonpath.sh'
[4.935s] Level 1:colcon.colcon_core.environment:checking '/home/lhy/ws01_plumbing/install/py03_action/bin'
[4.936s] Level 1:colcon.colcon_core.environment:create_environment_scripts_only(py03_action)
[4.980s] INFO:colcon.colcon_core.shell:Creating package script '/home/lhy/ws01_plumbing/install/py03_action/share/py03_action/package.ps1'
[4.983s] INFO:colcon.colcon_core.shell:Creating package descriptor '/home/lhy/ws01_plumbing/install/py03_action/share/py03_action/package.dsv'
[4.985s] INFO:colcon.colcon_core.shell:Creating package script '/home/lhy/ws01_plumbing/install/py03_action/share/py03_action/package.sh'
[4.986s] INFO:colcon.colcon_core.shell:Creating package script '/home/lhy/ws01_plumbing/install/py03_action/share/py03_action/package.bash'
[4.988s] INFO:colcon.colcon_core.shell:Creating package script '/home/lhy/ws01_plumbing/install/py03_action/share/py03_action/package.zsh'
[4.989s] Level 1:colcon.colcon_core.environment:create_file_with_runtime_dependencies(/home/lhy/ws01_plumbing/install/py03_action/share/colcon-core/packages/py03_action)
[4.991s] DEBUG:colcon.colcon_parallel_executor.executor.parallel:closing loop
[4.992s] DEBUG:colcon.colcon_parallel_executor.executor.parallel:loop closed
[4.992s] DEBUG:colcon.colcon_parallel_executor.executor.parallel:run_until_complete finished with '0'
[4.993s] DEBUG:colcon.colcon_core.event_reactor:joining thread
[5.042s] INFO:colcon.colcon_core.plugin_system:Skipping extension 'colcon_notification.desktop_notification.terminal_notifier': Not used on non-Darwin systems
[5.043s] INFO:colcon.colcon_core.plugin_system:Skipping extension 'colcon_notification.desktop_notification.win32': Not used on non-Windows systems
[5.043s] INFO:colcon.colcon_notification.desktop_notification:Sending desktop notification using 'notify2'
[5.062s] DEBUG:colcon.colcon_core.event_reactor:joined thread
[5.095s] INFO:colcon.colcon_core.shell:Creating prefix script '/home/lhy/ws01_plumbing/install/local_setup.ps1'
[5.098s] INFO:colcon.colcon_core.shell:Creating prefix util module '/home/lhy/ws01_plumbing/install/_local_setup_util_ps1.py'
[5.100s] INFO:colcon.colcon_core.shell:Creating prefix chain script '/home/lhy/ws01_plumbing/install/setup.ps1'
[5.137s] INFO:colcon.colcon_core.shell:Creating prefix script '/home/lhy/ws01_plumbing/install/local_setup.sh'
[5.138s] INFO:colcon.colcon_core.shell:Creating prefix util module '/home/lhy/ws01_plumbing/install/_local_setup_util_sh.py'
[5.139s] INFO:colcon.colcon_core.shell:Creating prefix chain script '/home/lhy/ws01_plumbing/install/setup.sh'
[5.169s] INFO:colcon.colcon_core.shell:Creating prefix script '/home/lhy/ws01_plumbing/install/local_setup.bash'
[5.170s] INFO:colcon.colcon_core.shell:Creating prefix chain script '/home/lhy/ws01_plumbing/install/setup.bash'
[5.196s] INFO:colcon.colcon_core.shell:Creating prefix script '/home/lhy/ws01_plumbing/install/local_setup.zsh'
[5.196s] INFO:colcon.colcon_core.shell:Creating prefix chain script '/home/lhy/ws01_plumbing/install/setup.zsh'
