[0.791s] Invoking command in '/home/lhy/ws01_plumbing/src/py04_param': PYTHONPATH=/home/lhy/ws01_plumbing/build/py04_param/prefix_override:/home/lhy/ws01_plumbing/install/py04_param/lib/python3.10/site-packages:${PYTHONPATH} /usr/bin/python3 setup.py egg_info --egg-base ../../build/py04_param build --build-base /home/lhy/ws01_plumbing/build/py04_param/build install --record /home/lhy/ws01_plumbing/build/py04_param/install.log --single-version-externally-managed
[1.023s] running egg_info
[1.024s] writing ../../build/py04_param/py04_param.egg-info/PKG-INFO
[1.024s] writing dependency_links to ../../build/py04_param/py04_param.egg-info/dependency_links.txt
[1.025s] writing entry points to ../../build/py04_param/py04_param.egg-info/entry_points.txt
[1.025s] writing requirements to ../../build/py04_param/py04_param.egg-info/requires.txt
[1.025s] writing top-level names to ../../build/py04_param/py04_param.egg-info/top_level.txt
[1.028s] reading manifest file '../../build/py04_param/py04_param.egg-info/SOURCES.txt'
[1.029s] writing manifest file '../../build/py04_param/py04_param.egg-info/SOURCES.txt'
[1.029s] running build
[1.029s] running build_py
[1.029s] copying py04_param/demo01_param_server_py.py -> /home/lhy/ws01_plumbing/build/py04_param/build/lib/py04_param
[1.030s] running install
[1.030s] /usr/lib/python3/dist-packages/setuptools/command/install.py:34: SetuptoolsDeprecationWarning: setup.py install is deprecated. Use build and pip and other standards-based tools.
[1.030s]   warnings.warn(
[1.030s] running install_lib
[1.031s] copying /home/lhy/ws01_plumbing/build/py04_param/build/lib/py04_param/demo01_param_server_py.py -> /home/lhy/ws01_plumbing/install/py04_param/lib/python3.10/site-packages/py04_param
[1.032s] byte-compiling /home/lhy/ws01_plumbing/install/py04_param/lib/python3.10/site-packages/py04_param/demo01_param_server_py.py to demo01_param_server_py.cpython-310.pyc
[1.033s] running install_data
[1.034s] running install_egg_info
[1.035s] removing '/home/lhy/ws01_plumbing/install/py04_param/lib/python3.10/site-packages/py04_param-0.0.0-py3.10.egg-info' (and everything under it)
[1.036s] Copying ../../build/py04_param/py04_param.egg-info to /home/lhy/ws01_plumbing/install/py04_param/lib/python3.10/site-packages/py04_param-0.0.0-py3.10.egg-info
[1.037s] running install_scripts
[1.056s] Installing demo00_param_py script to /home/lhy/ws01_plumbing/install/py04_param/lib/py04_param
[1.057s] Installing demo01_param_server_py script to /home/lhy/ws01_plumbing/install/py04_param/lib/py04_param
[1.057s] writing list of installed files to '/home/lhy/ws01_plumbing/build/py04_param/install.log'
[1.082s] Invoked command in '/home/lhy/ws01_plumbing/src/py04_param' returned '0': PYTHONPATH=/home/lhy/ws01_plumbing/build/py04_param/prefix_override:/home/lhy/ws01_plumbing/install/py04_param/lib/python3.10/site-packages:${PYTHONPATH} /usr/bin/python3 setup.py egg_info --egg-base ../../build/py04_param build --build-base /home/lhy/ws01_plumbing/build/py04_param/build install --record /home/lhy/ws01_plumbing/build/py04_param/install.log --single-version-externally-managed
