[0.100s] Invoking command in '/home/lhy/ws01_plumbing/build/cpp04_param': CMAKE_PREFIX_PATH=/opt/ros/humble /usr/bin/cmake --build /home/lhy/ws01_plumbing/build/cpp04_param -- -j8 -l8
[0.157s] [35m[1mConsolidate compiler generated dependencies of target demo02_param_client[0m
[0.176s] [ 33%] Built target demo01_param_server
[0.177s] [ 66%] Built target demo00_param
[0.185s] [ 83%] [32mBuilding CXX object CMakeFiles/demo02_param_client.dir/src/demo02_param_client.cpp.o[0m
[4.310s] [100%] [32m[1mLinking CXX executable demo02_param_client[0m
[4.476s] [100%] Built target demo02_param_client
[4.493s] Invoked command in '/home/lhy/ws01_plumbing/build/cpp04_param' returned '0': CMAKE_PREFIX_PATH=/opt/ros/humble /usr/bin/cmake --build /home/lhy/ws01_plumbing/build/cpp04_param -- -j8 -l8
[4.548s] Invoking command in '/home/lhy/ws01_plumbing/build/cpp04_param': CMAKE_PREFIX_PATH=/opt/ros/humble /usr/bin/cmake --install /home/lhy/ws01_plumbing/build/cpp04_param
[4.556s] -- Install configuration: ""
[4.556s] -- Up-to-date: /home/lhy/ws01_plumbing/install/cpp04_param/lib/cpp04_param/demo00_param
[4.557s] -- Up-to-date: /home/lhy/ws01_plumbing/install/cpp04_param/lib/cpp04_param/demo01_param_server
[4.557s] -- Installing: /home/lhy/ws01_plumbing/install/cpp04_param/lib/cpp04_param/demo02_param_client
[4.558s] -- Set runtime path of "/home/lhy/ws01_plumbing/install/cpp04_param/lib/cpp04_param/demo02_param_client" to ""
[4.558s] -- Up-to-date: /home/lhy/ws01_plumbing/install/cpp04_param/share/ament_index/resource_index/package_run_dependencies/cpp04_param
[4.558s] -- Up-to-date: /home/lhy/ws01_plumbing/install/cpp04_param/share/ament_index/resource_index/parent_prefix_path/cpp04_param
[4.558s] -- Up-to-date: /home/lhy/ws01_plumbing/install/cpp04_param/share/cpp04_param/environment/ament_prefix_path.sh
[4.559s] -- Up-to-date: /home/lhy/ws01_plumbing/install/cpp04_param/share/cpp04_param/environment/ament_prefix_path.dsv
[4.559s] -- Up-to-date: /home/lhy/ws01_plumbing/install/cpp04_param/share/cpp04_param/environment/path.sh
[4.559s] -- Up-to-date: /home/lhy/ws01_plumbing/install/cpp04_param/share/cpp04_param/environment/path.dsv
[4.559s] -- Up-to-date: /home/lhy/ws01_plumbing/install/cpp04_param/share/cpp04_param/local_setup.bash
[4.559s] -- Up-to-date: /home/lhy/ws01_plumbing/install/cpp04_param/share/cpp04_param/local_setup.sh
[4.559s] -- Up-to-date: /home/lhy/ws01_plumbing/install/cpp04_param/share/cpp04_param/local_setup.zsh
[4.559s] -- Up-to-date: /home/lhy/ws01_plumbing/install/cpp04_param/share/cpp04_param/local_setup.dsv
[4.559s] -- Installing: /home/lhy/ws01_plumbing/install/cpp04_param/share/cpp04_param/package.dsv
[4.559s] -- Up-to-date: /home/lhy/ws01_plumbing/install/cpp04_param/share/ament_index/resource_index/packages/cpp04_param
[4.559s] -- Up-to-date: /home/lhy/ws01_plumbing/install/cpp04_param/share/cpp04_param/cmake/cpp04_paramConfig.cmake
[4.559s] -- Up-to-date: /home/lhy/ws01_plumbing/install/cpp04_param/share/cpp04_param/cmake/cpp04_paramConfig-version.cmake
[4.560s] -- Up-to-date: /home/lhy/ws01_plumbing/install/cpp04_param/share/cpp04_param/package.xml
[4.562s] Invoked command in '/home/lhy/ws01_plumbing/build/cpp04_param' returned '0': CMAKE_PREFIX_PATH=/opt/ros/humble /usr/bin/cmake --install /home/lhy/ws01_plumbing/build/cpp04_param
