[0.760s] Invoking command in '/home/lhy/ws01_plumbing/src/py02_service': CMAKE_PREFIX_PATH=/home/lhy/ws01_plumbing/install/base_interfaces_demo:/home/lhy/ws01_plumbing/install/cpp02_service:/home/lhy/ws01_plumbing/install/cpp01_topic PYTHONPATH=/home/lhy/ws01_plumbing/build/py02_service/prefix_override:/home/lhy/ws01_plumbing/install/py02_service/lib/python3.10/site-packages:${PYTHONPATH} /usr/bin/python3 setup.py egg_info --egg-base ../../build/py02_service build --build-base /home/lhy/ws01_plumbing/build/py02_service/build install --record /home/lhy/ws01_plumbing/build/py02_service/install.log --single-version-externally-managed
[0.998s] running egg_info
[0.999s] writing ../../build/py02_service/py02_service.egg-info/PKG-INFO
[0.999s] writing dependency_links to ../../build/py02_service/py02_service.egg-info/dependency_links.txt
[0.999s] writing entry points to ../../build/py02_service/py02_service.egg-info/entry_points.txt
[1.000s] writing requirements to ../../build/py02_service/py02_service.egg-info/requires.txt
[1.000s] writing top-level names to ../../build/py02_service/py02_service.egg-info/top_level.txt
[1.001s] reading manifest file '../../build/py02_service/py02_service.egg-info/SOURCES.txt'
[1.002s] writing manifest file '../../build/py02_service/py02_service.egg-info/SOURCES.txt'
[1.002s] running build
[1.002s] running build_py
[1.002s] copying py02_service/demo01_server_py.py -> /home/lhy/ws01_plumbing/build/py02_service/build/lib/py02_service
[1.002s] running install
[1.003s] /usr/lib/python3/dist-packages/setuptools/command/install.py:34: SetuptoolsDeprecationWarning: setup.py install is deprecated. Use build and pip and other standards-based tools.
[1.003s]   warnings.warn(
[1.003s] running install_lib
[1.004s] copying /home/lhy/ws01_plumbing/build/py02_service/build/lib/py02_service/demo01_server_py.py -> /home/lhy/ws01_plumbing/install/py02_service/lib/python3.10/site-packages/py02_service
[1.004s] byte-compiling /home/lhy/ws01_plumbing/install/py02_service/lib/python3.10/site-packages/py02_service/demo01_server_py.py to demo01_server_py.cpython-310.pyc
[1.005s] running install_data
[1.006s] running install_egg_info
[1.008s] removing '/home/lhy/ws01_plumbing/install/py02_service/lib/python3.10/site-packages/py02_service-0.0.0-py3.10.egg-info' (and everything under it)
[1.008s] Copying ../../build/py02_service/py02_service.egg-info to /home/lhy/ws01_plumbing/install/py02_service/lib/python3.10/site-packages/py02_service-0.0.0-py3.10.egg-info
[1.010s] running install_scripts
[1.033s] Installing demo01_server_py script to /home/lhy/ws01_plumbing/install/py02_service/lib/py02_service
[1.033s] Installing demo02_client_py script to /home/lhy/ws01_plumbing/install/py02_service/lib/py02_service
[1.034s] writing list of installed files to '/home/lhy/ws01_plumbing/build/py02_service/install.log'
[1.057s] Invoked command in '/home/lhy/ws01_plumbing/src/py02_service' returned '0': CMAKE_PREFIX_PATH=/home/lhy/ws01_plumbing/install/base_interfaces_demo:/home/lhy/ws01_plumbing/install/cpp02_service:/home/lhy/ws01_plumbing/install/cpp01_topic PYTHONPATH=/home/lhy/ws01_plumbing/build/py02_service/prefix_override:/home/lhy/ws01_plumbing/install/py02_service/lib/python3.10/site-packages:${PYTHONPATH} /usr/bin/python3 setup.py egg_info --egg-base ../../build/py02_service build --build-base /home/lhy/ws01_plumbing/build/py02_service/build install --record /home/lhy/ws01_plumbing/build/py02_service/install.log --single-version-externally-managed
