[0.073s] Invoking command in '/home/lhy/ws01_plumbing/build/cpp01_topic': CMAKE_PREFIX_PATH=/home/lhy/ws01_plumbing/install/base_interfaces_demo:/home/lhy/ws01_plumbing/install/cpp01_topic:/home/lhy/ws01_plumbing/install/py01_topic:/opt/ros/humble /usr/bin/cmake --build /home/lhy/ws01_plumbing/build/cpp01_topic -- -j8 -l8
[0.128s] [35m[1mConsolidate compiler generated dependencies of target demo02_listener_str[0m
[0.128s] [35m[1mConsolidate compiler generated dependencies of target demo01_talker_str[0m
[0.157s] [ 25%] [32mBuilding CXX object CMakeFiles/demo02_listener_str.dir/src/demo02_listener_str.cpp.o[0m
[0.168s] [ 75%] Built target demo01_talker_str
[9.439s] [100%] [32m[1mLinking CXX executable demo02_listener_str[0m
[9.882s] [100%] Built target demo02_listener_str
[9.898s] Invoked command in '/home/lhy/ws01_plumbing/build/cpp01_topic' returned '0': CMAKE_PREFIX_PATH=/home/lhy/ws01_plumbing/install/base_interfaces_demo:/home/lhy/ws01_plumbing/install/cpp01_topic:/home/lhy/ws01_plumbing/install/py01_topic:/opt/ros/humble /usr/bin/cmake --build /home/lhy/ws01_plumbing/build/cpp01_topic -- -j8 -l8
[9.945s] Invoking command in '/home/lhy/ws01_plumbing/build/cpp01_topic': CMAKE_PREFIX_PATH=/home/lhy/ws01_plumbing/install/base_interfaces_demo:/home/lhy/ws01_plumbing/install/cpp01_topic:/home/lhy/ws01_plumbing/install/py01_topic:/opt/ros/humble /usr/bin/cmake --install /home/lhy/ws01_plumbing/build/cpp01_topic
[9.954s] -- Install configuration: ""
[9.955s] -- Up-to-date: /home/lhy/ws01_plumbing/install/cpp01_topic/lib/cpp01_topic/demo01_talker_str
[9.955s] -- Installing: /home/lhy/ws01_plumbing/install/cpp01_topic/lib/cpp01_topic/demo02_listener_str
[9.959s] -- Set runtime path of "/home/lhy/ws01_plumbing/install/cpp01_topic/lib/cpp01_topic/demo02_listener_str" to ""
[9.960s] -- Up-to-date: /home/lhy/ws01_plumbing/install/cpp01_topic/share/ament_index/resource_index/package_run_dependencies/cpp01_topic
[9.960s] -- Up-to-date: /home/lhy/ws01_plumbing/install/cpp01_topic/share/ament_index/resource_index/parent_prefix_path/cpp01_topic
[9.960s] -- Up-to-date: /home/lhy/ws01_plumbing/install/cpp01_topic/share/cpp01_topic/environment/ament_prefix_path.sh
[9.960s] -- Up-to-date: /home/lhy/ws01_plumbing/install/cpp01_topic/share/cpp01_topic/environment/ament_prefix_path.dsv
[9.960s] -- Up-to-date: /home/lhy/ws01_plumbing/install/cpp01_topic/share/cpp01_topic/environment/path.sh
[9.960s] -- Up-to-date: /home/lhy/ws01_plumbing/install/cpp01_topic/share/cpp01_topic/environment/path.dsv
[9.961s] -- Up-to-date: /home/lhy/ws01_plumbing/install/cpp01_topic/share/cpp01_topic/local_setup.bash
[9.961s] -- Up-to-date: /home/lhy/ws01_plumbing/install/cpp01_topic/share/cpp01_topic/local_setup.sh
[9.961s] -- Up-to-date: /home/lhy/ws01_plumbing/install/cpp01_topic/share/cpp01_topic/local_setup.zsh
[9.961s] -- Up-to-date: /home/lhy/ws01_plumbing/install/cpp01_topic/share/cpp01_topic/local_setup.dsv
[9.961s] -- Installing: /home/lhy/ws01_plumbing/install/cpp01_topic/share/cpp01_topic/package.dsv
[9.961s] -- Up-to-date: /home/lhy/ws01_plumbing/install/cpp01_topic/share/ament_index/resource_index/packages/cpp01_topic
[9.961s] -- Up-to-date: /home/lhy/ws01_plumbing/install/cpp01_topic/share/cpp01_topic/cmake/cpp01_topicConfig.cmake
[9.961s] -- Up-to-date: /home/lhy/ws01_plumbing/install/cpp01_topic/share/cpp01_topic/cmake/cpp01_topicConfig-version.cmake
[9.961s] -- Up-to-date: /home/lhy/ws01_plumbing/install/cpp01_topic/share/cpp01_topic/package.xml
[9.963s] Invoked command in '/home/lhy/ws01_plumbing/build/cpp01_topic' returned '0': CMAKE_PREFIX_PATH=/home/lhy/ws01_plumbing/install/base_interfaces_demo:/home/lhy/ws01_plumbing/install/cpp01_topic:/home/lhy/ws01_plumbing/install/py01_topic:/opt/ros/humble /usr/bin/cmake --install /home/lhy/ws01_plumbing/build/cpp01_topic
