[0.880s] DEBUG:colcon:Command line arguments: ['/usr/bin/colcon', 'build', '--packages-select', 'cpp01_topic']
[0.880s] DEBUG:colcon:Parsed command line arguments: Namespace(log_base=None, log_level=None, verb_name='build', build_base='build', install_base='install', merge_install=False, symlink_install=False, test_result_base=None, continue_on_error=False, executor='parallel', parallel_workers=8, event_handlers=None, ignore_user_meta=False, metas=['./colcon.meta'], base_paths=['.'], packages_ignore=None, packages_ignore_regex=None, paths=None, packages_up_to=None, packages_up_to_regex=None, packages_above=None, packages_above_and_dependencies=None, packages_above_depth=None, packages_select_by_dep=None, packages_skip_by_dep=None, packages_skip_up_to=None, packages_select_build_failed=False, packages_skip_build_finished=False, packages_select_test_failures=False, packages_skip_test_passed=False, packages_select=['cpp01_topic'], packages_skip=None, packages_select_regex=None, packages_skip_regex=None, packages_start=None, packages_end=None, allow_overriding=[], cmake_args=None, cmake_target=None, cmake_target_skip_unavailable=False, cmake_clean_cache=False, cmake_clean_first=False, cmake_force_configure=False, ament_cmake_args=None, catkin_cmake_args=None, catkin_skip_building_tests=False, verb_parser=<colcon_defaults.argument_parser.defaults.DefaultArgumentsDecorator object at 0x7fe7908b0130>, verb_extension=<colcon_core.verb.build.BuildVerb object at 0x7fe7908bd900>, main=<bound method BuildVerb.main of <colcon_core.verb.build.BuildVerb object at 0x7fe7908bd900>>)
[0.922s] Level 1:colcon.colcon_core.package_discovery:discover_packages(colcon_meta) check parameters
[0.922s] Level 1:colcon.colcon_core.package_discovery:discover_packages(recursive) check parameters
[0.922s] Level 1:colcon.colcon_core.package_discovery:discover_packages(ignore) check parameters
[0.922s] Level 1:colcon.colcon_core.package_discovery:discover_packages(path) check parameters
[0.922s] Level 1:colcon.colcon_core.package_discovery:discover_packages(colcon_meta) discover
[0.922s] Level 1:colcon.colcon_core.package_discovery:discover_packages(recursive) discover
[0.922s] INFO:colcon.colcon_core.package_discovery:Crawling recursively for packages in '/home/lhy/ws01_plumbing'
[0.922s] Level 1:colcon.colcon_core.package_identification:_identify(.) by extensions ['ignore', 'ignore_ament_install']
[0.922s] Level 1:colcon.colcon_core.package_identification:_identify(.) by extension 'ignore'
[0.922s] Level 1:colcon.colcon_core.package_identification:_identify(.) by extension 'ignore_ament_install'
[0.922s] Level 1:colcon.colcon_core.package_identification:_identify(.) by extensions ['colcon_pkg']
[0.922s] Level 1:colcon.colcon_core.package_identification:_identify(.) by extension 'colcon_pkg'
[0.922s] Level 1:colcon.colcon_core.package_identification:_identify(.) by extensions ['colcon_meta']
[0.922s] Level 1:colcon.colcon_core.package_identification:_identify(.) by extension 'colcon_meta'
[0.922s] Level 1:colcon.colcon_core.package_identification:_identify(.) by extensions ['ros']
[0.922s] Level 1:colcon.colcon_core.package_identification:_identify(.) by extension 'ros'
[0.932s] Level 1:colcon.colcon_core.package_identification:_identify(.) by extensions ['cmake', 'python']
[0.932s] Level 1:colcon.colcon_core.package_identification:_identify(.) by extension 'cmake'
[0.932s] Level 1:colcon.colcon_core.package_identification:_identify(.) by extension 'python'
[0.932s] Level 1:colcon.colcon_core.package_identification:_identify(.) by extensions ['python_setup_py']
[0.932s] Level 1:colcon.colcon_core.package_identification:_identify(.) by extension 'python_setup_py'
[0.932s] Level 1:colcon.colcon_core.package_identification:_identify(build) by extensions ['ignore', 'ignore_ament_install']
[0.932s] Level 1:colcon.colcon_core.package_identification:_identify(build) by extension 'ignore'
[0.932s] Level 1:colcon.colcon_core.package_identification:_identify(build) ignored
[0.932s] Level 1:colcon.colcon_core.package_identification:_identify(install) by extensions ['ignore', 'ignore_ament_install']
[0.932s] Level 1:colcon.colcon_core.package_identification:_identify(install) by extension 'ignore'
[0.933s] Level 1:colcon.colcon_core.package_identification:_identify(install) ignored
[0.933s] Level 1:colcon.colcon_core.package_identification:_identify(log) by extensions ['ignore', 'ignore_ament_install']
[0.933s] Level 1:colcon.colcon_core.package_identification:_identify(log) by extension 'ignore'
[0.933s] Level 1:colcon.colcon_core.package_identification:_identify(log) ignored
[0.933s] Level 1:colcon.colcon_core.package_identification:_identify(src) by extensions ['ignore', 'ignore_ament_install']
[0.933s] Level 1:colcon.colcon_core.package_identification:_identify(src) by extension 'ignore'
[0.933s] Level 1:colcon.colcon_core.package_identification:_identify(src) by extension 'ignore_ament_install'
[0.933s] Level 1:colcon.colcon_core.package_identification:_identify(src) by extensions ['colcon_pkg']
[0.933s] Level 1:colcon.colcon_core.package_identification:_identify(src) by extension 'colcon_pkg'
[0.933s] Level 1:colcon.colcon_core.package_identification:_identify(src) by extensions ['colcon_meta']
[0.933s] Level 1:colcon.colcon_core.package_identification:_identify(src) by extension 'colcon_meta'
[0.933s] Level 1:colcon.colcon_core.package_identification:_identify(src) by extensions ['ros']
[0.933s] Level 1:colcon.colcon_core.package_identification:_identify(src) by extension 'ros'
[0.933s] Level 1:colcon.colcon_core.package_identification:_identify(src) by extensions ['cmake', 'python']
[0.933s] Level 1:colcon.colcon_core.package_identification:_identify(src) by extension 'cmake'
[0.933s] Level 1:colcon.colcon_core.package_identification:_identify(src) by extension 'python'
[0.933s] Level 1:colcon.colcon_core.package_identification:_identify(src) by extensions ['python_setup_py']
[0.933s] Level 1:colcon.colcon_core.package_identification:_identify(src) by extension 'python_setup_py'
[0.933s] Level 1:colcon.colcon_core.package_identification:_identify(src/base_interfaces_demo) by extensions ['ignore', 'ignore_ament_install']
[0.933s] Level 1:colcon.colcon_core.package_identification:_identify(src/base_interfaces_demo) by extension 'ignore'
[0.934s] Level 1:colcon.colcon_core.package_identification:_identify(src/base_interfaces_demo) by extension 'ignore_ament_install'
[0.934s] Level 1:colcon.colcon_core.package_identification:_identify(src/base_interfaces_demo) by extensions ['colcon_pkg']
[0.934s] Level 1:colcon.colcon_core.package_identification:_identify(src/base_interfaces_demo) by extension 'colcon_pkg'
[0.934s] Level 1:colcon.colcon_core.package_identification:_identify(src/base_interfaces_demo) by extensions ['colcon_meta']
[0.934s] Level 1:colcon.colcon_core.package_identification:_identify(src/base_interfaces_demo) by extension 'colcon_meta'
[0.934s] Level 1:colcon.colcon_core.package_identification:_identify(src/base_interfaces_demo) by extensions ['ros']
[0.934s] Level 1:colcon.colcon_core.package_identification:_identify(src/base_interfaces_demo) by extension 'ros'
[0.936s] DEBUG:colcon.colcon_core.package_identification:Package 'src/base_interfaces_demo' with type 'ros.ament_cmake' and name 'base_interfaces_demo'
[0.936s] Level 1:colcon.colcon_core.package_identification:_identify(src/cpp01_topic) by extensions ['ignore', 'ignore_ament_install']
[0.937s] Level 1:colcon.colcon_core.package_identification:_identify(src/cpp01_topic) by extension 'ignore'
[0.937s] Level 1:colcon.colcon_core.package_identification:_identify(src/cpp01_topic) by extension 'ignore_ament_install'
[0.937s] Level 1:colcon.colcon_core.package_identification:_identify(src/cpp01_topic) by extensions ['colcon_pkg']
[0.937s] Level 1:colcon.colcon_core.package_identification:_identify(src/cpp01_topic) by extension 'colcon_pkg'
[0.937s] Level 1:colcon.colcon_core.package_identification:_identify(src/cpp01_topic) by extensions ['colcon_meta']
[0.937s] Level 1:colcon.colcon_core.package_identification:_identify(src/cpp01_topic) by extension 'colcon_meta'
[0.937s] Level 1:colcon.colcon_core.package_identification:_identify(src/cpp01_topic) by extensions ['ros']
[0.937s] Level 1:colcon.colcon_core.package_identification:_identify(src/cpp01_topic) by extension 'ros'
[0.937s] DEBUG:colcon.colcon_core.package_identification:Package 'src/cpp01_topic' with type 'ros.ament_cmake' and name 'cpp01_topic'
[0.938s] Level 1:colcon.colcon_core.package_identification:_identify(src/py01_topic) by extensions ['ignore', 'ignore_ament_install']
[0.938s] Level 1:colcon.colcon_core.package_identification:_identify(src/py01_topic) by extension 'ignore'
[0.938s] Level 1:colcon.colcon_core.package_identification:_identify(src/py01_topic) by extension 'ignore_ament_install'
[0.938s] Level 1:colcon.colcon_core.package_identification:_identify(src/py01_topic) by extensions ['colcon_pkg']
[0.938s] Level 1:colcon.colcon_core.package_identification:_identify(src/py01_topic) by extension 'colcon_pkg'
[0.938s] Level 1:colcon.colcon_core.package_identification:_identify(src/py01_topic) by extensions ['colcon_meta']
[0.938s] Level 1:colcon.colcon_core.package_identification:_identify(src/py01_topic) by extension 'colcon_meta'
[0.938s] Level 1:colcon.colcon_core.package_identification:_identify(src/py01_topic) by extensions ['ros']
[0.938s] Level 1:colcon.colcon_core.package_identification:_identify(src/py01_topic) by extension 'ros'
[0.939s] DEBUG:colcon.colcon_core.package_identification:Package 'src/py01_topic' with type 'ros.ament_python' and name 'py01_topic'
[0.939s] Level 1:colcon.colcon_core.package_discovery:discover_packages(recursive) using defaults
[0.939s] Level 1:colcon.colcon_core.package_discovery:discover_packages(ignore) discover
[0.939s] Level 1:colcon.colcon_core.package_discovery:discover_packages(ignore) using defaults
[0.939s] Level 1:colcon.colcon_core.package_discovery:discover_packages(path) discover
[0.939s] Level 1:colcon.colcon_core.package_discovery:discover_packages(path) using defaults
[0.994s] INFO:colcon.colcon_core.package_selection:Skipping not selected package 'base_interfaces_demo' in 'src/base_interfaces_demo'
[0.995s] INFO:colcon.colcon_core.package_selection:Skipping not selected package 'py01_topic' in 'src/py01_topic'
[1.019s] Level 1:colcon.colcon_core.package_discovery:discover_packages(prefix_path) check parameters
[1.019s] Level 1:colcon.colcon_core.package_discovery:discover_packages(prefix_path) discover
[1.045s] DEBUG:colcon.colcon_installed_package_information.package_discovery:Found 3 installed packages in /home/lhy/ws01_plumbing/install
[1.058s] DEBUG:colcon.colcon_installed_package_information.package_discovery:Found 274 installed packages in /opt/ros/humble
[1.059s] Level 1:colcon.colcon_core.package_discovery:discover_packages(prefix_path) using defaults
[1.145s] Level 5:colcon.colcon_core.verb:set package 'cpp01_topic' build argument 'cmake_args' from command line to 'None'
[1.145s] Level 5:colcon.colcon_core.verb:set package 'cpp01_topic' build argument 'cmake_target' from command line to 'None'
[1.145s] Level 5:colcon.colcon_core.verb:set package 'cpp01_topic' build argument 'cmake_target_skip_unavailable' from command line to 'False'
[1.145s] Level 5:colcon.colcon_core.verb:set package 'cpp01_topic' build argument 'cmake_clean_cache' from command line to 'False'
[1.145s] Level 5:colcon.colcon_core.verb:set package 'cpp01_topic' build argument 'cmake_clean_first' from command line to 'False'
[1.145s] Level 5:colcon.colcon_core.verb:set package 'cpp01_topic' build argument 'cmake_force_configure' from command line to 'False'
[1.145s] Level 5:colcon.colcon_core.verb:set package 'cpp01_topic' build argument 'ament_cmake_args' from command line to 'None'
[1.145s] Level 5:colcon.colcon_core.verb:set package 'cpp01_topic' build argument 'catkin_cmake_args' from command line to 'None'
[1.145s] Level 5:colcon.colcon_core.verb:set package 'cpp01_topic' build argument 'catkin_skip_building_tests' from command line to 'False'
[1.145s] DEBUG:colcon.colcon_core.verb:Building package 'cpp01_topic' with the following arguments: {'ament_cmake_args': None, 'build_base': '/home/lhy/ws01_plumbing/build/cpp01_topic', 'catkin_cmake_args': None, 'catkin_skip_building_tests': False, 'cmake_args': None, 'cmake_clean_cache': False, 'cmake_clean_first': False, 'cmake_force_configure': False, 'cmake_target': None, 'cmake_target_skip_unavailable': False, 'install_base': '/home/lhy/ws01_plumbing/install/cpp01_topic', 'merge_install': False, 'path': '/home/lhy/ws01_plumbing/src/cpp01_topic', 'symlink_install': False, 'test_result_base': None}
[1.158s] INFO:colcon.colcon_core.executor:Executing jobs using 'parallel' executor
[1.171s] DEBUG:colcon.colcon_parallel_executor.executor.parallel:run_until_complete
[1.171s] INFO:colcon.colcon_ros.task.ament_cmake.build:Building ROS package in '/home/lhy/ws01_plumbing/src/cpp01_topic' with build type 'ament_cmake'
[1.171s] INFO:colcon.colcon_cmake.task.cmake.build:Building CMake package in '/home/lhy/ws01_plumbing/src/cpp01_topic'
[1.186s] INFO:colcon.colcon_core.plugin_system:Skipping extension 'colcon_core.shell.bat': Not used on non-Windows systems
[1.186s] INFO:colcon.colcon_core.shell:Skip shell extension 'powershell' for command environment: Not usable outside of PowerShell
[1.187s] DEBUG:colcon.colcon_core.shell:Skip shell extension 'dsv' for command environment
[1.246s] DEBUG:colcon.colcon_core.event_handler.log_command:Invoking command in '/home/lhy/ws01_plumbing/build/cpp01_topic': CMAKE_PREFIX_PATH=/home/lhy/ws01_plumbing/install/base_interfaces_demo:/home/lhy/ws01_plumbing/install/cpp01_topic:/home/lhy/ws01_plumbing/install/py01_topic:/opt/ros/humble /usr/bin/cmake --build /home/lhy/ws01_plumbing/build/cpp01_topic -- -j8 -l8
[11.070s] DEBUG:colcon.colcon_core.event_handler.log_command:Invoked command in '/home/lhy/ws01_plumbing/build/cpp01_topic' returned '0': CMAKE_PREFIX_PATH=/home/lhy/ws01_plumbing/install/base_interfaces_demo:/home/lhy/ws01_plumbing/install/cpp01_topic:/home/lhy/ws01_plumbing/install/py01_topic:/opt/ros/humble /usr/bin/cmake --build /home/lhy/ws01_plumbing/build/cpp01_topic -- -j8 -l8
[11.118s] DEBUG:colcon.colcon_core.event_handler.log_command:Invoking command in '/home/lhy/ws01_plumbing/build/cpp01_topic': CMAKE_PREFIX_PATH=/home/lhy/ws01_plumbing/install/base_interfaces_demo:/home/lhy/ws01_plumbing/install/cpp01_topic:/home/lhy/ws01_plumbing/install/py01_topic:/opt/ros/humble /usr/bin/cmake --install /home/lhy/ws01_plumbing/build/cpp01_topic
[11.135s] Level 1:colcon.colcon_core.environment:create_environment_scripts_only(cpp01_topic)
[11.136s] DEBUG:colcon.colcon_core.event_handler.log_command:Invoked command in '/home/lhy/ws01_plumbing/build/cpp01_topic' returned '0': CMAKE_PREFIX_PATH=/home/lhy/ws01_plumbing/install/base_interfaces_demo:/home/lhy/ws01_plumbing/install/cpp01_topic:/home/lhy/ws01_plumbing/install/py01_topic:/opt/ros/humble /usr/bin/cmake --install /home/lhy/ws01_plumbing/build/cpp01_topic
[11.154s] Level 1:colcon.colcon_core.environment:checking '/home/lhy/ws01_plumbing/install/cpp01_topic' for CMake module files
[11.155s] Level 1:colcon.colcon_core.environment:checking '/home/lhy/ws01_plumbing/install/cpp01_topic' for CMake config files
[11.155s] Level 1:colcon.colcon_core.shell:create_environment_hook('cpp01_topic', 'cmake_prefix_path')
[11.170s] INFO:colcon.colcon_core.shell:Creating environment hook '/home/lhy/ws01_plumbing/install/cpp01_topic/share/cpp01_topic/hook/cmake_prefix_path.ps1'
[11.171s] INFO:colcon.colcon_core.shell:Creating environment descriptor '/home/lhy/ws01_plumbing/install/cpp01_topic/share/cpp01_topic/hook/cmake_prefix_path.dsv'
[11.171s] INFO:colcon.colcon_core.shell:Creating environment hook '/home/lhy/ws01_plumbing/install/cpp01_topic/share/cpp01_topic/hook/cmake_prefix_path.sh'
[11.172s] Level 1:colcon.colcon_core.environment:checking '/home/lhy/ws01_plumbing/install/cpp01_topic/lib'
[11.172s] Level 1:colcon.colcon_core.environment:checking '/home/lhy/ws01_plumbing/install/cpp01_topic/bin'
[11.172s] Level 1:colcon.colcon_core.environment:checking '/home/lhy/ws01_plumbing/install/cpp01_topic/lib/pkgconfig/cpp01_topic.pc'
[11.173s] Level 1:colcon.colcon_core.environment:checking '/home/lhy/ws01_plumbing/install/cpp01_topic/lib/python3.10/site-packages'
[11.173s] Level 1:colcon.colcon_core.environment:checking '/home/lhy/ws01_plumbing/install/cpp01_topic/bin'
[11.189s] INFO:colcon.colcon_core.shell:Creating package script '/home/lhy/ws01_plumbing/install/cpp01_topic/share/cpp01_topic/package.ps1'
[11.190s] INFO:colcon.colcon_core.shell:Creating package descriptor '/home/lhy/ws01_plumbing/install/cpp01_topic/share/cpp01_topic/package.dsv'
[11.190s] INFO:colcon.colcon_core.shell:Creating package script '/home/lhy/ws01_plumbing/install/cpp01_topic/share/cpp01_topic/package.sh'
[11.191s] INFO:colcon.colcon_core.shell:Creating package script '/home/lhy/ws01_plumbing/install/cpp01_topic/share/cpp01_topic/package.bash'
[11.191s] INFO:colcon.colcon_core.shell:Creating package script '/home/lhy/ws01_plumbing/install/cpp01_topic/share/cpp01_topic/package.zsh'
[11.192s] Level 1:colcon.colcon_core.environment:create_file_with_runtime_dependencies(/home/lhy/ws01_plumbing/install/cpp01_topic/share/colcon-core/packages/cpp01_topic)
[11.238s] Level 1:colcon.colcon_core.environment:create_environment_scripts_only(cpp01_topic)
[11.253s] Level 1:colcon.colcon_core.environment:checking '/home/lhy/ws01_plumbing/install/cpp01_topic' for CMake module files
[11.254s] Level 1:colcon.colcon_core.environment:checking '/home/lhy/ws01_plumbing/install/cpp01_topic' for CMake config files
[11.254s] Level 1:colcon.colcon_core.shell:create_environment_hook('cpp01_topic', 'cmake_prefix_path')
[11.269s] INFO:colcon.colcon_core.shell:Creating environment hook '/home/lhy/ws01_plumbing/install/cpp01_topic/share/cpp01_topic/hook/cmake_prefix_path.ps1'
[11.270s] INFO:colcon.colcon_core.shell:Creating environment descriptor '/home/lhy/ws01_plumbing/install/cpp01_topic/share/cpp01_topic/hook/cmake_prefix_path.dsv'
[11.270s] INFO:colcon.colcon_core.shell:Creating environment hook '/home/lhy/ws01_plumbing/install/cpp01_topic/share/cpp01_topic/hook/cmake_prefix_path.sh'
[11.271s] Level 1:colcon.colcon_core.environment:checking '/home/lhy/ws01_plumbing/install/cpp01_topic/lib'
[11.271s] Level 1:colcon.colcon_core.environment:checking '/home/lhy/ws01_plumbing/install/cpp01_topic/bin'
[11.271s] Level 1:colcon.colcon_core.environment:checking '/home/lhy/ws01_plumbing/install/cpp01_topic/lib/pkgconfig/cpp01_topic.pc'
[11.271s] Level 1:colcon.colcon_core.environment:checking '/home/lhy/ws01_plumbing/install/cpp01_topic/lib/python3.10/site-packages'
[11.271s] Level 1:colcon.colcon_core.environment:checking '/home/lhy/ws01_plumbing/install/cpp01_topic/bin'
[11.286s] INFO:colcon.colcon_core.shell:Creating package script '/home/lhy/ws01_plumbing/install/cpp01_topic/share/cpp01_topic/package.ps1'
[11.287s] INFO:colcon.colcon_core.shell:Creating package descriptor '/home/lhy/ws01_plumbing/install/cpp01_topic/share/cpp01_topic/package.dsv'
[11.287s] INFO:colcon.colcon_core.shell:Creating package script '/home/lhy/ws01_plumbing/install/cpp01_topic/share/cpp01_topic/package.sh'
[11.288s] INFO:colcon.colcon_core.shell:Creating package script '/home/lhy/ws01_plumbing/install/cpp01_topic/share/cpp01_topic/package.bash'
[11.288s] INFO:colcon.colcon_core.shell:Creating package script '/home/lhy/ws01_plumbing/install/cpp01_topic/share/cpp01_topic/package.zsh'
[11.288s] Level 1:colcon.colcon_core.environment:create_file_with_runtime_dependencies(/home/lhy/ws01_plumbing/install/cpp01_topic/share/colcon-core/packages/cpp01_topic)
[11.289s] DEBUG:colcon.colcon_parallel_executor.executor.parallel:closing loop
[11.289s] DEBUG:colcon.colcon_parallel_executor.executor.parallel:loop closed
[11.289s] DEBUG:colcon.colcon_parallel_executor.executor.parallel:run_until_complete finished with '0'
[11.289s] DEBUG:colcon.colcon_core.event_reactor:joining thread
[11.317s] INFO:colcon.colcon_core.plugin_system:Skipping extension 'colcon_notification.desktop_notification.terminal_notifier': Not used on non-Darwin systems
[11.317s] INFO:colcon.colcon_core.plugin_system:Skipping extension 'colcon_notification.desktop_notification.win32': Not used on non-Windows systems
[11.317s] INFO:colcon.colcon_notification.desktop_notification:Sending desktop notification using 'notify2'
[11.329s] DEBUG:colcon.colcon_core.event_reactor:joined thread
[11.349s] INFO:colcon.colcon_core.shell:Creating prefix script '/home/lhy/ws01_plumbing/install/local_setup.ps1'
[11.350s] INFO:colcon.colcon_core.shell:Creating prefix util module '/home/lhy/ws01_plumbing/install/_local_setup_util_ps1.py'
[11.352s] INFO:colcon.colcon_core.shell:Creating prefix chain script '/home/lhy/ws01_plumbing/install/setup.ps1'
[11.369s] INFO:colcon.colcon_core.shell:Creating prefix script '/home/lhy/ws01_plumbing/install/local_setup.sh'
[11.369s] INFO:colcon.colcon_core.shell:Creating prefix util module '/home/lhy/ws01_plumbing/install/_local_setup_util_sh.py'
[11.370s] INFO:colcon.colcon_core.shell:Creating prefix chain script '/home/lhy/ws01_plumbing/install/setup.sh'
[11.387s] INFO:colcon.colcon_core.shell:Creating prefix script '/home/lhy/ws01_plumbing/install/local_setup.bash'
[11.387s] INFO:colcon.colcon_core.shell:Creating prefix chain script '/home/lhy/ws01_plumbing/install/setup.bash'
[11.425s] INFO:colcon.colcon_core.shell:Creating prefix script '/home/lhy/ws01_plumbing/install/local_setup.zsh'
[11.425s] INFO:colcon.colcon_core.shell:Creating prefix chain script '/home/lhy/ws01_plumbing/install/setup.zsh'
