[0.206s] Invoking command in '/home/lhy/ws01_plumbing/build/cpp01_topic': CMAKE_PREFIX_PATH=/home/lhy/ws01_plumbing/install/base_interfaces_demo:/home/lhy/ws01_plumbing/install/cpp01_topic:/home/lhy/ws01_plumbing/install/py01_topic:/opt/ros/humble /usr/bin/cmake --build /home/lhy/ws01_plumbing/build/cpp01_topic -- -j8 -l8
[0.247s] [35m[1mConsolidate compiler generated dependencies of target demo01_talker_str[0m
[0.265s] [ 50%] [32mBuilding CXX object CMakeFiles/demo01_talker_str.dir/src/demo01_talker_str.cpp.o[0m
[5.341s] [100%] [32m[1mLinking CXX executable demo01_talker_str[0m
[5.554s] [100%] Built target demo01_talker_str
[5.567s] Invoked command in '/home/lhy/ws01_plumbing/build/cpp01_topic' returned '0': CMAKE_PREFIX_PATH=/home/lhy/ws01_plumbing/install/base_interfaces_demo:/home/lhy/ws01_plumbing/install/cpp01_topic:/home/lhy/ws01_plumbing/install/py01_topic:/opt/ros/humble /usr/bin/cmake --build /home/lhy/ws01_plumbing/build/cpp01_topic -- -j8 -l8
[5.598s] Invoking command in '/home/lhy/ws01_plumbing/build/cpp01_topic': CMAKE_PREFIX_PATH=/home/lhy/ws01_plumbing/install/base_interfaces_demo:/home/lhy/ws01_plumbing/install/cpp01_topic:/home/lhy/ws01_plumbing/install/py01_topic:/opt/ros/humble /usr/bin/cmake --install /home/lhy/ws01_plumbing/build/cpp01_topic
[5.607s] -- Install configuration: ""
[5.607s] -- Installing: /home/lhy/ws01_plumbing/install/cpp01_topic/lib/cpp01_topic/demo01_talker_str
[5.609s] -- Set runtime path of "/home/lhy/ws01_plumbing/install/cpp01_topic/lib/cpp01_topic/demo01_talker_str" to ""
[5.609s] -- Up-to-date: /home/lhy/ws01_plumbing/install/cpp01_topic/share/ament_index/resource_index/package_run_dependencies/cpp01_topic
[5.609s] -- Up-to-date: /home/lhy/ws01_plumbing/install/cpp01_topic/share/ament_index/resource_index/parent_prefix_path/cpp01_topic
[5.610s] -- Up-to-date: /home/lhy/ws01_plumbing/install/cpp01_topic/share/cpp01_topic/environment/ament_prefix_path.sh
[5.610s] -- Up-to-date: /home/lhy/ws01_plumbing/install/cpp01_topic/share/cpp01_topic/environment/ament_prefix_path.dsv
[5.610s] -- Up-to-date: /home/lhy/ws01_plumbing/install/cpp01_topic/share/cpp01_topic/environment/path.sh
[5.610s] -- Up-to-date: /home/lhy/ws01_plumbing/install/cpp01_topic/share/cpp01_topic/environment/path.dsv
[5.610s] -- Up-to-date: /home/lhy/ws01_plumbing/install/cpp01_topic/share/cpp01_topic/local_setup.bash
[5.611s] -- Up-to-date: /home/lhy/ws01_plumbing/install/cpp01_topic/share/cpp01_topic/local_setup.sh
[5.611s] -- Up-to-date: /home/lhy/ws01_plumbing/install/cpp01_topic/share/cpp01_topic/local_setup.zsh
[5.611s] -- Up-to-date: /home/lhy/ws01_plumbing/install/cpp01_topic/share/cpp01_topic/local_setup.dsv
[5.611s] -- Installing: /home/lhy/ws01_plumbing/install/cpp01_topic/share/cpp01_topic/package.dsv
[5.611s] -- Up-to-date: /home/lhy/ws01_plumbing/install/cpp01_topic/share/ament_index/resource_index/packages/cpp01_topic
[5.611s] -- Up-to-date: /home/lhy/ws01_plumbing/install/cpp01_topic/share/cpp01_topic/cmake/cpp01_topicConfig.cmake
[5.611s] -- Up-to-date: /home/lhy/ws01_plumbing/install/cpp01_topic/share/cpp01_topic/cmake/cpp01_topicConfig-version.cmake
[5.612s] -- Up-to-date: /home/lhy/ws01_plumbing/install/cpp01_topic/share/cpp01_topic/package.xml
[5.613s] Invoked command in '/home/lhy/ws01_plumbing/build/cpp01_topic' returned '0': CMAKE_PREFIX_PATH=/home/lhy/ws01_plumbing/install/base_interfaces_demo:/home/lhy/ws01_plumbing/install/cpp01_topic:/home/lhy/ws01_plumbing/install/py01_topic:/opt/ros/humble /usr/bin/cmake --install /home/lhy/ws01_plumbing/build/cpp01_topic
