[0.069s] Invoking command in '/home/lhy/ws01_plumbing/build/cpp01_topic': CMAKE_PREFIX_PATH=/home/lhy/ws01_plumbing/install/base_interfaces_demo:/home/lhy/ws01_plumbing/install/cpp01_topic:/home/lhy/ws01_plumbing/install/py01_topic:/opt/ros/humble /usr/bin/cmake --build /home/lhy/ws01_plumbing/build/cpp01_topic -- -j8 -l8
[0.106s] [35m[1mConsolidate compiler generated dependencies of target demo04_listener_stu[0m
[0.106s] [35m[1mConsolidate compiler generated dependencies of target demo03_talker_stu[0m
[0.106s] [35m[1mConsolidate compiler generated dependencies of target demo02_listener_str[0m
[0.108s] [35m[1mConsolidate compiler generated dependencies of target demo01_talker_str[0m
[0.127s] [ 25%] Built target demo04_listener_stu
[0.128s] [ 50%] Built target demo02_listener_str
[0.130s] [ 75%] Built target demo01_talker_str
[0.130s] [ 87%] [32mBuilding CXX object CMakeFiles/demo03_talker_stu.dir/src/demo03_talker_stu.cpp.o[0m
[4.881s] [100%] [32m[1mLinking CXX executable demo03_talker_stu[0m
[5.089s] [100%] Built target demo03_talker_stu
[5.101s] Invoked command in '/home/lhy/ws01_plumbing/build/cpp01_topic' returned '0': CMAKE_PREFIX_PATH=/home/lhy/ws01_plumbing/install/base_interfaces_demo:/home/lhy/ws01_plumbing/install/cpp01_topic:/home/lhy/ws01_plumbing/install/py01_topic:/opt/ros/humble /usr/bin/cmake --build /home/lhy/ws01_plumbing/build/cpp01_topic -- -j8 -l8
[5.149s] Invoking command in '/home/lhy/ws01_plumbing/build/cpp01_topic': CMAKE_PREFIX_PATH=/home/lhy/ws01_plumbing/install/base_interfaces_demo:/home/lhy/ws01_plumbing/install/cpp01_topic:/home/lhy/ws01_plumbing/install/py01_topic:/opt/ros/humble /usr/bin/cmake --install /home/lhy/ws01_plumbing/build/cpp01_topic
[5.157s] -- Install configuration: ""
[5.157s] -- Up-to-date: /home/lhy/ws01_plumbing/install/cpp01_topic/lib/cpp01_topic/demo01_talker_str
[5.157s] -- Up-to-date: /home/lhy/ws01_plumbing/install/cpp01_topic/lib/cpp01_topic/demo02_listener_str
[5.158s] -- Installing: /home/lhy/ws01_plumbing/install/cpp01_topic/lib/cpp01_topic/demo03_talker_stu
[5.159s] -- Set runtime path of "/home/lhy/ws01_plumbing/install/cpp01_topic/lib/cpp01_topic/demo03_talker_stu" to ""
[5.159s] -- Up-to-date: /home/lhy/ws01_plumbing/install/cpp01_topic/lib/cpp01_topic/demo04_listener_stu
[5.160s] -- Up-to-date: /home/lhy/ws01_plumbing/install/cpp01_topic/share/ament_index/resource_index/package_run_dependencies/cpp01_topic
[5.160s] -- Up-to-date: /home/lhy/ws01_plumbing/install/cpp01_topic/share/ament_index/resource_index/parent_prefix_path/cpp01_topic
[5.160s] -- Up-to-date: /home/lhy/ws01_plumbing/install/cpp01_topic/share/cpp01_topic/environment/ament_prefix_path.sh
[5.160s] -- Up-to-date: /home/lhy/ws01_plumbing/install/cpp01_topic/share/cpp01_topic/environment/ament_prefix_path.dsv
[5.160s] -- Up-to-date: /home/lhy/ws01_plumbing/install/cpp01_topic/share/cpp01_topic/environment/path.sh
[5.161s] -- Up-to-date: /home/lhy/ws01_plumbing/install/cpp01_topic/share/cpp01_topic/environment/path.dsv
[5.161s] -- Up-to-date: /home/lhy/ws01_plumbing/install/cpp01_topic/share/cpp01_topic/local_setup.bash
[5.161s] -- Up-to-date: /home/lhy/ws01_plumbing/install/cpp01_topic/share/cpp01_topic/local_setup.sh
[5.161s] -- Up-to-date: /home/lhy/ws01_plumbing/install/cpp01_topic/share/cpp01_topic/local_setup.zsh
[5.161s] -- Up-to-date: /home/lhy/ws01_plumbing/install/cpp01_topic/share/cpp01_topic/local_setup.dsv
[5.161s] -- Installing: /home/lhy/ws01_plumbing/install/cpp01_topic/share/cpp01_topic/package.dsv
[5.161s] -- Up-to-date: /home/lhy/ws01_plumbing/install/cpp01_topic/share/ament_index/resource_index/packages/cpp01_topic
[5.161s] -- Up-to-date: /home/lhy/ws01_plumbing/install/cpp01_topic/share/cpp01_topic/cmake/cpp01_topicConfig.cmake
[5.161s] -- Up-to-date: /home/lhy/ws01_plumbing/install/cpp01_topic/share/cpp01_topic/cmake/cpp01_topicConfig-version.cmake
[5.162s] -- Up-to-date: /home/lhy/ws01_plumbing/install/cpp01_topic/share/cpp01_topic/package.xml
[5.162s] Invoked command in '/home/lhy/ws01_plumbing/build/cpp01_topic' returned '0': CMAKE_PREFIX_PATH=/home/lhy/ws01_plumbing/install/base_interfaces_demo:/home/lhy/ws01_plumbing/install/cpp01_topic:/home/lhy/ws01_plumbing/install/py01_topic:/opt/ros/humble /usr/bin/cmake --install /home/lhy/ws01_plumbing/build/cpp01_topic
