[0.070s] Invoking command in '/home/lhy/ws01_plumbing/build/cpp02_service': CMAKE_PREFIX_PATH=/home/lhy/ws01_plumbing/install/base_interfaces_demo:/home/lhy/ws01_plumbing/install/cpp02_service:/home/lhy/ws01_plumbing/install/cpp01_topic:/home/lhy/ws01_plumbing/install/py01_topic:/opt/ros/humble /usr/bin/cmake --build /home/lhy/ws01_plumbing/build/cpp02_service -- -j8 -l8
[0.113s] [35m[1mConsolidate compiler generated dependencies of target demo02_client[0m
[0.113s] [35m[1mConsolidate compiler generated dependencies of target demo01_server[0m
[0.135s] [ 25%] [32mBuilding CXX object CMakeFiles/demo02_client.dir/src/demo02_client.cpp.o[0m
[0.139s] [ 75%] Built target demo01_server
[3.601s] [100%] [32m[1mLinking CXX executable demo02_client[0m
[3.718s] [100%] Built target demo02_client
[3.733s] Invoked command in '/home/lhy/ws01_plumbing/build/cpp02_service' returned '0': CMAKE_PREFIX_PATH=/home/lhy/ws01_plumbing/install/base_interfaces_demo:/home/lhy/ws01_plumbing/install/cpp02_service:/home/lhy/ws01_plumbing/install/cpp01_topic:/home/lhy/ws01_plumbing/install/py01_topic:/opt/ros/humble /usr/bin/cmake --build /home/lhy/ws01_plumbing/build/cpp02_service -- -j8 -l8
[3.777s] Invoking command in '/home/lhy/ws01_plumbing/build/cpp02_service': CMAKE_PREFIX_PATH=/home/lhy/ws01_plumbing/install/base_interfaces_demo:/home/lhy/ws01_plumbing/install/cpp02_service:/home/lhy/ws01_plumbing/install/cpp01_topic:/home/lhy/ws01_plumbing/install/py01_topic:/opt/ros/humble /usr/bin/cmake --install /home/lhy/ws01_plumbing/build/cpp02_service
[3.785s] -- Install configuration: ""
[3.785s] -- Up-to-date: /home/lhy/ws01_plumbing/install/cpp02_service/lib/cpp02_service/demo01_server
[3.786s] -- Installing: /home/lhy/ws01_plumbing/install/cpp02_service/lib/cpp02_service/demo02_client
[3.786s] -- Set runtime path of "/home/lhy/ws01_plumbing/install/cpp02_service/lib/cpp02_service/demo02_client" to ""
[3.786s] -- Up-to-date: /home/lhy/ws01_plumbing/install/cpp02_service/share/ament_index/resource_index/package_run_dependencies/cpp02_service
[3.787s] -- Up-to-date: /home/lhy/ws01_plumbing/install/cpp02_service/share/ament_index/resource_index/parent_prefix_path/cpp02_service
[3.787s] -- Up-to-date: /home/lhy/ws01_plumbing/install/cpp02_service/share/cpp02_service/environment/ament_prefix_path.sh
[3.787s] -- Up-to-date: /home/lhy/ws01_plumbing/install/cpp02_service/share/cpp02_service/environment/ament_prefix_path.dsv
[3.787s] -- Up-to-date: /home/lhy/ws01_plumbing/install/cpp02_service/share/cpp02_service/environment/path.sh
[3.787s] -- Up-to-date: /home/lhy/ws01_plumbing/install/cpp02_service/share/cpp02_service/environment/path.dsv
[3.787s] -- Up-to-date: /home/lhy/ws01_plumbing/install/cpp02_service/share/cpp02_service/local_setup.bash
[3.787s] -- Up-to-date: /home/lhy/ws01_plumbing/install/cpp02_service/share/cpp02_service/local_setup.sh
[3.787s] -- Up-to-date: /home/lhy/ws01_plumbing/install/cpp02_service/share/cpp02_service/local_setup.zsh
[3.787s] -- Up-to-date: /home/lhy/ws01_plumbing/install/cpp02_service/share/cpp02_service/local_setup.dsv
[3.787s] -- Installing: /home/lhy/ws01_plumbing/install/cpp02_service/share/cpp02_service/package.dsv
[3.787s] -- Up-to-date: /home/lhy/ws01_plumbing/install/cpp02_service/share/ament_index/resource_index/packages/cpp02_service
[3.787s] -- Up-to-date: /home/lhy/ws01_plumbing/install/cpp02_service/share/cpp02_service/cmake/cpp02_serviceConfig.cmake
[3.788s] -- Up-to-date: /home/lhy/ws01_plumbing/install/cpp02_service/share/cpp02_service/cmake/cpp02_serviceConfig-version.cmake
[3.788s] -- Up-to-date: /home/lhy/ws01_plumbing/install/cpp02_service/share/cpp02_service/package.xml
[3.789s] Invoked command in '/home/lhy/ws01_plumbing/build/cpp02_service' returned '0': CMAKE_PREFIX_PATH=/home/lhy/ws01_plumbing/install/base_interfaces_demo:/home/lhy/ws01_plumbing/install/cpp02_service:/home/lhy/ws01_plumbing/install/cpp01_topic:/home/lhy/ws01_plumbing/install/py01_topic:/opt/ros/humble /usr/bin/cmake --install /home/lhy/ws01_plumbing/build/cpp02_service
