[0.744s] Invoking command in '/home/lhy/ws01_plumbing/src/py01_topic': CMAKE_PREFIX_PATH=/home/lhy/ws01_plumbing/install/base_interfaces_demo:/home/lhy/ws01_plumbing/install/cpp01_topic PYTHONPATH=/home/lhy/ws01_plumbing/build/py01_topic/prefix_override:/home/lhy/ws01_plumbing/install/py01_topic/lib/python3.10/site-packages:${PYTHONPATH} /usr/bin/python3 setup.py egg_info --egg-base ../../build/py01_topic build --build-base /home/lhy/ws01_plumbing/build/py01_topic/build install --record /home/lhy/ws01_plumbing/build/py01_topic/install.log --single-version-externally-managed
[0.970s] running egg_info
[0.970s] writing ../../build/py01_topic/py01_topic.egg-info/PKG-INFO
[0.970s] writing dependency_links to ../../build/py01_topic/py01_topic.egg-info/dependency_links.txt
[0.971s] writing entry points to ../../build/py01_topic/py01_topic.egg-info/entry_points.txt
[0.971s] writing requirements to ../../build/py01_topic/py01_topic.egg-info/requires.txt
[0.971s] writing top-level names to ../../build/py01_topic/py01_topic.egg-info/top_level.txt
[0.972s] reading manifest file '../../build/py01_topic/py01_topic.egg-info/SOURCES.txt'
[0.981s] writing manifest file '../../build/py01_topic/py01_topic.egg-info/SOURCES.txt'
[0.981s] running build
[0.981s] running build_py
[0.981s] copying py01_topic/demo02_listener_str_py.py -> /home/lhy/ws01_plumbing/build/py01_topic/build/lib/py01_topic
[0.981s] copying py01_topic/test.py -> /home/lhy/ws01_plumbing/build/py01_topic/build/lib/py01_topic
[0.981s] copying py01_topic/demo03_talker_stu_py.py -> /home/lhy/ws01_plumbing/build/py01_topic/build/lib/py01_topic
[0.981s] copying py01_topic/demo04_listener_stu_py.py -> /home/lhy/ws01_plumbing/build/py01_topic/build/lib/py01_topic
[0.982s] running install
[0.982s] /usr/lib/python3/dist-packages/setuptools/command/install.py:34: SetuptoolsDeprecationWarning: setup.py install is deprecated. Use build and pip and other standards-based tools.
[0.982s]   warnings.warn(
[0.982s] running install_lib
[0.983s] copying /home/lhy/ws01_plumbing/build/py01_topic/build/lib/py01_topic/demo02_listener_str_py.py -> /home/lhy/ws01_plumbing/install/py01_topic/lib/python3.10/site-packages/py01_topic
[0.983s] copying /home/lhy/ws01_plumbing/build/py01_topic/build/lib/py01_topic/test.py -> /home/lhy/ws01_plumbing/install/py01_topic/lib/python3.10/site-packages/py01_topic
[0.984s] copying /home/lhy/ws01_plumbing/build/py01_topic/build/lib/py01_topic/demo03_talker_stu_py.py -> /home/lhy/ws01_plumbing/install/py01_topic/lib/python3.10/site-packages/py01_topic
[0.984s] copying /home/lhy/ws01_plumbing/build/py01_topic/build/lib/py01_topic/demo04_listener_stu_py.py -> /home/lhy/ws01_plumbing/install/py01_topic/lib/python3.10/site-packages/py01_topic
[0.984s] byte-compiling /home/lhy/ws01_plumbing/install/py01_topic/lib/python3.10/site-packages/py01_topic/demo02_listener_str_py.py to demo02_listener_str_py.cpython-310.pyc
[0.985s] byte-compiling /home/lhy/ws01_plumbing/install/py01_topic/lib/python3.10/site-packages/py01_topic/test.py to test.cpython-310.pyc
[0.985s] byte-compiling /home/lhy/ws01_plumbing/install/py01_topic/lib/python3.10/site-packages/py01_topic/demo03_talker_stu_py.py to demo03_talker_stu_py.cpython-310.pyc
[0.985s] byte-compiling /home/lhy/ws01_plumbing/install/py01_topic/lib/python3.10/site-packages/py01_topic/demo04_listener_stu_py.py to demo04_listener_stu_py.cpython-310.pyc
[0.985s] running install_data
[0.986s] running install_egg_info
[0.987s] removing '/home/lhy/ws01_plumbing/install/py01_topic/lib/python3.10/site-packages/py01_topic-0.0.0-py3.10.egg-info' (and everything under it)
[0.988s] Copying ../../build/py01_topic/py01_topic.egg-info to /home/lhy/ws01_plumbing/install/py01_topic/lib/python3.10/site-packages/py01_topic-0.0.0-py3.10.egg-info
[0.988s] running install_scripts
[1.007s] Installing demo01_talker_str_py script to /home/lhy/ws01_plumbing/install/py01_topic/lib/py01_topic
[1.007s] Installing demo02_listener_str_py script to /home/lhy/ws01_plumbing/install/py01_topic/lib/py01_topic
[1.007s] Installing demo03_talker_stu_py script to /home/lhy/ws01_plumbing/install/py01_topic/lib/py01_topic
[1.007s] Installing demo04_listener_stu_py script to /home/lhy/ws01_plumbing/install/py01_topic/lib/py01_topic
[1.008s] writing list of installed files to '/home/lhy/ws01_plumbing/build/py01_topic/install.log'
[1.046s] Invoked command in '/home/lhy/ws01_plumbing/src/py01_topic' returned '0': CMAKE_PREFIX_PATH=/home/lhy/ws01_plumbing/install/base_interfaces_demo:/home/lhy/ws01_plumbing/install/cpp01_topic PYTHONPATH=/home/lhy/ws01_plumbing/build/py01_topic/prefix_override:/home/lhy/ws01_plumbing/install/py01_topic/lib/python3.10/site-packages:${PYTHONPATH} /usr/bin/python3 setup.py egg_info --egg-base ../../build/py01_topic build --build-base /home/lhy/ws01_plumbing/build/py01_topic/build install --record /home/lhy/ws01_plumbing/build/py01_topic/install.log --single-version-externally-managed
