[0.922s] Invoking command in '/home/lhy/ws01_plumbing/src/py01_topic': CMAKE_PREFIX_PATH=/home/lhy/ws01_plumbing/install/base_interfaces_demo:/home/lhy/ws01_plumbing/install/cpp01_topic PYTHONPATH=/home/lhy/ws01_plumbing/build/py01_topic/prefix_override:/home/lhy/ws01_plumbing/install/py01_topic/lib/python3.10/site-packages:${PYTHONPATH} /usr/bin/python3 setup.py egg_info --egg-base ../../build/py01_topic build --build-base /home/lhy/ws01_plumbing/build/py01_topic/build install --record /home/lhy/ws01_plumbing/build/py01_topic/install.log --single-version-externally-managed
[1.224s] running egg_info
[1.225s] writing ../../build/py01_topic/py01_topic.egg-info/PKG-INFO
[1.225s] writing dependency_links to ../../build/py01_topic/py01_topic.egg-info/dependency_links.txt
[1.226s] writing entry points to ../../build/py01_topic/py01_topic.egg-info/entry_points.txt
[1.226s] writing requirements to ../../build/py01_topic/py01_topic.egg-info/requires.txt
[1.226s] writing top-level names to ../../build/py01_topic/py01_topic.egg-info/top_level.txt
[1.228s] reading manifest file '../../build/py01_topic/py01_topic.egg-info/SOURCES.txt'
[1.229s] writing manifest file '../../build/py01_topic/py01_topic.egg-info/SOURCES.txt'
[1.229s] running build
[1.229s] running build_py
[1.229s] running install
[1.229s] /usr/lib/python3/dist-packages/setuptools/command/install.py:34: SetuptoolsDeprecationWarning: setup.py install is deprecated. Use build and pip and other standards-based tools.
[1.229s]   warnings.warn(
[1.230s] running install_lib
[1.231s] running install_data
[1.231s] running install_egg_info
[1.233s] removing '/home/lhy/ws01_plumbing/install/py01_topic/lib/python3.10/site-packages/py01_topic-0.0.0-py3.10.egg-info' (and everything under it)
[1.233s] Copying ../../build/py01_topic/py01_topic.egg-info to /home/lhy/ws01_plumbing/install/py01_topic/lib/python3.10/site-packages/py01_topic-0.0.0-py3.10.egg-info
[1.235s] running install_scripts
[1.258s] Installing demo01_talker_str_py script to /home/lhy/ws01_plumbing/install/py01_topic/lib/py01_topic
[1.259s] writing list of installed files to '/home/lhy/ws01_plumbing/build/py01_topic/install.log'
[1.292s] Invoked command in '/home/lhy/ws01_plumbing/src/py01_topic' returned '0': CMAKE_PREFIX_PATH=/home/lhy/ws01_plumbing/install/base_interfaces_demo:/home/lhy/ws01_plumbing/install/cpp01_topic PYTHONPATH=/home/lhy/ws01_plumbing/build/py01_topic/prefix_override:/home/lhy/ws01_plumbing/install/py01_topic/lib/python3.10/site-packages:${PYTHONPATH} /usr/bin/python3 setup.py egg_info --egg-base ../../build/py01_topic build --build-base /home/lhy/ws01_plumbing/build/py01_topic/build install --record /home/lhy/ws01_plumbing/build/py01_topic/install.log --single-version-externally-managed
