[2.250s] Invoking command in '/home/lhy/ws01_plumbing/src/py03_action': AMENT_PREFIX_PATH=/home/lhy/ws01_plumbing/install/base_interfaces_demo:${AMENT_PREFIX_PATH} CMAKE_PREFIX_PATH=/home/lhy/ws01_plumbing/install/base_interfaces_demo LD_LIBRARY_PATH=/home/lhy/ws01_plumbing/install/base_interfaces_demo/lib:${LD_LIBRARY_PATH} PYTHONPATH=/home/lhy/ws01_plumbing/build/py03_action/prefix_override:/home/lhy/ws01_plumbing/install/py03_action/lib/python3.10/site-packages:/home/lhy/ws01_plumbing/install/base_interfaces_demo/local/lib/python3.10/dist-packages:${PYTHONPATH} /usr/bin/python3 setup.py egg_info --egg-base ../../build/py03_action build --build-base /home/lhy/ws01_plumbing/build/py03_action/build install --record /home/lhy/ws01_plumbing/build/py03_action/install.log --single-version-externally-managed
[2.864s] running egg_info
[2.866s] writing ../../build/py03_action/py03_action.egg-info/PKG-INFO
[2.866s] writing dependency_links to ../../build/py03_action/py03_action.egg-info/dependency_links.txt
[2.866s] writing entry points to ../../build/py03_action/py03_action.egg-info/entry_points.txt
[2.867s] writing requirements to ../../build/py03_action/py03_action.egg-info/requires.txt
[2.867s] writing top-level names to ../../build/py03_action/py03_action.egg-info/top_level.txt
[2.869s] reading manifest file '../../build/py03_action/py03_action.egg-info/SOURCES.txt'
[2.870s] writing manifest file '../../build/py03_action/py03_action.egg-info/SOURCES.txt'
[2.871s] running build
[2.871s] running build_py
[2.871s] copying py03_action/demo02_action_client_py.py -> /home/lhy/ws01_plumbing/build/py03_action/build/lib/py03_action
[2.872s] running install
[2.872s] /usr/lib/python3/dist-packages/setuptools/command/install.py:34: SetuptoolsDeprecationWarning: setup.py install is deprecated. Use build and pip and other standards-based tools.
[2.872s]   warnings.warn(
[2.873s] running install_lib
[2.874s] copying /home/lhy/ws01_plumbing/build/py03_action/build/lib/py03_action/demo02_action_client_py.py -> /home/lhy/ws01_plumbing/install/py03_action/lib/python3.10/site-packages/py03_action
[2.875s] byte-compiling /home/lhy/ws01_plumbing/install/py03_action/lib/python3.10/site-packages/py03_action/demo02_action_client_py.py to demo02_action_client_py.cpython-310.pyc
[2.876s] running install_data
[2.877s] running install_egg_info
[2.879s] removing '/home/lhy/ws01_plumbing/install/py03_action/lib/python3.10/site-packages/py03_action-0.0.0-py3.10.egg-info' (and everything under it)
[2.880s] Copying ../../build/py03_action/py03_action.egg-info to /home/lhy/ws01_plumbing/install/py03_action/lib/python3.10/site-packages/py03_action-0.0.0-py3.10.egg-info
[2.881s] running install_scripts
[2.927s] Installing demo01_action_server_py script to /home/lhy/ws01_plumbing/install/py03_action/lib/py03_action
[2.927s] Installing demo02_action_client_py script to /home/lhy/ws01_plumbing/install/py03_action/lib/py03_action
[2.928s] writing list of installed files to '/home/lhy/ws01_plumbing/build/py03_action/install.log'
[3.003s] Invoked command in '/home/lhy/ws01_plumbing/src/py03_action' returned '0': AMENT_PREFIX_PATH=/home/lhy/ws01_plumbing/install/base_interfaces_demo:${AMENT_PREFIX_PATH} CMAKE_PREFIX_PATH=/home/lhy/ws01_plumbing/install/base_interfaces_demo LD_LIBRARY_PATH=/home/lhy/ws01_plumbing/install/base_interfaces_demo/lib:${LD_LIBRARY_PATH} PYTHONPATH=/home/lhy/ws01_plumbing/build/py03_action/prefix_override:/home/lhy/ws01_plumbing/install/py03_action/lib/python3.10/site-packages:/home/lhy/ws01_plumbing/install/base_interfaces_demo/local/lib/python3.10/dist-packages:${PYTHONPATH} /usr/bin/python3 setup.py egg_info --egg-base ../../build/py03_action build --build-base /home/lhy/ws01_plumbing/build/py03_action/build install --record /home/lhy/ws01_plumbing/build/py03_action/install.log --single-version-externally-managed
