[0.230s] Invoking command in '/home/lhy/ws01_plumbing/build/cpp03_action': CMAKE_PREFIX_PATH=/home/lhy/ws01_plumbing/install/base_interfaces_demo:/home/lhy/ws01_plumbing/install/cpp02_service:/home/lhy/ws01_plumbing/install/cpp01_topic:/home/lhy/ws01_plumbing/install/py02_service:/home/lhy/ws01_plumbing/install/py01_topic:/opt/ros/humble /usr/bin/cmake --build /home/lhy/ws01_plumbing/build/cpp03_action -- -j8 -l8
[0.387s] [35m[1mConsolidate compiler generated dependencies of target demo01_action_server[0m
[0.413s] [ 25%] [32mBuilding CXX object CMakeFiles/demo02_action_client.dir/src/demo02_action_client.cpp.o[0m
[0.446s] [ 50%] [32mBuilding CXX object CMakeFiles/demo01_action_server.dir/src/demo01_action_server.cpp.o[0m
[8.027s] [ 75%] [32m[1mLinking CXX executable demo02_action_client[0m
[8.349s] [ 75%] Built target demo02_action_client
[10.708s] [100%] [32m[1mLinking CXX executable demo01_action_server[0m
[11.070s] [100%] Built target demo01_action_server
[11.091s] Invoked command in '/home/lhy/ws01_plumbing/build/cpp03_action' returned '0': CMAKE_PREFIX_PATH=/home/lhy/ws01_plumbing/install/base_interfaces_demo:/home/lhy/ws01_plumbing/install/cpp02_service:/home/lhy/ws01_plumbing/install/cpp01_topic:/home/lhy/ws01_plumbing/install/py02_service:/home/lhy/ws01_plumbing/install/py01_topic:/opt/ros/humble /usr/bin/cmake --build /home/lhy/ws01_plumbing/build/cpp03_action -- -j8 -l8
[11.170s] Invoking command in '/home/lhy/ws01_plumbing/build/cpp03_action': CMAKE_PREFIX_PATH=/home/lhy/ws01_plumbing/install/base_interfaces_demo:/home/lhy/ws01_plumbing/install/cpp02_service:/home/lhy/ws01_plumbing/install/cpp01_topic:/home/lhy/ws01_plumbing/install/py02_service:/home/lhy/ws01_plumbing/install/py01_topic:/opt/ros/humble /usr/bin/cmake --install /home/lhy/ws01_plumbing/build/cpp03_action
[11.188s] -- Install configuration: ""
[11.190s] -- Installing: /home/lhy/ws01_plumbing/install/cpp03_action/lib/cpp03_action/demo01_action_server
[11.193s] -- Set runtime path of "/home/lhy/ws01_plumbing/install/cpp03_action/lib/cpp03_action/demo01_action_server" to ""
[11.193s] -- Installing: /home/lhy/ws01_plumbing/install/cpp03_action/lib/cpp03_action/demo02_action_client
[11.194s] -- Set runtime path of "/home/lhy/ws01_plumbing/install/cpp03_action/lib/cpp03_action/demo02_action_client" to ""
[11.195s] -- Up-to-date: /home/lhy/ws01_plumbing/install/cpp03_action/share/ament_index/resource_index/package_run_dependencies/cpp03_action
[11.195s] -- Up-to-date: /home/lhy/ws01_plumbing/install/cpp03_action/share/ament_index/resource_index/parent_prefix_path/cpp03_action
[11.196s] -- Up-to-date: /home/lhy/ws01_plumbing/install/cpp03_action/share/cpp03_action/environment/ament_prefix_path.sh
[11.196s] -- Up-to-date: /home/lhy/ws01_plumbing/install/cpp03_action/share/cpp03_action/environment/ament_prefix_path.dsv
[11.196s] -- Up-to-date: /home/lhy/ws01_plumbing/install/cpp03_action/share/cpp03_action/environment/path.sh
[11.196s] -- Up-to-date: /home/lhy/ws01_plumbing/install/cpp03_action/share/cpp03_action/environment/path.dsv
[11.196s] -- Up-to-date: /home/lhy/ws01_plumbing/install/cpp03_action/share/cpp03_action/local_setup.bash
[11.197s] -- Up-to-date: /home/lhy/ws01_plumbing/install/cpp03_action/share/cpp03_action/local_setup.sh
[11.197s] -- Up-to-date: /home/lhy/ws01_plumbing/install/cpp03_action/share/cpp03_action/local_setup.zsh
[11.197s] -- Up-to-date: /home/lhy/ws01_plumbing/install/cpp03_action/share/cpp03_action/local_setup.dsv
[11.197s] -- Installing: /home/lhy/ws01_plumbing/install/cpp03_action/share/cpp03_action/package.dsv
[11.198s] -- Up-to-date: /home/lhy/ws01_plumbing/install/cpp03_action/share/ament_index/resource_index/packages/cpp03_action
[11.199s] -- Up-to-date: /home/lhy/ws01_plumbing/install/cpp03_action/share/cpp03_action/cmake/cpp03_actionConfig.cmake
[11.199s] -- Up-to-date: /home/lhy/ws01_plumbing/install/cpp03_action/share/cpp03_action/cmake/cpp03_actionConfig-version.cmake
[11.199s] -- Up-to-date: /home/lhy/ws01_plumbing/install/cpp03_action/share/cpp03_action/package.xml
[11.205s] Invoked command in '/home/lhy/ws01_plumbing/build/cpp03_action' returned '0': CMAKE_PREFIX_PATH=/home/lhy/ws01_plumbing/install/base_interfaces_demo:/home/lhy/ws01_plumbing/install/cpp02_service:/home/lhy/ws01_plumbing/install/cpp01_topic:/home/lhy/ws01_plumbing/install/py02_service:/home/lhy/ws01_plumbing/install/py01_topic:/opt/ros/humble /usr/bin/cmake --install /home/lhy/ws01_plumbing/build/cpp03_action
