[0.724s] Invoking command in '/home/lhy/ws01_plumbing/src/py01_topic': CMAKE_PREFIX_PATH=/home/lhy/ws01_plumbing/install/base_interfaces_demo:/home/lhy/ws01_plumbing/install/cpp01_topic PYTHONPATH=/home/lhy/ws01_plumbing/build/py01_topic/prefix_override:/home/lhy/ws01_plumbing/install/py01_topic/lib/python3.10/site-packages:${PYTHONPATH} /usr/bin/python3 setup.py egg_info --egg-base ../../build/py01_topic build --build-base /home/lhy/ws01_plumbing/build/py01_topic/build install --record /home/lhy/ws01_plumbing/build/py01_topic/install.log --single-version-externally-managed
[0.974s] running egg_info
[0.974s] writing ../../build/py01_topic/py01_topic.egg-info/PKG-INFO
[0.974s] writing dependency_links to ../../build/py01_topic/py01_topic.egg-info/dependency_links.txt
[0.975s] writing entry points to ../../build/py01_topic/py01_topic.egg-info/entry_points.txt
[0.975s] writing requirements to ../../build/py01_topic/py01_topic.egg-info/requires.txt
[0.975s] writing top-level names to ../../build/py01_topic/py01_topic.egg-info/top_level.txt
[0.976s] reading manifest file '../../build/py01_topic/py01_topic.egg-info/SOURCES.txt'
[0.977s] writing manifest file '../../build/py01_topic/py01_topic.egg-info/SOURCES.txt'
[0.977s] running build
[0.977s] running build_py
[0.977s] copying py01_topic/demo01_talker_str_py.py -> /home/lhy/ws01_plumbing/build/py01_topic/build/lib/py01_topic
[0.977s] running install
[0.977s] /usr/lib/python3/dist-packages/setuptools/command/install.py:34: SetuptoolsDeprecationWarning: setup.py install is deprecated. Use build and pip and other standards-based tools.
[0.978s]   warnings.warn(
[0.978s] running install_lib
[0.978s] copying /home/lhy/ws01_plumbing/build/py01_topic/build/lib/py01_topic/demo01_talker_str_py.py -> /home/lhy/ws01_plumbing/install/py01_topic/lib/python3.10/site-packages/py01_topic
[0.979s] byte-compiling /home/lhy/ws01_plumbing/install/py01_topic/lib/python3.10/site-packages/py01_topic/demo01_talker_str_py.py to demo01_talker_str_py.cpython-310.pyc
[0.979s] running install_data
[0.980s] running install_egg_info
[0.981s] removing '/home/lhy/ws01_plumbing/install/py01_topic/lib/python3.10/site-packages/py01_topic-0.0.0-py3.10.egg-info' (and everything under it)
[0.981s] Copying ../../build/py01_topic/py01_topic.egg-info to /home/lhy/ws01_plumbing/install/py01_topic/lib/python3.10/site-packages/py01_topic-0.0.0-py3.10.egg-info
[0.982s] running install_scripts
[0.999s] Installing demo01_talker_str_py script to /home/lhy/ws01_plumbing/install/py01_topic/lib/py01_topic
[1.000s] writing list of installed files to '/home/lhy/ws01_plumbing/build/py01_topic/install.log'
[1.039s] Invoked command in '/home/lhy/ws01_plumbing/src/py01_topic' returned '0': CMAKE_PREFIX_PATH=/home/lhy/ws01_plumbing/install/base_interfaces_demo:/home/lhy/ws01_plumbing/install/cpp01_topic PYTHONPATH=/home/lhy/ws01_plumbing/build/py01_topic/prefix_override:/home/lhy/ws01_plumbing/install/py01_topic/lib/python3.10/site-packages:${PYTHONPATH} /usr/bin/python3 setup.py egg_info --egg-base ../../build/py01_topic build --build-base /home/lhy/ws01_plumbing/build/py01_topic/build install --record /home/lhy/ws01_plumbing/build/py01_topic/install.log --single-version-externally-managed
