[0.742s] Invoking command in '/home/lhy/ws01_plumbing/src/py02_service': CMAKE_PREFIX_PATH=/home/lhy/ws01_plumbing/install/base_interfaces_demo:/home/lhy/ws01_plumbing/install/cpp02_service:/home/lhy/ws01_plumbing/install/cpp01_topic PYTHONPATH=/home/lhy/ws01_plumbing/build/py02_service/prefix_override:/home/lhy/ws01_plumbing/install/py02_service/lib/python3.10/site-packages:${PYTHONPATH} /usr/bin/python3 setup.py egg_info --egg-base ../../build/py02_service build --build-base /home/lhy/ws01_plumbing/build/py02_service/build install --record /home/lhy/ws01_plumbing/build/py02_service/install.log --single-version-externally-managed
[1.024s] running egg_info
[1.025s] creating ../../build/py02_service/py02_service.egg-info
[1.025s] writing ../../build/py02_service/py02_service.egg-info/PKG-INFO
[1.025s] writing dependency_links to ../../build/py02_service/py02_service.egg-info/dependency_links.txt
[1.026s] writing entry points to ../../build/py02_service/py02_service.egg-info/entry_points.txt
[1.026s] writing requirements to ../../build/py02_service/py02_service.egg-info/requires.txt
[1.026s] writing top-level names to ../../build/py02_service/py02_service.egg-info/top_level.txt
[1.026s] writing manifest file '../../build/py02_service/py02_service.egg-info/SOURCES.txt'
[1.028s] reading manifest file '../../build/py02_service/py02_service.egg-info/SOURCES.txt'
[1.029s] writing manifest file '../../build/py02_service/py02_service.egg-info/SOURCES.txt'
[1.029s] running build
[1.029s] running build_py
[1.030s] creating /home/lhy/ws01_plumbing/build/py02_service/build
[1.030s] creating /home/lhy/ws01_plumbing/build/py02_service/build/lib
[1.030s] creating /home/lhy/ws01_plumbing/build/py02_service/build/lib/py02_service
[1.030s] copying py02_service/demo02_client_py.py -> /home/lhy/ws01_plumbing/build/py02_service/build/lib/py02_service
[1.030s] copying py02_service/demo01_server_py.py -> /home/lhy/ws01_plumbing/build/py02_service/build/lib/py02_service
[1.030s] copying py02_service/__init__.py -> /home/lhy/ws01_plumbing/build/py02_service/build/lib/py02_service
[1.030s] running install
[1.030s] /usr/lib/python3/dist-packages/setuptools/command/install.py:34: SetuptoolsDeprecationWarning: setup.py install is deprecated. Use build and pip and other standards-based tools.
[1.030s]   warnings.warn(
[1.030s] running install_lib
[1.031s] creating /home/lhy/ws01_plumbing/install/py02_service/lib/python3.10/site-packages/py02_service
[1.031s] copying /home/lhy/ws01_plumbing/build/py02_service/build/lib/py02_service/demo02_client_py.py -> /home/lhy/ws01_plumbing/install/py02_service/lib/python3.10/site-packages/py02_service
[1.031s] copying /home/lhy/ws01_plumbing/build/py02_service/build/lib/py02_service/demo01_server_py.py -> /home/lhy/ws01_plumbing/install/py02_service/lib/python3.10/site-packages/py02_service
[1.031s] copying /home/lhy/ws01_plumbing/build/py02_service/build/lib/py02_service/__init__.py -> /home/lhy/ws01_plumbing/install/py02_service/lib/python3.10/site-packages/py02_service
[1.032s] byte-compiling /home/lhy/ws01_plumbing/install/py02_service/lib/python3.10/site-packages/py02_service/demo02_client_py.py to demo02_client_py.cpython-310.pyc
[1.032s] byte-compiling /home/lhy/ws01_plumbing/install/py02_service/lib/python3.10/site-packages/py02_service/demo01_server_py.py to demo01_server_py.cpython-310.pyc
[1.032s] byte-compiling /home/lhy/ws01_plumbing/install/py02_service/lib/python3.10/site-packages/py02_service/__init__.py to __init__.cpython-310.pyc
[1.032s] running install_data
[1.033s] creating /home/lhy/ws01_plumbing/install/py02_service/share/ament_index
[1.033s] creating /home/lhy/ws01_plumbing/install/py02_service/share/ament_index/resource_index
[1.033s] creating /home/lhy/ws01_plumbing/install/py02_service/share/ament_index/resource_index/packages
[1.033s] copying resource/py02_service -> /home/lhy/ws01_plumbing/install/py02_service/share/ament_index/resource_index/packages
[1.033s] copying package.xml -> /home/lhy/ws01_plumbing/install/py02_service/share/py02_service
[1.033s] running install_egg_info
[1.035s] Copying ../../build/py02_service/py02_service.egg-info to /home/lhy/ws01_plumbing/install/py02_service/lib/python3.10/site-packages/py02_service-0.0.0-py3.10.egg-info
[1.035s] running install_scripts
[1.057s] Installing demo01_server_py script to /home/lhy/ws01_plumbing/install/py02_service/lib/py02_service
[1.057s] Installing demo02_client_py script to /home/lhy/ws01_plumbing/install/py02_service/lib/py02_service
[1.057s] writing list of installed files to '/home/lhy/ws01_plumbing/build/py02_service/install.log'
[1.090s] Invoked command in '/home/lhy/ws01_plumbing/src/py02_service' returned '0': CMAKE_PREFIX_PATH=/home/lhy/ws01_plumbing/install/base_interfaces_demo:/home/lhy/ws01_plumbing/install/cpp02_service:/home/lhy/ws01_plumbing/install/cpp01_topic PYTHONPATH=/home/lhy/ws01_plumbing/build/py02_service/prefix_override:/home/lhy/ws01_plumbing/install/py02_service/lib/python3.10/site-packages:${PYTHONPATH} /usr/bin/python3 setup.py egg_info --egg-base ../../build/py02_service build --build-base /home/lhy/ws01_plumbing/build/py02_service/build install --record /home/lhy/ws01_plumbing/build/py02_service/install.log --single-version-externally-managed
