[0.070s] Invoking command in '/home/lhy/ws01_plumbing/build/cpp02_service': CMAKE_PREFIX_PATH=/home/lhy/ws01_plumbing/install/base_interfaces_demo:/home/lhy/ws01_plumbing/install/cpp01_topic:/home/lhy/ws01_plumbing/install/py01_topic:/opt/ros/humble /usr/bin/cmake /home/lhy/ws01_plumbing/src/cpp02_service -DCMAKE_INSTALL_PREFIX=/home/lhy/ws01_plumbing/install/cpp02_service
[0.081s] -- Found ament_cmake: 1.3.3 (/opt/ros/humble/share/ament_cmake/cmake)
[0.253s] -- Found rclcpp: 16.0.3 (/opt/ros/humble/share/rclcpp/cmake)
[0.290s] -- Found rosidl_generator_c: 3.1.4 (/opt/ros/humble/share/rosidl_generator_c/cmake)
[0.293s] -- Found rosidl_adapter: 3.1.4 (/opt/ros/humble/share/rosidl_adapter/cmake)
[0.298s] -- Found rosidl_generator_cpp: 3.1.4 (/opt/ros/humble/share/rosidl_generator_cpp/cmake)
[0.311s] -- Using all available rosidl_typesupport_c: rosidl_typesupport_fastrtps_c;rosidl_typesupport_introspection_c
[0.331s] -- Using all available rosidl_typesupport_cpp: rosidl_typesupport_fastrtps_cpp;rosidl_typesupport_introspection_cpp
[0.396s] -- Found rmw_implementation_cmake: 6.1.1 (/opt/ros/humble/share/rmw_implementation_cmake/cmake)
[0.397s] -- Found rmw_fastrtps_cpp: 6.2.2 (/opt/ros/humble/share/rmw_fastrtps_cpp/cmake)
[0.514s] -- Using RMW implementation 'rmw_fastrtps_cpp' as default
[0.668s] -- Found base_interfaces_demo: 0.0.0 (/home/lhy/ws01_plumbing/install/base_interfaces_demo/share/base_interfaces_demo/cmake)
[0.680s] [31mCMake Error at /opt/ros/humble/share/ament_cmake_target_dependencies/cmake/ament_target_dependencies.cmake:42 (message):
[0.680s]   ament_target_dependencies() the first argument must be a valid target name
[0.681s] Call Stack (most recent call first):
[0.681s]   CMakeLists.txt:21 (ament_target_dependencies)
[0.681s] 
[0.681s] [0m
[0.681s] -- Configuring incomplete, errors occurred!
[0.681s] See also "/home/lhy/ws01_plumbing/build/cpp02_service/CMakeFiles/CMakeOutput.log".
[0.687s] Invoked command in '/home/lhy/ws01_plumbing/build/cpp02_service' returned '1': CMAKE_PREFIX_PATH=/home/lhy/ws01_plumbing/install/base_interfaces_demo:/home/lhy/ws01_plumbing/install/cpp01_topic:/home/lhy/ws01_plumbing/install/py01_topic:/opt/ros/humble /usr/bin/cmake /home/lhy/ws01_plumbing/src/cpp02_service -DCMAKE_INSTALL_PREFIX=/home/lhy/ws01_plumbing/install/cpp02_service
