[0.717s] Invoking command in '/home/lhy/ws01_plumbing/src/py02_service': CMAKE_PREFIX_PATH=/home/lhy/ws01_plumbing/install/base_interfaces_demo:/home/lhy/ws01_plumbing/install/cpp02_service:/home/lhy/ws01_plumbing/install/cpp01_topic PYTHONPATH=/home/lhy/ws01_plumbing/build/py02_service/prefix_override:/home/lhy/ws01_plumbing/install/py02_service/lib/python3.10/site-packages:${PYTHONPATH} /usr/bin/python3 setup.py egg_info --egg-base ../../build/py02_service build --build-base /home/lhy/ws01_plumbing/build/py02_service/build install --record /home/lhy/ws01_plumbing/build/py02_service/install.log --single-version-externally-managed
[0.958s] running egg_info
[0.958s] writing ../../build/py02_service/py02_service.egg-info/PKG-INFO
[0.959s] writing dependency_links to ../../build/py02_service/py02_service.egg-info/dependency_links.txt
[0.959s] writing entry points to ../../build/py02_service/py02_service.egg-info/entry_points.txt
[0.959s] writing requirements to ../../build/py02_service/py02_service.egg-info/requires.txt
[0.959s] writing top-level names to ../../build/py02_service/py02_service.egg-info/top_level.txt
[0.961s] reading manifest file '../../build/py02_service/py02_service.egg-info/SOURCES.txt'
[0.961s] writing manifest file '../../build/py02_service/py02_service.egg-info/SOURCES.txt'
[0.962s] running build
[0.962s] running build_py
[0.962s] copying py02_service/demo02_client_py.py -> /home/lhy/ws01_plumbing/build/py02_service/build/lib/py02_service
[0.962s] running install
[0.962s] /usr/lib/python3/dist-packages/setuptools/command/install.py:34: SetuptoolsDeprecationWarning: setup.py install is deprecated. Use build and pip and other standards-based tools.
[0.962s]   warnings.warn(
[0.963s] running install_lib
[0.963s] copying /home/lhy/ws01_plumbing/build/py02_service/build/lib/py02_service/demo02_client_py.py -> /home/lhy/ws01_plumbing/install/py02_service/lib/python3.10/site-packages/py02_service
[0.964s] byte-compiling /home/lhy/ws01_plumbing/install/py02_service/lib/python3.10/site-packages/py02_service/demo02_client_py.py to demo02_client_py.cpython-310.pyc
[0.964s] running install_data
[0.965s] running install_egg_info
[0.966s] removing '/home/lhy/ws01_plumbing/install/py02_service/lib/python3.10/site-packages/py02_service-0.0.0-py3.10.egg-info' (and everything under it)
[0.966s] Copying ../../build/py02_service/py02_service.egg-info to /home/lhy/ws01_plumbing/install/py02_service/lib/python3.10/site-packages/py02_service-0.0.0-py3.10.egg-info
[0.967s] running install_scripts
[0.985s] Installing demo01_server_py script to /home/lhy/ws01_plumbing/install/py02_service/lib/py02_service
[0.985s] Installing demo02_client_py script to /home/lhy/ws01_plumbing/install/py02_service/lib/py02_service
[0.985s] writing list of installed files to '/home/lhy/ws01_plumbing/build/py02_service/install.log'
[1.010s] Invoked command in '/home/lhy/ws01_plumbing/src/py02_service' returned '0': CMAKE_PREFIX_PATH=/home/lhy/ws01_plumbing/install/base_interfaces_demo:/home/lhy/ws01_plumbing/install/cpp02_service:/home/lhy/ws01_plumbing/install/cpp01_topic PYTHONPATH=/home/lhy/ws01_plumbing/build/py02_service/prefix_override:/home/lhy/ws01_plumbing/install/py02_service/lib/python3.10/site-packages:${PYTHONPATH} /usr/bin/python3 setup.py egg_info --egg-base ../../build/py02_service build --build-base /home/lhy/ws01_plumbing/build/py02_service/build install --record /home/lhy/ws01_plumbing/build/py02_service/install.log --single-version-externally-managed
