[0.064s] Invoking command in '/home/lhy/ws01_plumbing/build/cpp04_param': CMAKE_PREFIX_PATH=${CMAKE_PREFIX_PATH}:/home/lhy/ws01_plumbing/install/py04_param:/home/lhy/ws01_plumbing/install/py03_action:/home/lhy/ws01_plumbing/install/py02_service:/home/lhy/ws01_plumbing/install/py01_topic:/opt/ros/humble /usr/bin/cmake --build /home/lhy/ws01_plumbing/build/cpp04_param -- -j8 -l8
[0.107s] [35m[1mConsolidate compiler generated dependencies of target demo01_param_server[0m
[0.121s] [ 66%] Built target demo02_param_client
[0.121s] [ 66%] Built target demo00_param
[0.127s] [ 83%] [32mBuilding CXX object CMakeFiles/demo01_param_server.dir/src/demo01_param_server.cpp.o[0m
[3.687s] [100%] [32m[1mLinking CXX executable demo01_param_server[0m
[3.815s] [100%] Built target demo01_param_server
[3.829s] Invoked command in '/home/lhy/ws01_plumbing/build/cpp04_param' returned '0': CMAKE_PREFIX_PATH=${CMAKE_PREFIX_PATH}:/home/lhy/ws01_plumbing/install/py04_param:/home/lhy/ws01_plumbing/install/py03_action:/home/lhy/ws01_plumbing/install/py02_service:/home/lhy/ws01_plumbing/install/py01_topic:/opt/ros/humble /usr/bin/cmake --build /home/lhy/ws01_plumbing/build/cpp04_param -- -j8 -l8
[3.878s] Invoking command in '/home/lhy/ws01_plumbing/build/cpp04_param': CMAKE_PREFIX_PATH=${CMAKE_PREFIX_PATH}:/home/lhy/ws01_plumbing/install/py04_param:/home/lhy/ws01_plumbing/install/py03_action:/home/lhy/ws01_plumbing/install/py02_service:/home/lhy/ws01_plumbing/install/py01_topic:/opt/ros/humble /usr/bin/cmake --install /home/lhy/ws01_plumbing/build/cpp04_param
[3.889s] -- Install configuration: ""
[3.889s] -- Up-to-date: /home/lhy/ws01_plumbing/install/cpp04_param/lib/cpp04_param/demo00_param
[3.890s] -- Installing: /home/lhy/ws01_plumbing/install/cpp04_param/lib/cpp04_param/demo01_param_server
[3.891s] -- Set runtime path of "/home/lhy/ws01_plumbing/install/cpp04_param/lib/cpp04_param/demo01_param_server" to ""
[3.891s] -- Up-to-date: /home/lhy/ws01_plumbing/install/cpp04_param/lib/cpp04_param/demo02_param_client
[3.891s] -- Up-to-date: /home/lhy/ws01_plumbing/install/cpp04_param/share/ament_index/resource_index/package_run_dependencies/cpp04_param
[3.892s] -- Up-to-date: /home/lhy/ws01_plumbing/install/cpp04_param/share/ament_index/resource_index/parent_prefix_path/cpp04_param
[3.892s] -- Up-to-date: /home/lhy/ws01_plumbing/install/cpp04_param/share/cpp04_param/environment/ament_prefix_path.sh
[3.892s] -- Up-to-date: /home/lhy/ws01_plumbing/install/cpp04_param/share/cpp04_param/environment/ament_prefix_path.dsv
[3.892s] -- Up-to-date: /home/lhy/ws01_plumbing/install/cpp04_param/share/cpp04_param/environment/path.sh
[3.892s] -- Up-to-date: /home/lhy/ws01_plumbing/install/cpp04_param/share/cpp04_param/environment/path.dsv
[3.893s] -- Up-to-date: /home/lhy/ws01_plumbing/install/cpp04_param/share/cpp04_param/local_setup.bash
[3.893s] -- Up-to-date: /home/lhy/ws01_plumbing/install/cpp04_param/share/cpp04_param/local_setup.sh
[3.893s] -- Up-to-date: /home/lhy/ws01_plumbing/install/cpp04_param/share/cpp04_param/local_setup.zsh
[3.893s] -- Up-to-date: /home/lhy/ws01_plumbing/install/cpp04_param/share/cpp04_param/local_setup.dsv
[3.893s] -- Installing: /home/lhy/ws01_plumbing/install/cpp04_param/share/cpp04_param/package.dsv
[3.893s] -- Up-to-date: /home/lhy/ws01_plumbing/install/cpp04_param/share/ament_index/resource_index/packages/cpp04_param
[3.893s] -- Up-to-date: /home/lhy/ws01_plumbing/install/cpp04_param/share/cpp04_param/cmake/cpp04_paramConfig.cmake
[3.893s] -- Up-to-date: /home/lhy/ws01_plumbing/install/cpp04_param/share/cpp04_param/cmake/cpp04_paramConfig-version.cmake
[3.894s] -- Up-to-date: /home/lhy/ws01_plumbing/install/cpp04_param/share/cpp04_param/package.xml
[3.896s] Invoked command in '/home/lhy/ws01_plumbing/build/cpp04_param' returned '0': CMAKE_PREFIX_PATH=${CMAKE_PREFIX_PATH}:/home/lhy/ws01_plumbing/install/py04_param:/home/lhy/ws01_plumbing/install/py03_action:/home/lhy/ws01_plumbing/install/py02_service:/home/lhy/ws01_plumbing/install/py01_topic:/opt/ros/humble /usr/bin/cmake --install /home/lhy/ws01_plumbing/build/cpp04_param
