[0.734s] Invoking command in '/home/lhy/ws01_plumbing/src/py04_param': PYTHONPATH=/home/lhy/ws01_plumbing/build/py04_param/prefix_override:/home/lhy/ws01_plumbing/install/py04_param/lib/python3.10/site-packages:${PYTHONPATH} /usr/bin/python3 setup.py egg_info --egg-base ../../build/py04_param build --build-base /home/lhy/ws01_plumbing/build/py04_param/build install --record /home/lhy/ws01_plumbing/build/py04_param/install.log --single-version-externally-managed
[0.961s] running egg_info
[0.962s] writing ../../build/py04_param/py04_param.egg-info/PKG-INFO
[0.962s] writing dependency_links to ../../build/py04_param/py04_param.egg-info/dependency_links.txt
[0.962s] writing entry points to ../../build/py04_param/py04_param.egg-info/entry_points.txt
[0.962s] writing requirements to ../../build/py04_param/py04_param.egg-info/requires.txt
[0.962s] writing top-level names to ../../build/py04_param/py04_param.egg-info/top_level.txt
[0.964s] reading manifest file '../../build/py04_param/py04_param.egg-info/SOURCES.txt'
[0.964s] writing manifest file '../../build/py04_param/py04_param.egg-info/SOURCES.txt'
[0.965s] running build
[0.965s] running build_py
[0.965s] copying py04_param/demo01_param_server_py.py -> /home/lhy/ws01_plumbing/build/py04_param/build/lib/py04_param
[0.965s] running install
[0.965s] /usr/lib/python3/dist-packages/setuptools/command/install.py:34: SetuptoolsDeprecationWarning: setup.py install is deprecated. Use build and pip and other standards-based tools.
[0.966s]   warnings.warn(
[0.966s] running install_lib
[0.967s] copying /home/lhy/ws01_plumbing/build/py04_param/build/lib/py04_param/demo01_param_server_py.py -> /home/lhy/ws01_plumbing/install/py04_param/lib/python3.10/site-packages/py04_param
[0.967s] byte-compiling /home/lhy/ws01_plumbing/install/py04_param/lib/python3.10/site-packages/py04_param/demo01_param_server_py.py to demo01_param_server_py.cpython-310.pyc
[0.968s] running install_data
[0.968s] running install_egg_info
[0.969s] removing '/home/lhy/ws01_plumbing/install/py04_param/lib/python3.10/site-packages/py04_param-0.0.0-py3.10.egg-info' (and everything under it)
[0.970s] Copying ../../build/py04_param/py04_param.egg-info to /home/lhy/ws01_plumbing/install/py04_param/lib/python3.10/site-packages/py04_param-0.0.0-py3.10.egg-info
[0.971s] running install_scripts
[0.990s] Installing demo00_param_py script to /home/lhy/ws01_plumbing/install/py04_param/lib/py04_param
[0.990s] Installing demo01_param_server_py script to /home/lhy/ws01_plumbing/install/py04_param/lib/py04_param
[0.990s] writing list of installed files to '/home/lhy/ws01_plumbing/build/py04_param/install.log'
[1.021s] Invoked command in '/home/lhy/ws01_plumbing/src/py04_param' returned '0': PYTHONPATH=/home/lhy/ws01_plumbing/build/py04_param/prefix_override:/home/lhy/ws01_plumbing/install/py04_param/lib/python3.10/site-packages:${PYTHONPATH} /usr/bin/python3 setup.py egg_info --egg-base ../../build/py04_param build --build-base /home/lhy/ws01_plumbing/build/py04_param/build install --record /home/lhy/ws01_plumbing/build/py04_param/install.log --single-version-externally-managed
